[0.255s] DEBUG:colcon:Command line arguments: ['/usr/bin/colcon', 'build']
[0.255s] DEBUG:colcon:Parsed command line arguments: Namespace(ament_cmake_args=None, base_paths=['.'], build_base='build', catkin_cmake_args=None, catkin_skip_building_tests=False, cmake_args=None, cmake_clean_cache=False, cmake_clean_first=False, cmake_force_configure=False, cmake_target=None, cmake_target_skip_unavailable=False, continue_on_error=False, event_handlers=None, executor='parallel', ignore_user_meta=False, install_base='install', log_base=None, log_level=None, main=<bound method BuildVerb.main of <colcon_core.verb.build.BuildVerb object at 0x7f9d622200a0>>, merge_install=False, metas=['./colcon.meta'], mixin=None, mixin_files=None, mixin_verb=('build',), packages_above=None, packages_above_and_dependencies=None, packages_above_depth=None, packages_end=None, packages_ignore=None, packages_ignore_regex=None, packages_select=None, packages_select_build_failed=False, packages_select_by_dep=None, packages_select_regex=None, packages_select_test_failures=False, packages_skip=None, packages_skip_build_finished=False, packages_skip_by_dep=None, packages_skip_regex=None, packages_skip_test_passed=False, packages_skip_up_to=None, packages_start=None, packages_up_to=None, packages_up_to_regex=None, parallel_workers=20, paths=None, symlink_install=False, test_result_base=None, verb_extension=<colcon_core.verb.build.BuildVerb object at 0x7f9d622200a0>, verb_name='build', verb_parser=<colcon_mixin.mixin.mixin_argument.MixinArgumentDecorator object at 0x7f9d622205e0>)
[0.277s] Level 1:colcon.colcon_core.package_discovery:discover_packages(colcon_meta) check parameters
[0.277s] Level 1:colcon.colcon_core.package_discovery:discover_packages(recursive) check parameters
[0.277s] Level 1:colcon.colcon_core.package_discovery:discover_packages(ignore) check parameters
[0.277s] Level 1:colcon.colcon_core.package_discovery:discover_packages(path) check parameters
[0.277s] Level 1:colcon.colcon_core.package_discovery:discover_packages(colcon_meta) discover
[0.277s] Level 1:colcon.colcon_core.package_discovery:discover_packages(recursive) discover
[0.277s] INFO:colcon.colcon_core.package_discovery:Crawling recursively for packages in '/home/anthonykpinson/microros_ws'
[0.277s] Level 1:colcon.colcon_core.package_identification:_identify(.) by extensions ['ignore', 'ignore_ament_install']
[0.277s] Level 1:colcon.colcon_core.package_identification:_identify(.) by extension 'ignore'
[0.277s] Level 1:colcon.colcon_core.package_identification:_identify(.) by extension 'ignore_ament_install'
[0.277s] Level 1:colcon.colcon_core.package_identification:_identify(.) by extensions ['colcon_pkg']
[0.277s] Level 1:colcon.colcon_core.package_identification:_identify(.) by extension 'colcon_pkg'
[0.277s] Level 1:colcon.colcon_core.package_identification:_identify(.) by extensions ['colcon_meta']
[0.277s] Level 1:colcon.colcon_core.package_identification:_identify(.) by extension 'colcon_meta'
[0.277s] Level 1:colcon.colcon_core.package_identification:_identify(.) by extensions ['ros']
[0.278s] Level 1:colcon.colcon_core.package_identification:_identify(.) by extension 'ros'
[0.291s] Level 1:colcon.colcon_core.package_identification:_identify(.) by extensions ['cmake', 'python']
[0.291s] Level 1:colcon.colcon_core.package_identification:_identify(.) by extension 'cmake'
[0.291s] Level 1:colcon.colcon_core.package_identification:_identify(.) by extension 'python'
[0.292s] Level 1:colcon.colcon_core.package_identification:_identify(.) by extensions ['python_setup_py']
[0.292s] Level 1:colcon.colcon_core.package_identification:_identify(.) by extension 'python_setup_py'
[0.292s] Level 1:colcon.colcon_core.package_identification:_identify(build) by extensions ['ignore', 'ignore_ament_install']
[0.292s] Level 1:colcon.colcon_core.package_identification:_identify(build) by extension 'ignore'
[0.292s] Level 1:colcon.colcon_core.package_identification:_identify(build) ignored
[0.292s] Level 1:colcon.colcon_core.package_identification:_identify(install) by extensions ['ignore', 'ignore_ament_install']
[0.292s] Level 1:colcon.colcon_core.package_identification:_identify(install) by extension 'ignore'
[0.292s] Level 1:colcon.colcon_core.package_identification:_identify(install) ignored
[0.292s] Level 1:colcon.colcon_core.package_identification:_identify(log) by extensions ['ignore', 'ignore_ament_install']
[0.292s] Level 1:colcon.colcon_core.package_identification:_identify(log) by extension 'ignore'
[0.292s] Level 1:colcon.colcon_core.package_identification:_identify(log) ignored
[0.292s] Level 1:colcon.colcon_core.package_identification:_identify(src) by extensions ['ignore', 'ignore_ament_install']
[0.292s] Level 1:colcon.colcon_core.package_identification:_identify(src) by extension 'ignore'
[0.292s] Level 1:colcon.colcon_core.package_identification:_identify(src) by extension 'ignore_ament_install'
[0.292s] Level 1:colcon.colcon_core.package_identification:_identify(src) by extensions ['colcon_pkg']
[0.292s] Level 1:colcon.colcon_core.package_identification:_identify(src) by extension 'colcon_pkg'
[0.292s] Level 1:colcon.colcon_core.package_identification:_identify(src) by extensions ['colcon_meta']
[0.292s] Level 1:colcon.colcon_core.package_identification:_identify(src) by extension 'colcon_meta'
[0.292s] Level 1:colcon.colcon_core.package_identification:_identify(src) by extensions ['ros']
[0.292s] Level 1:colcon.colcon_core.package_identification:_identify(src) by extension 'ros'
[0.292s] Level 1:colcon.colcon_core.package_identification:_identify(src) by extensions ['cmake', 'python']
[0.292s] Level 1:colcon.colcon_core.package_identification:_identify(src) by extension 'cmake'
[0.292s] Level 1:colcon.colcon_core.package_identification:_identify(src) by extension 'python'
[0.292s] Level 1:colcon.colcon_core.package_identification:_identify(src) by extensions ['python_setup_py']
[0.293s] Level 1:colcon.colcon_core.package_identification:_identify(src) by extension 'python_setup_py'
[0.293s] Level 1:colcon.colcon_core.package_identification:_identify(src/micro_ros_setup) by extensions ['ignore', 'ignore_ament_install']
[0.293s] Level 1:colcon.colcon_core.package_identification:_identify(src/micro_ros_setup) by extension 'ignore'
[0.293s] Level 1:colcon.colcon_core.package_identification:_identify(src/micro_ros_setup) by extension 'ignore_ament_install'
[0.293s] Level 1:colcon.colcon_core.package_identification:_identify(src/micro_ros_setup) by extensions ['colcon_pkg']
[0.293s] Level 1:colcon.colcon_core.package_identification:_identify(src/micro_ros_setup) by extension 'colcon_pkg'
[0.293s] Level 1:colcon.colcon_core.package_identification:_identify(src/micro_ros_setup) by extensions ['colcon_meta']
[0.293s] Level 1:colcon.colcon_core.package_identification:_identify(src/micro_ros_setup) by extension 'colcon_meta'
[0.293s] Level 1:colcon.colcon_core.package_identification:_identify(src/micro_ros_setup) by extensions ['ros']
[0.293s] Level 1:colcon.colcon_core.package_identification:_identify(src/micro_ros_setup) by extension 'ros'
[0.295s] DEBUG:colcon.colcon_core.package_identification:Package 'src/micro_ros_setup' with type 'ros.ament_cmake' and name 'micro_ros_setup'
[0.295s] Level 1:colcon.colcon_core.package_identification:_identify(src/uros) by extensions ['ignore', 'ignore_ament_install']
[0.296s] Level 1:colcon.colcon_core.package_identification:_identify(src/uros) by extension 'ignore'
[0.296s] Level 1:colcon.colcon_core.package_identification:_identify(src/uros) by extension 'ignore_ament_install'
[0.296s] Level 1:colcon.colcon_core.package_identification:_identify(src/uros) by extensions ['colcon_pkg']
[0.296s] Level 1:colcon.colcon_core.package_identification:_identify(src/uros) by extension 'colcon_pkg'
[0.296s] Level 1:colcon.colcon_core.package_identification:_identify(src/uros) by extensions ['colcon_meta']
[0.296s] Level 1:colcon.colcon_core.package_identification:_identify(src/uros) by extension 'colcon_meta'
[0.296s] Level 1:colcon.colcon_core.package_identification:_identify(src/uros) by extensions ['ros']
[0.296s] Level 1:colcon.colcon_core.package_identification:_identify(src/uros) by extension 'ros'
[0.296s] Level 1:colcon.colcon_core.package_identification:_identify(src/uros) by extensions ['cmake', 'python']
[0.296s] Level 1:colcon.colcon_core.package_identification:_identify(src/uros) by extension 'cmake'
[0.296s] Level 1:colcon.colcon_core.package_identification:_identify(src/uros) by extension 'python'
[0.296s] Level 1:colcon.colcon_core.package_identification:_identify(src/uros) by extensions ['python_setup_py']
[0.296s] Level 1:colcon.colcon_core.package_identification:_identify(src/uros) by extension 'python_setup_py'
[0.296s] Level 1:colcon.colcon_core.package_identification:_identify(src/uros/drive_base) by extensions ['ignore', 'ignore_ament_install']
[0.296s] Level 1:colcon.colcon_core.package_identification:_identify(src/uros/drive_base) by extension 'ignore'
[0.296s] Level 1:colcon.colcon_core.package_identification:_identify(src/uros/drive_base) by extension 'ignore_ament_install'
[0.296s] Level 1:colcon.colcon_core.package_identification:_identify(src/uros/drive_base) by extensions ['colcon_pkg']
[0.296s] Level 1:colcon.colcon_core.package_identification:_identify(src/uros/drive_base) by extension 'colcon_pkg'
[0.296s] Level 1:colcon.colcon_core.package_identification:_identify(src/uros/drive_base) by extensions ['colcon_meta']
[0.296s] Level 1:colcon.colcon_core.package_identification:_identify(src/uros/drive_base) by extension 'colcon_meta'
[0.296s] Level 1:colcon.colcon_core.package_identification:_identify(src/uros/drive_base) by extensions ['ros']
[0.296s] Level 1:colcon.colcon_core.package_identification:_identify(src/uros/drive_base) by extension 'ros'
[0.296s] Level 1:colcon.colcon_core.package_identification:_identify(src/uros/drive_base) by extensions ['cmake', 'python']
[0.296s] Level 1:colcon.colcon_core.package_identification:_identify(src/uros/drive_base) by extension 'cmake'
[0.296s] Level 1:colcon.colcon_core.package_identification:_identify(src/uros/drive_base) by extension 'python'
[0.296s] Level 1:colcon.colcon_core.package_identification:_identify(src/uros/drive_base) by extensions ['python_setup_py']
[0.296s] Level 1:colcon.colcon_core.package_identification:_identify(src/uros/drive_base) by extension 'python_setup_py'
[0.296s] Level 1:colcon.colcon_core.package_identification:_identify(src/uros/drive_base/drive_base_msgs) by extensions ['ignore', 'ignore_ament_install']
[0.297s] Level 1:colcon.colcon_core.package_identification:_identify(src/uros/drive_base/drive_base_msgs) by extension 'ignore'
[0.297s] Level 1:colcon.colcon_core.package_identification:_identify(src/uros/drive_base/drive_base_msgs) by extension 'ignore_ament_install'
[0.297s] Level 1:colcon.colcon_core.package_identification:_identify(src/uros/drive_base/drive_base_msgs) by extensions ['colcon_pkg']
[0.297s] Level 1:colcon.colcon_core.package_identification:_identify(src/uros/drive_base/drive_base_msgs) by extension 'colcon_pkg'
[0.297s] Level 1:colcon.colcon_core.package_identification:_identify(src/uros/drive_base/drive_base_msgs) by extensions ['colcon_meta']
[0.297s] Level 1:colcon.colcon_core.package_identification:_identify(src/uros/drive_base/drive_base_msgs) by extension 'colcon_meta'
[0.297s] Level 1:colcon.colcon_core.package_identification:_identify(src/uros/drive_base/drive_base_msgs) by extensions ['ros']
[0.297s] Level 1:colcon.colcon_core.package_identification:_identify(src/uros/drive_base/drive_base_msgs) by extension 'ros'
[0.297s] DEBUG:colcon.colcon_core.package_identification:Package 'src/uros/drive_base/drive_base_msgs' with type 'ros.ament_cmake' and name 'drive_base_msgs'
[0.297s] Level 1:colcon.colcon_core.package_identification:_identify(src/uros/micro-ROS-Agent) by extensions ['ignore', 'ignore_ament_install']
[0.297s] Level 1:colcon.colcon_core.package_identification:_identify(src/uros/micro-ROS-Agent) by extension 'ignore'
[0.297s] Level 1:colcon.colcon_core.package_identification:_identify(src/uros/micro-ROS-Agent) by extension 'ignore_ament_install'
[0.297s] Level 1:colcon.colcon_core.package_identification:_identify(src/uros/micro-ROS-Agent) by extensions ['colcon_pkg']
[0.297s] Level 1:colcon.colcon_core.package_identification:_identify(src/uros/micro-ROS-Agent) by extension 'colcon_pkg'
[0.297s] Level 1:colcon.colcon_core.package_identification:_identify(src/uros/micro-ROS-Agent) by extensions ['colcon_meta']
[0.298s] Level 1:colcon.colcon_core.package_identification:_identify(src/uros/micro-ROS-Agent) by extension 'colcon_meta'
[0.298s] Level 1:colcon.colcon_core.package_identification:_identify(src/uros/micro-ROS-Agent) by extensions ['ros']
[0.298s] Level 1:colcon.colcon_core.package_identification:_identify(src/uros/micro-ROS-Agent) by extension 'ros'
[0.298s] Level 1:colcon.colcon_core.package_identification:_identify(src/uros/micro-ROS-Agent) by extensions ['cmake', 'python']
[0.298s] Level 1:colcon.colcon_core.package_identification:_identify(src/uros/micro-ROS-Agent) by extension 'cmake'
[0.298s] Level 1:colcon.colcon_core.package_identification:_identify(src/uros/micro-ROS-Agent) by extension 'python'
[0.298s] Level 1:colcon.colcon_core.package_identification:_identify(src/uros/micro-ROS-Agent) by extensions ['python_setup_py']
[0.298s] Level 1:colcon.colcon_core.package_identification:_identify(src/uros/micro-ROS-Agent) by extension 'python_setup_py'
[0.298s] Level 1:colcon.colcon_core.package_identification:_identify(src/uros/micro-ROS-Agent/micro_ros_agent) by extensions ['ignore', 'ignore_ament_install']
[0.298s] Level 1:colcon.colcon_core.package_identification:_identify(src/uros/micro-ROS-Agent/micro_ros_agent) by extension 'ignore'
[0.298s] Level 1:colcon.colcon_core.package_identification:_identify(src/uros/micro-ROS-Agent/micro_ros_agent) by extension 'ignore_ament_install'
[0.298s] Level 1:colcon.colcon_core.package_identification:_identify(src/uros/micro-ROS-Agent/micro_ros_agent) by extensions ['colcon_pkg']
[0.298s] Level 1:colcon.colcon_core.package_identification:_identify(src/uros/micro-ROS-Agent/micro_ros_agent) by extension 'colcon_pkg'
[0.298s] Level 1:colcon.colcon_core.package_identification:_identify(src/uros/micro-ROS-Agent/micro_ros_agent) by extensions ['colcon_meta']
[0.298s] Level 1:colcon.colcon_core.package_identification:_identify(src/uros/micro-ROS-Agent/micro_ros_agent) by extension 'colcon_meta'
[0.298s] Level 1:colcon.colcon_core.package_identification:_identify(src/uros/micro-ROS-Agent/micro_ros_agent) by extensions ['ros']
[0.298s] Level 1:colcon.colcon_core.package_identification:_identify(src/uros/micro-ROS-Agent/micro_ros_agent) by extension 'ros'
[0.299s] DEBUG:colcon.colcon_core.package_identification:Package 'src/uros/micro-ROS-Agent/micro_ros_agent' with type 'ros.ament_cmake' and name 'micro_ros_agent'
[0.299s] Level 1:colcon.colcon_core.package_identification:_identify(src/uros/micro-ROS-Agent/snap) by extensions ['ignore', 'ignore_ament_install']
[0.299s] Level 1:colcon.colcon_core.package_identification:_identify(src/uros/micro-ROS-Agent/snap) by extension 'ignore'
[0.299s] Level 1:colcon.colcon_core.package_identification:_identify(src/uros/micro-ROS-Agent/snap) by extension 'ignore_ament_install'
[0.299s] Level 1:colcon.colcon_core.package_identification:_identify(src/uros/micro-ROS-Agent/snap) by extensions ['colcon_pkg']
[0.299s] Level 1:colcon.colcon_core.package_identification:_identify(src/uros/micro-ROS-Agent/snap) by extension 'colcon_pkg'
[0.299s] Level 1:colcon.colcon_core.package_identification:_identify(src/uros/micro-ROS-Agent/snap) by extensions ['colcon_meta']
[0.299s] Level 1:colcon.colcon_core.package_identification:_identify(src/uros/micro-ROS-Agent/snap) by extension 'colcon_meta'
[0.299s] Level 1:colcon.colcon_core.package_identification:_identify(src/uros/micro-ROS-Agent/snap) by extensions ['ros']
[0.299s] Level 1:colcon.colcon_core.package_identification:_identify(src/uros/micro-ROS-Agent/snap) by extension 'ros'
[0.299s] Level 1:colcon.colcon_core.package_identification:_identify(src/uros/micro-ROS-Agent/snap) by extensions ['cmake', 'python']
[0.299s] Level 1:colcon.colcon_core.package_identification:_identify(src/uros/micro-ROS-Agent/snap) by extension 'cmake'
[0.299s] Level 1:colcon.colcon_core.package_identification:_identify(src/uros/micro-ROS-Agent/snap) by extension 'python'
[0.299s] Level 1:colcon.colcon_core.package_identification:_identify(src/uros/micro-ROS-Agent/snap) by extensions ['python_setup_py']
[0.299s] Level 1:colcon.colcon_core.package_identification:_identify(src/uros/micro-ROS-Agent/snap) by extension 'python_setup_py'
[0.299s] Level 1:colcon.colcon_core.package_identification:_identify(src/uros/micro-ROS-Agent/snap/hooks) by extensions ['ignore', 'ignore_ament_install']
[0.299s] Level 1:colcon.colcon_core.package_identification:_identify(src/uros/micro-ROS-Agent/snap/hooks) by extension 'ignore'
[0.299s] Level 1:colcon.colcon_core.package_identification:_identify(src/uros/micro-ROS-Agent/snap/hooks) by extension 'ignore_ament_install'
[0.299s] Level 1:colcon.colcon_core.package_identification:_identify(src/uros/micro-ROS-Agent/snap/hooks) by extensions ['colcon_pkg']
[0.300s] Level 1:colcon.colcon_core.package_identification:_identify(src/uros/micro-ROS-Agent/snap/hooks) by extension 'colcon_pkg'
[0.300s] Level 1:colcon.colcon_core.package_identification:_identify(src/uros/micro-ROS-Agent/snap/hooks) by extensions ['colcon_meta']
[0.300s] Level 1:colcon.colcon_core.package_identification:_identify(src/uros/micro-ROS-Agent/snap/hooks) by extension 'colcon_meta'
[0.300s] Level 1:colcon.colcon_core.package_identification:_identify(src/uros/micro-ROS-Agent/snap/hooks) by extensions ['ros']
[0.300s] Level 1:colcon.colcon_core.package_identification:_identify(src/uros/micro-ROS-Agent/snap/hooks) by extension 'ros'
[0.300s] Level 1:colcon.colcon_core.package_identification:_identify(src/uros/micro-ROS-Agent/snap/hooks) by extensions ['cmake', 'python']
[0.300s] Level 1:colcon.colcon_core.package_identification:_identify(src/uros/micro-ROS-Agent/snap/hooks) by extension 'cmake'
[0.300s] Level 1:colcon.colcon_core.package_identification:_identify(src/uros/micro-ROS-Agent/snap/hooks) by extension 'python'
[0.300s] Level 1:colcon.colcon_core.package_identification:_identify(src/uros/micro-ROS-Agent/snap/hooks) by extensions ['python_setup_py']
[0.300s] Level 1:colcon.colcon_core.package_identification:_identify(src/uros/micro-ROS-Agent/snap/hooks) by extension 'python_setup_py'
[0.300s] Level 1:colcon.colcon_core.package_identification:_identify(src/uros/micro-ROS-Agent/snap/local) by extensions ['ignore', 'ignore_ament_install']
[0.300s] Level 1:colcon.colcon_core.package_identification:_identify(src/uros/micro-ROS-Agent/snap/local) by extension 'ignore'
[0.300s] Level 1:colcon.colcon_core.package_identification:_identify(src/uros/micro-ROS-Agent/snap/local) by extension 'ignore_ament_install'
[0.300s] Level 1:colcon.colcon_core.package_identification:_identify(src/uros/micro-ROS-Agent/snap/local) by extensions ['colcon_pkg']
[0.300s] Level 1:colcon.colcon_core.package_identification:_identify(src/uros/micro-ROS-Agent/snap/local) by extension 'colcon_pkg'
[0.300s] Level 1:colcon.colcon_core.package_identification:_identify(src/uros/micro-ROS-Agent/snap/local) by extensions ['colcon_meta']
[0.300s] Level 1:colcon.colcon_core.package_identification:_identify(src/uros/micro-ROS-Agent/snap/local) by extension 'colcon_meta'
[0.300s] Level 1:colcon.colcon_core.package_identification:_identify(src/uros/micro-ROS-Agent/snap/local) by extensions ['ros']
[0.300s] Level 1:colcon.colcon_core.package_identification:_identify(src/uros/micro-ROS-Agent/snap/local) by extension 'ros'
[0.300s] Level 1:colcon.colcon_core.package_identification:_identify(src/uros/micro-ROS-Agent/snap/local) by extensions ['cmake', 'python']
[0.300s] Level 1:colcon.colcon_core.package_identification:_identify(src/uros/micro-ROS-Agent/snap/local) by extension 'cmake'
[0.300s] Level 1:colcon.colcon_core.package_identification:_identify(src/uros/micro-ROS-Agent/snap/local) by extension 'python'
[0.300s] Level 1:colcon.colcon_core.package_identification:_identify(src/uros/micro-ROS-Agent/snap/local) by extensions ['python_setup_py']
[0.300s] Level 1:colcon.colcon_core.package_identification:_identify(src/uros/micro-ROS-Agent/snap/local) by extension 'python_setup_py'
[0.300s] Level 1:colcon.colcon_core.package_identification:_identify(src/uros/micro_ros_msgs) by extensions ['ignore', 'ignore_ament_install']
[0.300s] Level 1:colcon.colcon_core.package_identification:_identify(src/uros/micro_ros_msgs) by extension 'ignore'
[0.300s] Level 1:colcon.colcon_core.package_identification:_identify(src/uros/micro_ros_msgs) by extension 'ignore_ament_install'
[0.300s] Level 1:colcon.colcon_core.package_identification:_identify(src/uros/micro_ros_msgs) by extensions ['colcon_pkg']
[0.300s] Level 1:colcon.colcon_core.package_identification:_identify(src/uros/micro_ros_msgs) by extension 'colcon_pkg'
[0.300s] Level 1:colcon.colcon_core.package_identification:_identify(src/uros/micro_ros_msgs) by extensions ['colcon_meta']
[0.300s] Level 1:colcon.colcon_core.package_identification:_identify(src/uros/micro_ros_msgs) by extension 'colcon_meta'
[0.301s] Level 1:colcon.colcon_core.package_identification:_identify(src/uros/micro_ros_msgs) by extensions ['ros']
[0.301s] Level 1:colcon.colcon_core.package_identification:_identify(src/uros/micro_ros_msgs) by extension 'ros'
[0.301s] DEBUG:colcon.colcon_core.package_identification:Package 'src/uros/micro_ros_msgs' with type 'ros.ament_cmake' and name 'micro_ros_msgs'
[0.301s] Level 1:colcon.colcon_core.package_discovery:discover_packages(recursive) using defaults
[0.301s] Level 1:colcon.colcon_core.package_discovery:discover_packages(ignore) discover
[0.301s] Level 1:colcon.colcon_core.package_discovery:discover_packages(ignore) using defaults
[0.301s] Level 1:colcon.colcon_core.package_discovery:discover_packages(path) discover
[0.301s] Level 1:colcon.colcon_core.package_discovery:discover_packages(path) using defaults
[0.316s] Level 5:colcon.colcon_core.verb:set package 'drive_base_msgs' build argument 'cmake_args' from command line to 'None'
[0.316s] Level 5:colcon.colcon_core.verb:set package 'drive_base_msgs' build argument 'cmake_target' from command line to 'None'
[0.316s] Level 5:colcon.colcon_core.verb:set package 'drive_base_msgs' build argument 'cmake_target_skip_unavailable' from command line to 'False'
[0.316s] Level 5:colcon.colcon_core.verb:set package 'drive_base_msgs' build argument 'cmake_clean_cache' from command line to 'False'
[0.316s] Level 5:colcon.colcon_core.verb:set package 'drive_base_msgs' build argument 'cmake_clean_first' from command line to 'False'
[0.316s] Level 5:colcon.colcon_core.verb:set package 'drive_base_msgs' build argument 'cmake_force_configure' from command line to 'False'
[0.316s] Level 5:colcon.colcon_core.verb:set package 'drive_base_msgs' build argument 'ament_cmake_args' from command line to 'None'
[0.316s] Level 5:colcon.colcon_core.verb:set package 'drive_base_msgs' build argument 'catkin_cmake_args' from command line to 'None'
[0.316s] Level 5:colcon.colcon_core.verb:set package 'drive_base_msgs' build argument 'catkin_skip_building_tests' from command line to 'False'
[0.316s] DEBUG:colcon.colcon_core.verb:Building package 'drive_base_msgs' with the following arguments: {'ament_cmake_args': None, 'build_base': '/home/anthonykpinson/microros_ws/build/drive_base_msgs', 'catkin_cmake_args': None, 'catkin_skip_building_tests': False, 'cmake_args': None, 'cmake_clean_cache': False, 'cmake_clean_first': False, 'cmake_force_configure': False, 'cmake_target': None, 'cmake_target_skip_unavailable': False, 'install_base': '/home/anthonykpinson/microros_ws/install/drive_base_msgs', 'merge_install': False, 'path': '/home/anthonykpinson/microros_ws/src/uros/drive_base/drive_base_msgs', 'symlink_install': False, 'test_result_base': None}
[0.317s] Level 5:colcon.colcon_core.verb:set package 'micro_ros_msgs' build argument 'cmake_args' from command line to 'None'
[0.317s] Level 5:colcon.colcon_core.verb:set package 'micro_ros_msgs' build argument 'cmake_target' from command line to 'None'
[0.317s] Level 5:colcon.colcon_core.verb:set package 'micro_ros_msgs' build argument 'cmake_target_skip_unavailable' from command line to 'False'
[0.317s] Level 5:colcon.colcon_core.verb:set package 'micro_ros_msgs' build argument 'cmake_clean_cache' from command line to 'False'
[0.317s] Level 5:colcon.colcon_core.verb:set package 'micro_ros_msgs' build argument 'cmake_clean_first' from command line to 'False'
[0.317s] Level 5:colcon.colcon_core.verb:set package 'micro_ros_msgs' build argument 'cmake_force_configure' from command line to 'False'
[0.317s] Level 5:colcon.colcon_core.verb:set package 'micro_ros_msgs' build argument 'ament_cmake_args' from command line to 'None'
[0.317s] Level 5:colcon.colcon_core.verb:set package 'micro_ros_msgs' build argument 'catkin_cmake_args' from command line to 'None'
[0.317s] Level 5:colcon.colcon_core.verb:set package 'micro_ros_msgs' build argument 'catkin_skip_building_tests' from command line to 'False'
[0.317s] DEBUG:colcon.colcon_core.verb:Building package 'micro_ros_msgs' with the following arguments: {'ament_cmake_args': None, 'build_base': '/home/anthonykpinson/microros_ws/build/micro_ros_msgs', 'catkin_cmake_args': None, 'catkin_skip_building_tests': False, 'cmake_args': None, 'cmake_clean_cache': False, 'cmake_clean_first': False, 'cmake_force_configure': False, 'cmake_target': None, 'cmake_target_skip_unavailable': False, 'install_base': '/home/anthonykpinson/microros_ws/install/micro_ros_msgs', 'merge_install': False, 'path': '/home/anthonykpinson/microros_ws/src/uros/micro_ros_msgs', 'symlink_install': False, 'test_result_base': None}
[0.318s] Level 5:colcon.colcon_core.verb:set package 'micro_ros_setup' build argument 'cmake_args' from command line to 'None'
[0.318s] Level 5:colcon.colcon_core.verb:set package 'micro_ros_setup' build argument 'cmake_target' from command line to 'None'
[0.318s] Level 5:colcon.colcon_core.verb:set package 'micro_ros_setup' build argument 'cmake_target_skip_unavailable' from command line to 'False'
[0.318s] Level 5:colcon.colcon_core.verb:set package 'micro_ros_setup' build argument 'cmake_clean_cache' from command line to 'False'
[0.318s] Level 5:colcon.colcon_core.verb:set package 'micro_ros_setup' build argument 'cmake_clean_first' from command line to 'False'
[0.318s] Level 5:colcon.colcon_core.verb:set package 'micro_ros_setup' build argument 'cmake_force_configure' from command line to 'False'
[0.318s] Level 5:colcon.colcon_core.verb:set package 'micro_ros_setup' build argument 'ament_cmake_args' from command line to 'None'
[0.318s] Level 5:colcon.colcon_core.verb:set package 'micro_ros_setup' build argument 'catkin_cmake_args' from command line to 'None'
[0.318s] Level 5:colcon.colcon_core.verb:set package 'micro_ros_setup' build argument 'catkin_skip_building_tests' from command line to 'False'
[0.318s] DEBUG:colcon.colcon_core.verb:Building package 'micro_ros_setup' with the following arguments: {'ament_cmake_args': None, 'build_base': '/home/anthonykpinson/microros_ws/build/micro_ros_setup', 'catkin_cmake_args': None, 'catkin_skip_building_tests': False, 'cmake_args': None, 'cmake_clean_cache': False, 'cmake_clean_first': False, 'cmake_force_configure': False, 'cmake_target': None, 'cmake_target_skip_unavailable': False, 'install_base': '/home/anthonykpinson/microros_ws/install/micro_ros_setup', 'merge_install': False, 'path': '/home/anthonykpinson/microros_ws/src/micro_ros_setup', 'symlink_install': False, 'test_result_base': None}
[0.319s] Level 5:colcon.colcon_core.verb:set package 'micro_ros_agent' build argument 'cmake_args' from command line to 'None'
[0.319s] Level 5:colcon.colcon_core.verb:set package 'micro_ros_agent' build argument 'cmake_target' from command line to 'None'
[0.319s] Level 5:colcon.colcon_core.verb:set package 'micro_ros_agent' build argument 'cmake_target_skip_unavailable' from command line to 'False'
[0.319s] Level 5:colcon.colcon_core.verb:set package 'micro_ros_agent' build argument 'cmake_clean_cache' from command line to 'False'
[0.319s] Level 5:colcon.colcon_core.verb:set package 'micro_ros_agent' build argument 'cmake_clean_first' from command line to 'False'
[0.319s] Level 5:colcon.colcon_core.verb:set package 'micro_ros_agent' build argument 'cmake_force_configure' from command line to 'False'
[0.319s] Level 5:colcon.colcon_core.verb:set package 'micro_ros_agent' build argument 'ament_cmake_args' from command line to 'None'
[0.319s] Level 5:colcon.colcon_core.verb:set package 'micro_ros_agent' build argument 'catkin_cmake_args' from command line to 'None'
[0.319s] Level 5:colcon.colcon_core.verb:set package 'micro_ros_agent' build argument 'catkin_skip_building_tests' from command line to 'False'
[0.319s] DEBUG:colcon.colcon_core.verb:Building package 'micro_ros_agent' with the following arguments: {'ament_cmake_args': None, 'build_base': '/home/anthonykpinson/microros_ws/build/micro_ros_agent', 'catkin_cmake_args': None, 'catkin_skip_building_tests': False, 'cmake_args': None, 'cmake_clean_cache': False, 'cmake_clean_first': False, 'cmake_force_configure': False, 'cmake_target': None, 'cmake_target_skip_unavailable': False, 'install_base': '/home/anthonykpinson/microros_ws/install/micro_ros_agent', 'merge_install': False, 'path': '/home/anthonykpinson/microros_ws/src/uros/micro-ROS-Agent/micro_ros_agent', 'symlink_install': False, 'test_result_base': None}
[0.320s] INFO:colcon.colcon_core.executor:Executing jobs using 'parallel' executor
[0.322s] DEBUG:colcon.colcon_parallel_executor.executor.parallel:run_until_complete
[0.322s] INFO:colcon.colcon_ros.task.ament_cmake.build:Building ROS package in '/home/anthonykpinson/microros_ws/src/uros/micro_ros_msgs' with build type 'ament_cmake'
[0.322s] INFO:colcon.colcon_cmake.task.cmake.build:Building CMake package in '/home/anthonykpinson/microros_ws/src/uros/micro_ros_msgs'
[0.326s] INFO:colcon.colcon_core.plugin_system:Skipping extension 'colcon_core.shell.bat': Not used on non-Windows systems
[0.326s] INFO:colcon.colcon_core.shell:Skip shell extension 'powershell' for command environment: Not usable outside of PowerShell
[0.326s] DEBUG:colcon.colcon_core.shell:Skip shell extension 'dsv' for command environment
[0.332s] INFO:colcon.colcon_ros.task.ament_cmake.build:Building ROS package in '/home/anthonykpinson/microros_ws/src/uros/drive_base/drive_base_msgs' with build type 'ament_cmake'
[0.332s] INFO:colcon.colcon_cmake.task.cmake.build:Building CMake package in '/home/anthonykpinson/microros_ws/src/uros/drive_base/drive_base_msgs'
[0.333s] INFO:colcon.colcon_core.shell:Skip shell extension 'powershell' for command environment: Not usable outside of PowerShell
[0.333s] DEBUG:colcon.colcon_core.shell:Skip shell extension 'dsv' for command environment
[0.336s] INFO:colcon.colcon_ros.task.ament_cmake.build:Building ROS package in '/home/anthonykpinson/microros_ws/src/micro_ros_setup' with build type 'ament_cmake'
[0.336s] INFO:colcon.colcon_cmake.task.cmake.build:Building CMake package in '/home/anthonykpinson/microros_ws/src/micro_ros_setup'
[0.337s] INFO:colcon.colcon_core.shell:Skip shell extension 'powershell' for command environment: Not usable outside of PowerShell
[0.338s] DEBUG:colcon.colcon_core.shell:Skip shell extension 'dsv' for command environment
[0.344s] DEBUG:colcon.colcon_core.event_handler.log_command:Invoking command in '/home/anthonykpinson/microros_ws/build/micro_ros_msgs': CMAKE_PREFIX_PATH=/opt/ros/foxy /usr/bin/cmake /home/anthonykpinson/microros_ws/src/uros/micro_ros_msgs -DCMAKE_INSTALL_PREFIX=/home/anthonykpinson/microros_ws/install/micro_ros_msgs
[0.350s] DEBUG:colcon.colcon_core.event_handler.log_command:Invoking command in '/home/anthonykpinson/microros_ws/build/drive_base_msgs': CMAKE_PREFIX_PATH=/opt/ros/foxy /usr/bin/cmake --build /home/anthonykpinson/microros_ws/build/drive_base_msgs -- -j20 -l20
[0.355s] DEBUG:colcon.colcon_core.event_handler.log_command:Invoking command in '/home/anthonykpinson/microros_ws/build/micro_ros_setup': CMAKE_PREFIX_PATH=/opt/ros/foxy /usr/bin/cmake --build /home/anthonykpinson/microros_ws/build/micro_ros_setup -- -j20 -l20
[0.383s] DEBUG:colcon.colcon_core.event_handler.log_command:Invoked command in '/home/anthonykpinson/microros_ws/build/micro_ros_setup' returned '0': CMAKE_PREFIX_PATH=/opt/ros/foxy /usr/bin/cmake --build /home/anthonykpinson/microros_ws/build/micro_ros_setup -- -j20 -l20
[0.406s] DEBUG:colcon.colcon_core.event_handler.log_command:Invoking command in '/home/anthonykpinson/microros_ws/build/micro_ros_setup': CMAKE_PREFIX_PATH=/opt/ros/foxy /usr/bin/cmake --install /home/anthonykpinson/microros_ws/build/micro_ros_setup
[0.418s] Level 1:colcon.colcon_core.environment:create_environment_scripts_only(micro_ros_setup)
[0.436s] DEBUG:colcon.colcon_core.event_handler.log_command:Invoked command in '/home/anthonykpinson/microros_ws/build/micro_ros_setup' returned '0': CMAKE_PREFIX_PATH=/opt/ros/foxy /usr/bin/cmake --install /home/anthonykpinson/microros_ws/build/micro_ros_setup
[0.440s] Level 1:colcon.colcon_core.environment:checking '/home/anthonykpinson/microros_ws/install/micro_ros_setup' for CMake module files
[0.441s] Level 1:colcon.colcon_core.environment:checking '/home/anthonykpinson/microros_ws/install/micro_ros_setup' for CMake config files
[0.442s] Level 1:colcon.colcon_core.shell:create_environment_hook('micro_ros_setup', 'cmake_prefix_path')
[0.443s] INFO:colcon.colcon_core.shell:Creating environment hook '/home/anthonykpinson/microros_ws/install/micro_ros_setup/share/micro_ros_setup/hook/cmake_prefix_path.ps1'
[0.444s] INFO:colcon.colcon_core.shell:Creating environment descriptor '/home/anthonykpinson/microros_ws/install/micro_ros_setup/share/micro_ros_setup/hook/cmake_prefix_path.dsv'
[0.444s] INFO:colcon.colcon_core.shell:Creating environment hook '/home/anthonykpinson/microros_ws/install/micro_ros_setup/share/micro_ros_setup/hook/cmake_prefix_path.sh'
[0.445s] Level 1:colcon.colcon_core.environment:checking '/home/anthonykpinson/microros_ws/install/micro_ros_setup/lib'
[0.445s] Level 1:colcon.colcon_core.environment:checking '/home/anthonykpinson/microros_ws/install/micro_ros_setup/bin'
[0.445s] Level 1:colcon.colcon_core.environment:checking '/home/anthonykpinson/microros_ws/install/micro_ros_setup/lib/pkgconfig/micro_ros_setup.pc'
[0.446s] Level 1:colcon.colcon_core.environment:checking '/home/anthonykpinson/microros_ws/install/micro_ros_setup/lib/python3.8/site-packages'
[0.446s] Level 1:colcon.colcon_core.environment:checking '/home/anthonykpinson/microros_ws/install/micro_ros_setup/bin'
[0.447s] INFO:colcon.colcon_core.shell:Creating package script '/home/anthonykpinson/microros_ws/install/micro_ros_setup/share/micro_ros_setup/package.ps1'
[0.448s] INFO:colcon.colcon_core.shell:Creating package descriptor '/home/anthonykpinson/microros_ws/install/micro_ros_setup/share/micro_ros_setup/package.dsv'
[0.448s] INFO:colcon.colcon_core.shell:Creating package script '/home/anthonykpinson/microros_ws/install/micro_ros_setup/share/micro_ros_setup/package.sh'
[0.449s] INFO:colcon.colcon_core.shell:Creating package script '/home/anthonykpinson/microros_ws/install/micro_ros_setup/share/micro_ros_setup/package.bash'
[0.449s] INFO:colcon.colcon_core.shell:Creating package script '/home/anthonykpinson/microros_ws/install/micro_ros_setup/share/micro_ros_setup/package.zsh'
[0.450s] Level 1:colcon.colcon_core.environment:create_file_with_runtime_dependencies(/home/anthonykpinson/microros_ws/install/micro_ros_setup/share/colcon-core/packages/micro_ros_setup)
[0.466s] Level 1:colcon.colcon_core.environment:create_environment_scripts_only(micro_ros_setup)
[0.468s] Level 1:colcon.colcon_core.environment:checking '/home/anthonykpinson/microros_ws/install/micro_ros_setup' for CMake module files
[0.469s] Level 1:colcon.colcon_core.environment:checking '/home/anthonykpinson/microros_ws/install/micro_ros_setup' for CMake config files
[0.469s] Level 1:colcon.colcon_core.shell:create_environment_hook('micro_ros_setup', 'cmake_prefix_path')
[0.470s] INFO:colcon.colcon_core.shell:Creating environment hook '/home/anthonykpinson/microros_ws/install/micro_ros_setup/share/micro_ros_setup/hook/cmake_prefix_path.ps1'
[0.470s] INFO:colcon.colcon_core.shell:Creating environment descriptor '/home/anthonykpinson/microros_ws/install/micro_ros_setup/share/micro_ros_setup/hook/cmake_prefix_path.dsv'
[0.471s] INFO:colcon.colcon_core.shell:Creating environment hook '/home/anthonykpinson/microros_ws/install/micro_ros_setup/share/micro_ros_setup/hook/cmake_prefix_path.sh'
[0.471s] Level 1:colcon.colcon_core.environment:checking '/home/anthonykpinson/microros_ws/install/micro_ros_setup/lib'
[0.471s] Level 1:colcon.colcon_core.environment:checking '/home/anthonykpinson/microros_ws/install/micro_ros_setup/bin'
[0.471s] Level 1:colcon.colcon_core.environment:checking '/home/anthonykpinson/microros_ws/install/micro_ros_setup/lib/pkgconfig/micro_ros_setup.pc'
[0.471s] Level 1:colcon.colcon_core.environment:checking '/home/anthonykpinson/microros_ws/install/micro_ros_setup/lib/python3.8/site-packages'
[0.472s] Level 1:colcon.colcon_core.environment:checking '/home/anthonykpinson/microros_ws/install/micro_ros_setup/bin'
[0.473s] INFO:colcon.colcon_core.shell:Creating package script '/home/anthonykpinson/microros_ws/install/micro_ros_setup/share/micro_ros_setup/package.ps1'
[0.473s] INFO:colcon.colcon_core.shell:Creating package descriptor '/home/anthonykpinson/microros_ws/install/micro_ros_setup/share/micro_ros_setup/package.dsv'
[0.473s] INFO:colcon.colcon_core.shell:Creating package script '/home/anthonykpinson/microros_ws/install/micro_ros_setup/share/micro_ros_setup/package.sh'
[0.473s] INFO:colcon.colcon_core.shell:Creating package script '/home/anthonykpinson/microros_ws/install/micro_ros_setup/share/micro_ros_setup/package.bash'
[0.474s] INFO:colcon.colcon_core.shell:Creating package script '/home/anthonykpinson/microros_ws/install/micro_ros_setup/share/micro_ros_setup/package.zsh'
[0.474s] Level 1:colcon.colcon_core.environment:create_file_with_runtime_dependencies(/home/anthonykpinson/microros_ws/install/micro_ros_setup/share/colcon-core/packages/micro_ros_setup)
[0.515s] DEBUG:colcon.colcon_core.event_handler.log_command:Invoked command in '/home/anthonykpinson/microros_ws/build/drive_base_msgs' returned '0': CMAKE_PREFIX_PATH=/opt/ros/foxy /usr/bin/cmake --build /home/anthonykpinson/microros_ws/build/drive_base_msgs -- -j20 -l20
[0.567s] DEBUG:colcon.colcon_core.event_handler.log_command:Invoking command in '/home/anthonykpinson/microros_ws/build/drive_base_msgs': CMAKE_PREFIX_PATH=/opt/ros/foxy /usr/bin/cmake --install /home/anthonykpinson/microros_ws/build/drive_base_msgs
[0.607s] Level 1:colcon.colcon_core.environment:create_environment_scripts_only(drive_base_msgs)
[0.607s] DEBUG:colcon.colcon_core.event_handler.log_command:Invoked command in '/home/anthonykpinson/microros_ws/build/drive_base_msgs' returned '0': CMAKE_PREFIX_PATH=/opt/ros/foxy /usr/bin/cmake --install /home/anthonykpinson/microros_ws/build/drive_base_msgs
[0.609s] Level 1:colcon.colcon_core.environment:checking '/home/anthonykpinson/microros_ws/install/drive_base_msgs' for CMake module files
[0.609s] Level 1:colcon.colcon_core.environment:checking '/home/anthonykpinson/microros_ws/install/drive_base_msgs' for CMake config files
[0.610s] Level 1:colcon.colcon_core.shell:create_environment_hook('drive_base_msgs', 'cmake_prefix_path')
[0.611s] INFO:colcon.colcon_core.shell:Creating environment hook '/home/anthonykpinson/microros_ws/install/drive_base_msgs/share/drive_base_msgs/hook/cmake_prefix_path.ps1'
[0.611s] INFO:colcon.colcon_core.shell:Creating environment descriptor '/home/anthonykpinson/microros_ws/install/drive_base_msgs/share/drive_base_msgs/hook/cmake_prefix_path.dsv'
[0.611s] INFO:colcon.colcon_core.shell:Creating environment hook '/home/anthonykpinson/microros_ws/install/drive_base_msgs/share/drive_base_msgs/hook/cmake_prefix_path.sh'
[0.612s] Level 1:colcon.colcon_core.environment:checking '/home/anthonykpinson/microros_ws/install/drive_base_msgs/lib'
[0.612s] Level 1:colcon.colcon_core.shell:create_environment_hook('drive_base_msgs', 'ld_library_path_lib')
[0.613s] INFO:colcon.colcon_core.shell:Creating environment hook '/home/anthonykpinson/microros_ws/install/drive_base_msgs/share/drive_base_msgs/hook/ld_library_path_lib.ps1'
[0.613s] INFO:colcon.colcon_core.shell:Creating environment descriptor '/home/anthonykpinson/microros_ws/install/drive_base_msgs/share/drive_base_msgs/hook/ld_library_path_lib.dsv'
[0.613s] INFO:colcon.colcon_core.shell:Creating environment hook '/home/anthonykpinson/microros_ws/install/drive_base_msgs/share/drive_base_msgs/hook/ld_library_path_lib.sh'
[0.613s] Level 1:colcon.colcon_core.environment:checking '/home/anthonykpinson/microros_ws/install/drive_base_msgs/bin'
[0.613s] Level 1:colcon.colcon_core.environment:checking '/home/anthonykpinson/microros_ws/install/drive_base_msgs/lib/pkgconfig/drive_base_msgs.pc'
[0.613s] Level 1:colcon.colcon_core.environment:checking '/home/anthonykpinson/microros_ws/install/drive_base_msgs/lib/python3.8/site-packages'
[0.614s] Level 1:colcon.colcon_core.shell:create_environment_hook('drive_base_msgs', 'pythonpath')
[0.615s] INFO:colcon.colcon_core.shell:Creating environment hook '/home/anthonykpinson/microros_ws/install/drive_base_msgs/share/drive_base_msgs/hook/pythonpath.ps1'
[0.615s] INFO:colcon.colcon_core.shell:Creating environment descriptor '/home/anthonykpinson/microros_ws/install/drive_base_msgs/share/drive_base_msgs/hook/pythonpath.dsv'
[0.615s] INFO:colcon.colcon_core.shell:Creating environment hook '/home/anthonykpinson/microros_ws/install/drive_base_msgs/share/drive_base_msgs/hook/pythonpath.sh'
[0.615s] Level 1:colcon.colcon_core.environment:checking '/home/anthonykpinson/microros_ws/install/drive_base_msgs/bin'
[0.616s] INFO:colcon.colcon_core.shell:Creating package script '/home/anthonykpinson/microros_ws/install/drive_base_msgs/share/drive_base_msgs/package.ps1'
[0.617s] INFO:colcon.colcon_core.shell:Creating package descriptor '/home/anthonykpinson/microros_ws/install/drive_base_msgs/share/drive_base_msgs/package.dsv'
[0.617s] INFO:colcon.colcon_core.shell:Creating package script '/home/anthonykpinson/microros_ws/install/drive_base_msgs/share/drive_base_msgs/package.sh'
[0.617s] INFO:colcon.colcon_core.shell:Creating package script '/home/anthonykpinson/microros_ws/install/drive_base_msgs/share/drive_base_msgs/package.bash'
[0.618s] INFO:colcon.colcon_core.shell:Creating package script '/home/anthonykpinson/microros_ws/install/drive_base_msgs/share/drive_base_msgs/package.zsh'
[0.618s] Level 1:colcon.colcon_core.environment:create_file_with_runtime_dependencies(/home/anthonykpinson/microros_ws/install/drive_base_msgs/share/colcon-core/packages/drive_base_msgs)
[0.671s] Level 1:colcon.colcon_core.environment:create_environment_scripts_only(drive_base_msgs)
[0.672s] Level 1:colcon.colcon_core.environment:checking '/home/anthonykpinson/microros_ws/install/drive_base_msgs' for CMake module files
[0.673s] Level 1:colcon.colcon_core.environment:checking '/home/anthonykpinson/microros_ws/install/drive_base_msgs' for CMake config files
[0.673s] Level 1:colcon.colcon_core.shell:create_environment_hook('drive_base_msgs', 'cmake_prefix_path')
[0.674s] INFO:colcon.colcon_core.shell:Creating environment hook '/home/anthonykpinson/microros_ws/install/drive_base_msgs/share/drive_base_msgs/hook/cmake_prefix_path.ps1'
[0.674s] INFO:colcon.colcon_core.shell:Creating environment descriptor '/home/anthonykpinson/microros_ws/install/drive_base_msgs/share/drive_base_msgs/hook/cmake_prefix_path.dsv'
[0.675s] INFO:colcon.colcon_core.shell:Creating environment hook '/home/anthonykpinson/microros_ws/install/drive_base_msgs/share/drive_base_msgs/hook/cmake_prefix_path.sh'
[0.675s] Level 1:colcon.colcon_core.environment:checking '/home/anthonykpinson/microros_ws/install/drive_base_msgs/lib'
[0.675s] Level 1:colcon.colcon_core.shell:create_environment_hook('drive_base_msgs', 'ld_library_path_lib')
[0.676s] INFO:colcon.colcon_core.shell:Creating environment hook '/home/anthonykpinson/microros_ws/install/drive_base_msgs/share/drive_base_msgs/hook/ld_library_path_lib.ps1'
[0.676s] INFO:colcon.colcon_core.shell:Creating environment descriptor '/home/anthonykpinson/microros_ws/install/drive_base_msgs/share/drive_base_msgs/hook/ld_library_path_lib.dsv'
[0.676s] INFO:colcon.colcon_core.shell:Creating environment hook '/home/anthonykpinson/microros_ws/install/drive_base_msgs/share/drive_base_msgs/hook/ld_library_path_lib.sh'
[0.677s] Level 1:colcon.colcon_core.environment:checking '/home/anthonykpinson/microros_ws/install/drive_base_msgs/bin'
[0.677s] Level 1:colcon.colcon_core.environment:checking '/home/anthonykpinson/microros_ws/install/drive_base_msgs/lib/pkgconfig/drive_base_msgs.pc'
[0.677s] Level 1:colcon.colcon_core.environment:checking '/home/anthonykpinson/microros_ws/install/drive_base_msgs/lib/python3.8/site-packages'
[0.677s] Level 1:colcon.colcon_core.shell:create_environment_hook('drive_base_msgs', 'pythonpath')
[0.678s] INFO:colcon.colcon_core.shell:Creating environment hook '/home/anthonykpinson/microros_ws/install/drive_base_msgs/share/drive_base_msgs/hook/pythonpath.ps1'
[0.678s] INFO:colcon.colcon_core.shell:Creating environment descriptor '/home/anthonykpinson/microros_ws/install/drive_base_msgs/share/drive_base_msgs/hook/pythonpath.dsv'
[0.678s] INFO:colcon.colcon_core.shell:Creating environment hook '/home/anthonykpinson/microros_ws/install/drive_base_msgs/share/drive_base_msgs/hook/pythonpath.sh'
[0.678s] Level 1:colcon.colcon_core.environment:checking '/home/anthonykpinson/microros_ws/install/drive_base_msgs/bin'
[0.680s] INFO:colcon.colcon_core.shell:Creating package script '/home/anthonykpinson/microros_ws/install/drive_base_msgs/share/drive_base_msgs/package.ps1'
[0.680s] INFO:colcon.colcon_core.shell:Creating package descriptor '/home/anthonykpinson/microros_ws/install/drive_base_msgs/share/drive_base_msgs/package.dsv'
[0.680s] INFO:colcon.colcon_core.shell:Creating package script '/home/anthonykpinson/microros_ws/install/drive_base_msgs/share/drive_base_msgs/package.sh'
[0.681s] INFO:colcon.colcon_core.shell:Creating package script '/home/anthonykpinson/microros_ws/install/drive_base_msgs/share/drive_base_msgs/package.bash'
[0.681s] INFO:colcon.colcon_core.shell:Creating package script '/home/anthonykpinson/microros_ws/install/drive_base_msgs/share/drive_base_msgs/package.zsh'
[0.681s] Level 1:colcon.colcon_core.environment:create_file_with_runtime_dependencies(/home/anthonykpinson/microros_ws/install/drive_base_msgs/share/colcon-core/packages/drive_base_msgs)
[0.968s] DEBUG:colcon.colcon_core.event_handler.log_command:Invoked command in '/home/anthonykpinson/microros_ws/build/micro_ros_msgs' returned '0': CMAKE_PREFIX_PATH=/opt/ros/foxy /usr/bin/cmake /home/anthonykpinson/microros_ws/src/uros/micro_ros_msgs -DCMAKE_INSTALL_PREFIX=/home/anthonykpinson/microros_ws/install/micro_ros_msgs
[0.968s] DEBUG:colcon.colcon_core.event_handler.log_command:Invoking command in '/home/anthonykpinson/microros_ws/build/micro_ros_msgs': CMAKE_PREFIX_PATH=/opt/ros/foxy /usr/bin/cmake --build /home/anthonykpinson/microros_ws/build/micro_ros_msgs -- -j20 -l20
[1.171s] DEBUG:colcon.colcon_core.event_handler.log_command:Invoked command in '/home/anthonykpinson/microros_ws/build/micro_ros_msgs' returned '0': CMAKE_PREFIX_PATH=/opt/ros/foxy /usr/bin/cmake --build /home/anthonykpinson/microros_ws/build/micro_ros_msgs -- -j20 -l20
[1.270s] DEBUG:colcon.colcon_core.event_handler.log_command:Invoking command in '/home/anthonykpinson/microros_ws/build/micro_ros_msgs': CMAKE_PREFIX_PATH=/opt/ros/foxy /usr/bin/cmake --install /home/anthonykpinson/microros_ws/build/micro_ros_msgs
[1.382s] Level 1:colcon.colcon_core.environment:create_environment_scripts_only(micro_ros_msgs)
[1.386s] Level 1:colcon.colcon_core.environment:checking '/home/anthonykpinson/microros_ws/install/micro_ros_msgs' for CMake module files
[1.386s] DEBUG:colcon.colcon_core.event_handler.log_command:Invoked command in '/home/anthonykpinson/microros_ws/build/micro_ros_msgs' returned '0': CMAKE_PREFIX_PATH=/opt/ros/foxy /usr/bin/cmake --install /home/anthonykpinson/microros_ws/build/micro_ros_msgs
[1.387s] Level 1:colcon.colcon_core.environment:checking '/home/anthonykpinson/microros_ws/install/micro_ros_msgs' for CMake config files
[1.388s] Level 1:colcon.colcon_core.shell:create_environment_hook('micro_ros_msgs', 'cmake_prefix_path')
[1.390s] INFO:colcon.colcon_core.shell:Creating environment hook '/home/anthonykpinson/microros_ws/install/micro_ros_msgs/share/micro_ros_msgs/hook/cmake_prefix_path.ps1'
[1.391s] INFO:colcon.colcon_core.shell:Creating environment descriptor '/home/anthonykpinson/microros_ws/install/micro_ros_msgs/share/micro_ros_msgs/hook/cmake_prefix_path.dsv'
[1.391s] INFO:colcon.colcon_core.shell:Creating environment hook '/home/anthonykpinson/microros_ws/install/micro_ros_msgs/share/micro_ros_msgs/hook/cmake_prefix_path.sh'
[1.392s] Level 1:colcon.colcon_core.environment:checking '/home/anthonykpinson/microros_ws/install/micro_ros_msgs/lib'
[1.392s] Level 1:colcon.colcon_core.shell:create_environment_hook('micro_ros_msgs', 'ld_library_path_lib')
[1.394s] INFO:colcon.colcon_core.shell:Creating environment hook '/home/anthonykpinson/microros_ws/install/micro_ros_msgs/share/micro_ros_msgs/hook/ld_library_path_lib.ps1'
[1.395s] INFO:colcon.colcon_core.shell:Creating environment descriptor '/home/anthonykpinson/microros_ws/install/micro_ros_msgs/share/micro_ros_msgs/hook/ld_library_path_lib.dsv'
[1.395s] INFO:colcon.colcon_core.shell:Creating environment hook '/home/anthonykpinson/microros_ws/install/micro_ros_msgs/share/micro_ros_msgs/hook/ld_library_path_lib.sh'
[1.396s] Level 1:colcon.colcon_core.environment:checking '/home/anthonykpinson/microros_ws/install/micro_ros_msgs/bin'
[1.396s] Level 1:colcon.colcon_core.environment:checking '/home/anthonykpinson/microros_ws/install/micro_ros_msgs/lib/pkgconfig/micro_ros_msgs.pc'
[1.396s] Level 1:colcon.colcon_core.environment:checking '/home/anthonykpinson/microros_ws/install/micro_ros_msgs/lib/python3.8/site-packages'
[1.396s] Level 1:colcon.colcon_core.shell:create_environment_hook('micro_ros_msgs', 'pythonpath')
[1.398s] INFO:colcon.colcon_core.shell:Creating environment hook '/home/anthonykpinson/microros_ws/install/micro_ros_msgs/share/micro_ros_msgs/hook/pythonpath.ps1'
[1.399s] INFO:colcon.colcon_core.shell:Creating environment descriptor '/home/anthonykpinson/microros_ws/install/micro_ros_msgs/share/micro_ros_msgs/hook/pythonpath.dsv'
[1.399s] INFO:colcon.colcon_core.shell:Creating environment hook '/home/anthonykpinson/microros_ws/install/micro_ros_msgs/share/micro_ros_msgs/hook/pythonpath.sh'
[1.400s] Level 1:colcon.colcon_core.environment:checking '/home/anthonykpinson/microros_ws/install/micro_ros_msgs/bin'
[1.402s] INFO:colcon.colcon_core.shell:Creating package script '/home/anthonykpinson/microros_ws/install/micro_ros_msgs/share/micro_ros_msgs/package.ps1'
[1.403s] INFO:colcon.colcon_core.shell:Creating package descriptor '/home/anthonykpinson/microros_ws/install/micro_ros_msgs/share/micro_ros_msgs/package.dsv'
[1.403s] INFO:colcon.colcon_core.shell:Creating package script '/home/anthonykpinson/microros_ws/install/micro_ros_msgs/share/micro_ros_msgs/package.sh'
[1.404s] INFO:colcon.colcon_core.shell:Creating package script '/home/anthonykpinson/microros_ws/install/micro_ros_msgs/share/micro_ros_msgs/package.bash'
[1.404s] INFO:colcon.colcon_core.shell:Creating package script '/home/anthonykpinson/microros_ws/install/micro_ros_msgs/share/micro_ros_msgs/package.zsh'
[1.404s] Level 1:colcon.colcon_core.environment:create_file_with_runtime_dependencies(/home/anthonykpinson/microros_ws/install/micro_ros_msgs/share/colcon-core/packages/micro_ros_msgs)
[1.502s] Level 1:colcon.colcon_core.environment:create_environment_scripts_only(micro_ros_msgs)
[1.505s] Level 1:colcon.colcon_core.environment:checking '/home/anthonykpinson/microros_ws/install/micro_ros_msgs' for CMake module files
[1.506s] Level 1:colcon.colcon_core.environment:checking '/home/anthonykpinson/microros_ws/install/micro_ros_msgs' for CMake config files
[1.507s] Level 1:colcon.colcon_core.shell:create_environment_hook('micro_ros_msgs', 'cmake_prefix_path')
[1.509s] INFO:colcon.colcon_core.shell:Creating environment hook '/home/anthonykpinson/microros_ws/install/micro_ros_msgs/share/micro_ros_msgs/hook/cmake_prefix_path.ps1'
[1.509s] INFO:colcon.colcon_core.shell:Creating environment descriptor '/home/anthonykpinson/microros_ws/install/micro_ros_msgs/share/micro_ros_msgs/hook/cmake_prefix_path.dsv'
[1.510s] INFO:colcon.colcon_core.shell:Creating environment hook '/home/anthonykpinson/microros_ws/install/micro_ros_msgs/share/micro_ros_msgs/hook/cmake_prefix_path.sh'
[1.510s] Level 1:colcon.colcon_core.environment:checking '/home/anthonykpinson/microros_ws/install/micro_ros_msgs/lib'
[1.511s] Level 1:colcon.colcon_core.shell:create_environment_hook('micro_ros_msgs', 'ld_library_path_lib')
[1.512s] INFO:colcon.colcon_core.shell:Creating environment hook '/home/anthonykpinson/microros_ws/install/micro_ros_msgs/share/micro_ros_msgs/hook/ld_library_path_lib.ps1'
[1.512s] INFO:colcon.colcon_core.shell:Creating environment descriptor '/home/anthonykpinson/microros_ws/install/micro_ros_msgs/share/micro_ros_msgs/hook/ld_library_path_lib.dsv'
[1.513s] INFO:colcon.colcon_core.shell:Creating environment hook '/home/anthonykpinson/microros_ws/install/micro_ros_msgs/share/micro_ros_msgs/hook/ld_library_path_lib.sh'
[1.513s] Level 1:colcon.colcon_core.environment:checking '/home/anthonykpinson/microros_ws/install/micro_ros_msgs/bin'
[1.513s] Level 1:colcon.colcon_core.environment:checking '/home/anthonykpinson/microros_ws/install/micro_ros_msgs/lib/pkgconfig/micro_ros_msgs.pc'
[1.513s] Level 1:colcon.colcon_core.environment:checking '/home/anthonykpinson/microros_ws/install/micro_ros_msgs/lib/python3.8/site-packages'
[1.513s] Level 1:colcon.colcon_core.shell:create_environment_hook('micro_ros_msgs', 'pythonpath')
[1.514s] INFO:colcon.colcon_core.shell:Creating environment hook '/home/anthonykpinson/microros_ws/install/micro_ros_msgs/share/micro_ros_msgs/hook/pythonpath.ps1'
[1.515s] INFO:colcon.colcon_core.shell:Creating environment descriptor '/home/anthonykpinson/microros_ws/install/micro_ros_msgs/share/micro_ros_msgs/hook/pythonpath.dsv'
[1.515s] INFO:colcon.colcon_core.shell:Creating environment hook '/home/anthonykpinson/microros_ws/install/micro_ros_msgs/share/micro_ros_msgs/hook/pythonpath.sh'
[1.515s] Level 1:colcon.colcon_core.environment:checking '/home/anthonykpinson/microros_ws/install/micro_ros_msgs/bin'
[1.516s] INFO:colcon.colcon_core.shell:Creating package script '/home/anthonykpinson/microros_ws/install/micro_ros_msgs/share/micro_ros_msgs/package.ps1'
[1.517s] INFO:colcon.colcon_core.shell:Creating package descriptor '/home/anthonykpinson/microros_ws/install/micro_ros_msgs/share/micro_ros_msgs/package.dsv'
[1.517s] INFO:colcon.colcon_core.shell:Creating package script '/home/anthonykpinson/microros_ws/install/micro_ros_msgs/share/micro_ros_msgs/package.sh'
[1.517s] INFO:colcon.colcon_core.shell:Creating package script '/home/anthonykpinson/microros_ws/install/micro_ros_msgs/share/micro_ros_msgs/package.bash'
[1.518s] INFO:colcon.colcon_core.shell:Creating package script '/home/anthonykpinson/microros_ws/install/micro_ros_msgs/share/micro_ros_msgs/package.zsh'
[1.518s] Level 1:colcon.colcon_core.environment:create_file_with_runtime_dependencies(/home/anthonykpinson/microros_ws/install/micro_ros_msgs/share/colcon-core/packages/micro_ros_msgs)
[1.518s] INFO:colcon.colcon_ros.task.ament_cmake.build:Building ROS package in '/home/anthonykpinson/microros_ws/src/uros/micro-ROS-Agent/micro_ros_agent' with build type 'ament_cmake'
[1.518s] INFO:colcon.colcon_cmake.task.cmake.build:Building CMake package in '/home/anthonykpinson/microros_ws/src/uros/micro-ROS-Agent/micro_ros_agent'
[1.519s] INFO:colcon.colcon_core.shell:Skip shell extension 'powershell' for command environment: Not usable outside of PowerShell
[1.519s] DEBUG:colcon.colcon_core.shell:Skip shell extension 'dsv' for command environment
[1.529s] DEBUG:colcon.colcon_core.event_handler.log_command:Invoking command in '/home/anthonykpinson/microros_ws/build/micro_ros_agent': AMENT_PREFIX_PATH=/home/anthonykpinson/microros_ws/install/micro_ros_msgs:${AMENT_PREFIX_PATH} CMAKE_PREFIX_PATH=/home/anthonykpinson/microros_ws/install/micro_ros_msgs:/opt/ros/foxy LD_LIBRARY_PATH=/home/anthonykpinson/microros_ws/install/micro_ros_msgs/lib:${LD_LIBRARY_PATH} PYTHONPATH=/home/anthonykpinson/microros_ws/install/micro_ros_msgs/lib/python3.8/site-packages:${PYTHONPATH} /usr/bin/cmake /home/anthonykpinson/microros_ws/src/uros/micro-ROS-Agent/micro_ros_agent -DCMAKE_INSTALL_PREFIX=/home/anthonykpinson/microros_ws/install/micro_ros_agent
[2.023s] DEBUG:colcon.colcon_core.event_handler.log_command:Invoked command in '/home/anthonykpinson/microros_ws/build/micro_ros_agent' returned '0': AMENT_PREFIX_PATH=/home/anthonykpinson/microros_ws/install/micro_ros_msgs:${AMENT_PREFIX_PATH} CMAKE_PREFIX_PATH=/home/anthonykpinson/microros_ws/install/micro_ros_msgs:/opt/ros/foxy LD_LIBRARY_PATH=/home/anthonykpinson/microros_ws/install/micro_ros_msgs/lib:${LD_LIBRARY_PATH} PYTHONPATH=/home/anthonykpinson/microros_ws/install/micro_ros_msgs/lib/python3.8/site-packages:${PYTHONPATH} /usr/bin/cmake /home/anthonykpinson/microros_ws/src/uros/micro-ROS-Agent/micro_ros_agent -DCMAKE_INSTALL_PREFIX=/home/anthonykpinson/microros_ws/install/micro_ros_agent
[2.025s] DEBUG:colcon.colcon_core.event_handler.log_command:Invoking command in '/home/anthonykpinson/microros_ws/build/micro_ros_agent': AMENT_PREFIX_PATH=/home/anthonykpinson/microros_ws/install/micro_ros_msgs:${AMENT_PREFIX_PATH} CMAKE_PREFIX_PATH=/home/anthonykpinson/microros_ws/install/micro_ros_msgs:/opt/ros/foxy LD_LIBRARY_PATH=/home/anthonykpinson/microros_ws/install/micro_ros_msgs/lib:${LD_LIBRARY_PATH} PYTHONPATH=/home/anthonykpinson/microros_ws/install/micro_ros_msgs/lib/python3.8/site-packages:${PYTHONPATH} /usr/bin/cmake --build /home/anthonykpinson/microros_ws/build/micro_ros_agent -- -j20 -l20
[2.115s] DEBUG:colcon.colcon_core.event_handler.log_command:Invoked command in '/home/anthonykpinson/microros_ws/build/micro_ros_agent' returned '0': AMENT_PREFIX_PATH=/home/anthonykpinson/microros_ws/install/micro_ros_msgs:${AMENT_PREFIX_PATH} CMAKE_PREFIX_PATH=/home/anthonykpinson/microros_ws/install/micro_ros_msgs:/opt/ros/foxy LD_LIBRARY_PATH=/home/anthonykpinson/microros_ws/install/micro_ros_msgs/lib:${LD_LIBRARY_PATH} PYTHONPATH=/home/anthonykpinson/microros_ws/install/micro_ros_msgs/lib/python3.8/site-packages:${PYTHONPATH} /usr/bin/cmake --build /home/anthonykpinson/microros_ws/build/micro_ros_agent -- -j20 -l20
[2.153s] DEBUG:colcon.colcon_core.event_handler.log_command:Invoking command in '/home/anthonykpinson/microros_ws/build/micro_ros_agent': AMENT_PREFIX_PATH=/home/anthonykpinson/microros_ws/install/micro_ros_msgs:${AMENT_PREFIX_PATH} CMAKE_PREFIX_PATH=/home/anthonykpinson/microros_ws/install/micro_ros_msgs:/opt/ros/foxy LD_LIBRARY_PATH=/home/anthonykpinson/microros_ws/install/micro_ros_msgs/lib:${LD_LIBRARY_PATH} PYTHONPATH=/home/anthonykpinson/microros_ws/install/micro_ros_msgs/lib/python3.8/site-packages:${PYTHONPATH} /usr/bin/cmake --install /home/anthonykpinson/microros_ws/build/micro_ros_agent
[2.166s] Level 1:colcon.colcon_core.environment:create_environment_scripts_only(micro_ros_agent)
[2.168s] Level 1:colcon.colcon_core.environment:checking '/home/anthonykpinson/microros_ws/install/micro_ros_agent' for CMake module files
[2.169s] DEBUG:colcon.colcon_core.event_handler.log_command:Invoked command in '/home/anthonykpinson/microros_ws/build/micro_ros_agent' returned '0': AMENT_PREFIX_PATH=/home/anthonykpinson/microros_ws/install/micro_ros_msgs:${AMENT_PREFIX_PATH} CMAKE_PREFIX_PATH=/home/anthonykpinson/microros_ws/install/micro_ros_msgs:/opt/ros/foxy LD_LIBRARY_PATH=/home/anthonykpinson/microros_ws/install/micro_ros_msgs/lib:${LD_LIBRARY_PATH} PYTHONPATH=/home/anthonykpinson/microros_ws/install/micro_ros_msgs/lib/python3.8/site-packages:${PYTHONPATH} /usr/bin/cmake --install /home/anthonykpinson/microros_ws/build/micro_ros_agent
[2.169s] Level 1:colcon.colcon_core.environment:checking '/home/anthonykpinson/microros_ws/install/micro_ros_agent' for CMake config files
[2.169s] Level 1:colcon.colcon_core.shell:create_environment_hook('micro_ros_agent', 'cmake_prefix_path')
[2.171s] INFO:colcon.colcon_core.shell:Creating environment hook '/home/anthonykpinson/microros_ws/install/micro_ros_agent/share/micro_ros_agent/hook/cmake_prefix_path.ps1'
[2.172s] INFO:colcon.colcon_core.shell:Creating environment descriptor '/home/anthonykpinson/microros_ws/install/micro_ros_agent/share/micro_ros_agent/hook/cmake_prefix_path.dsv'
[2.172s] INFO:colcon.colcon_core.shell:Creating environment hook '/home/anthonykpinson/microros_ws/install/micro_ros_agent/share/micro_ros_agent/hook/cmake_prefix_path.sh'
[2.173s] Level 1:colcon.colcon_core.environment:checking '/home/anthonykpinson/microros_ws/install/micro_ros_agent/lib'
[2.173s] Level 1:colcon.colcon_core.shell:create_environment_hook('micro_ros_agent', 'ld_library_path_lib')
[2.175s] INFO:colcon.colcon_core.shell:Creating environment hook '/home/anthonykpinson/microros_ws/install/micro_ros_agent/share/micro_ros_agent/hook/ld_library_path_lib.ps1'
[2.175s] INFO:colcon.colcon_core.shell:Creating environment descriptor '/home/anthonykpinson/microros_ws/install/micro_ros_agent/share/micro_ros_agent/hook/ld_library_path_lib.dsv'
[2.176s] INFO:colcon.colcon_core.shell:Creating environment hook '/home/anthonykpinson/microros_ws/install/micro_ros_agent/share/micro_ros_agent/hook/ld_library_path_lib.sh'
[2.176s] Level 1:colcon.colcon_core.environment:checking '/home/anthonykpinson/microros_ws/install/micro_ros_agent/bin'
[2.176s] Level 1:colcon.colcon_core.environment:checking '/home/anthonykpinson/microros_ws/install/micro_ros_agent/lib/pkgconfig/micro_ros_agent.pc'
[2.177s] Level 1:colcon.colcon_core.environment:checking '/home/anthonykpinson/microros_ws/install/micro_ros_agent/lib/python3.8/site-packages'
[2.177s] Level 1:colcon.colcon_core.environment:checking '/home/anthonykpinson/microros_ws/install/micro_ros_agent/bin'
[2.179s] INFO:colcon.colcon_core.shell:Creating package script '/home/anthonykpinson/microros_ws/install/micro_ros_agent/share/micro_ros_agent/package.ps1'
[2.179s] INFO:colcon.colcon_core.shell:Creating package descriptor '/home/anthonykpinson/microros_ws/install/micro_ros_agent/share/micro_ros_agent/package.dsv'
[2.180s] INFO:colcon.colcon_core.shell:Creating package script '/home/anthonykpinson/microros_ws/install/micro_ros_agent/share/micro_ros_agent/package.sh'
[2.180s] INFO:colcon.colcon_core.shell:Creating package script '/home/anthonykpinson/microros_ws/install/micro_ros_agent/share/micro_ros_agent/package.bash'
[2.180s] INFO:colcon.colcon_core.shell:Creating package script '/home/anthonykpinson/microros_ws/install/micro_ros_agent/share/micro_ros_agent/package.zsh'
[2.181s] Level 1:colcon.colcon_core.environment:create_file_with_runtime_dependencies(/home/anthonykpinson/microros_ws/install/micro_ros_agent/share/colcon-core/packages/micro_ros_agent)
[2.211s] Level 1:colcon.colcon_core.environment:create_environment_scripts_only(micro_ros_agent)
[2.214s] Level 1:colcon.colcon_core.environment:checking '/home/anthonykpinson/microros_ws/install/micro_ros_agent' for CMake module files
[2.214s] Level 1:colcon.colcon_core.environment:checking '/home/anthonykpinson/microros_ws/install/micro_ros_agent' for CMake config files
[2.215s] Level 1:colcon.colcon_core.shell:create_environment_hook('micro_ros_agent', 'cmake_prefix_path')
[2.216s] INFO:colcon.colcon_core.shell:Creating environment hook '/home/anthonykpinson/microros_ws/install/micro_ros_agent/share/micro_ros_agent/hook/cmake_prefix_path.ps1'
[2.217s] INFO:colcon.colcon_core.shell:Creating environment descriptor '/home/anthonykpinson/microros_ws/install/micro_ros_agent/share/micro_ros_agent/hook/cmake_prefix_path.dsv'
[2.217s] INFO:colcon.colcon_core.shell:Creating environment hook '/home/anthonykpinson/microros_ws/install/micro_ros_agent/share/micro_ros_agent/hook/cmake_prefix_path.sh'
[2.218s] Level 1:colcon.colcon_core.environment:checking '/home/anthonykpinson/microros_ws/install/micro_ros_agent/lib'
[2.218s] Level 1:colcon.colcon_core.shell:create_environment_hook('micro_ros_agent', 'ld_library_path_lib')
[2.219s] INFO:colcon.colcon_core.shell:Creating environment hook '/home/anthonykpinson/microros_ws/install/micro_ros_agent/share/micro_ros_agent/hook/ld_library_path_lib.ps1'
[2.219s] INFO:colcon.colcon_core.shell:Creating environment descriptor '/home/anthonykpinson/microros_ws/install/micro_ros_agent/share/micro_ros_agent/hook/ld_library_path_lib.dsv'
[2.220s] INFO:colcon.colcon_core.shell:Creating environment hook '/home/anthonykpinson/microros_ws/install/micro_ros_agent/share/micro_ros_agent/hook/ld_library_path_lib.sh'
[2.220s] Level 1:colcon.colcon_core.environment:checking '/home/anthonykpinson/microros_ws/install/micro_ros_agent/bin'
[2.220s] Level 1:colcon.colcon_core.environment:checking '/home/anthonykpinson/microros_ws/install/micro_ros_agent/lib/pkgconfig/micro_ros_agent.pc'
[2.220s] Level 1:colcon.colcon_core.environment:checking '/home/anthonykpinson/microros_ws/install/micro_ros_agent/lib/python3.8/site-packages'
[2.220s] Level 1:colcon.colcon_core.environment:checking '/home/anthonykpinson/microros_ws/install/micro_ros_agent/bin'
[2.221s] INFO:colcon.colcon_core.shell:Creating package script '/home/anthonykpinson/microros_ws/install/micro_ros_agent/share/micro_ros_agent/package.ps1'
[2.222s] INFO:colcon.colcon_core.shell:Creating package descriptor '/home/anthonykpinson/microros_ws/install/micro_ros_agent/share/micro_ros_agent/package.dsv'
[2.222s] INFO:colcon.colcon_core.shell:Creating package script '/home/anthonykpinson/microros_ws/install/micro_ros_agent/share/micro_ros_agent/package.sh'
[2.222s] INFO:colcon.colcon_core.shell:Creating package script '/home/anthonykpinson/microros_ws/install/micro_ros_agent/share/micro_ros_agent/package.bash'
[2.222s] INFO:colcon.colcon_core.shell:Creating package script '/home/anthonykpinson/microros_ws/install/micro_ros_agent/share/micro_ros_agent/package.zsh'
[2.223s] Level 1:colcon.colcon_core.environment:create_file_with_runtime_dependencies(/home/anthonykpinson/microros_ws/install/micro_ros_agent/share/colcon-core/packages/micro_ros_agent)
[2.223s] DEBUG:colcon.colcon_parallel_executor.executor.parallel:closing loop
[2.223s] DEBUG:colcon.colcon_parallel_executor.executor.parallel:loop closed
[2.223s] DEBUG:colcon.colcon_parallel_executor.executor.parallel:run_until_complete finished with '0'
[2.223s] DEBUG:colcon.colcon_core.event_reactor:joining thread
[2.228s] INFO:colcon.colcon_core.plugin_system:Skipping extension 'colcon_notification.desktop_notification.notify_send': Could not find 'notify-send'
[2.228s] INFO:colcon.colcon_core.plugin_system:Skipping extension 'colcon_notification.desktop_notification.terminal_notifier': Not used on non-Darwin systems
[2.228s] INFO:colcon.colcon_core.plugin_system:Skipping extension 'colcon_notification.desktop_notification.win32': Not used on non-Windows systems
[2.228s] INFO:colcon.colcon_notification.desktop_notification:Sending desktop notification using 'notify2'
[2.228s] DEBUG:colcon.colcon_notification.desktop_notification.notify2:Failed to initialize notify2: org.freedesktop.DBus.Error.NotSupported: Unable to autolaunch a dbus-daemon without a $DISPLAY for X11
[2.228s] DEBUG:colcon.colcon_core.event_reactor:joined thread
[2.229s] INFO:colcon.colcon_core.shell:Creating prefix script '/home/anthonykpinson/microros_ws/install/local_setup.ps1'
[2.230s] INFO:colcon.colcon_core.shell:Creating prefix util module '/home/anthonykpinson/microros_ws/install/_local_setup_util_ps1.py'
[2.231s] INFO:colcon.colcon_core.shell:Creating prefix chain script '/home/anthonykpinson/microros_ws/install/setup.ps1'
[2.232s] INFO:colcon.colcon_core.shell:Creating prefix script '/home/anthonykpinson/microros_ws/install/local_setup.sh'
[2.233s] INFO:colcon.colcon_core.shell:Creating prefix util module '/home/anthonykpinson/microros_ws/install/_local_setup_util_sh.py'
[2.233s] INFO:colcon.colcon_core.shell:Creating prefix chain script '/home/anthonykpinson/microros_ws/install/setup.sh'
[2.234s] INFO:colcon.colcon_core.shell:Creating prefix script '/home/anthonykpinson/microros_ws/install/local_setup.bash'
[2.234s] INFO:colcon.colcon_core.shell:Creating prefix chain script '/home/anthonykpinson/microros_ws/install/setup.bash'
[2.235s] INFO:colcon.colcon_core.shell:Creating prefix script '/home/anthonykpinson/microros_ws/install/local_setup.zsh'
[2.235s] INFO:colcon.colcon_core.shell:Creating prefix chain script '/home/anthonykpinson/microros_ws/install/setup.zsh'
