[0.015s] Invoking command in '/home/anthonykpinson/microros_ws/build/micro_ros_msgs': CMAKE_PREFIX_PATH=/home/anthonykpinson/microros_ws/install/micro_ros_setup:/home/anthonykpinson/microros_ws/install/micro_ros_agent:/home/anthonykpinson/microros_ws/install/micro_ros_msgs:/home/anthonykpinson/microros_ws/install/drive_base_msgs:/opt/ros/foxy:/home/anthonykpinson/catkin_ws/devel:/opt/ros/noetic /usr/bin/cmake /home/anthonykpinson/microros_ws/src/uros/micro_ros_msgs -DUAGENT_BUILD_EXECUTABLE=OFF -DUAGENT_P2P_PROFILE=OFF --no-warn-unused-cli -DCMAKE_INSTALL_PREFIX=/home/anthonykpinson/microros_ws/install/micro_ros_msgs
[0.020s] Not searching for unused variables given on the command line.
[0.024s] -- Found ament_cmake: 0.9.12 (/opt/ros/foxy/share/ament_cmake/cmake)
[0.040s] -- Found PythonInterp: /usr/bin/python3 (found suitable version "3.8.10", minimum required is "3") 
[0.041s] -- Using PYTHON_EXECUTABLE: /usr/bin/python3
[0.166s] -- Found rosidl_default_generators: 1.0.1 (/opt/ros/foxy/share/rosidl_default_generators/cmake)
[0.167s] -- Using all available rosidl_typesupport_c: rosidl_typesupport_fastrtps_c;rosidl_typesupport_introspection_c
[0.169s] -- Found rosidl_adapter: 1.3.1 (/opt/ros/foxy/share/rosidl_adapter/cmake)
[0.266s] -- Using all available rosidl_typesupport_cpp: rosidl_typesupport_fastrtps_cpp;rosidl_typesupport_introspection_cpp
[0.281s] -- Found ament_lint_auto: 0.9.8 (/opt/ros/foxy/share/ament_lint_auto/cmake)
[0.339s] -- Found PythonInterp: /usr/bin/python3 (found version "3.8.10") 
[0.387s] -- Found ament_cmake_ros: 0.9.2 (/opt/ros/foxy/share/ament_cmake_ros/cmake)
[0.454s] -- Using all available rosidl_typesupport_c: rosidl_typesupport_fastrtps_c;rosidl_typesupport_introspection_c
[0.459s] -- Using all available rosidl_typesupport_cpp: rosidl_typesupport_fastrtps_cpp;rosidl_typesupport_introspection_cpp
[0.477s] -- Found PythonInterp: /usr/bin/python3 (found suitable version "3.8.10", minimum required is "3.5") 
[0.477s] -- Found python_cmake_module: 0.8.1 (/opt/ros/foxy/share/python_cmake_module/cmake)
[0.494s] -- Using PYTHON_EXECUTABLE: /usr/bin/python3
[0.494s] -- Using PYTHON_INCLUDE_DIRS: /usr/include/python3.8
[0.494s] -- Using PYTHON_LIBRARIES: /usr/lib/x86_64-linux-gnu/libpython3.8.so
[0.505s] -- Added test 'copyright' to check source files copyright and LICENSE
[0.516s] -- Added test 'lint_cmake' to check CMake code style
[0.521s] -- Added test 'xmllint' to check XML markup files
[0.525s] -- Configuring done
[0.545s] -- Generating done
[0.546s] -- Build files have been written to: /home/anthonykpinson/microros_ws/build/micro_ros_msgs
[0.553s] Invoked command in '/home/anthonykpinson/microros_ws/build/micro_ros_msgs' returned '0': CMAKE_PREFIX_PATH=/home/anthonykpinson/microros_ws/install/micro_ros_setup:/home/anthonykpinson/microros_ws/install/micro_ros_agent:/home/anthonykpinson/microros_ws/install/micro_ros_msgs:/home/anthonykpinson/microros_ws/install/drive_base_msgs:/opt/ros/foxy:/home/anthonykpinson/catkin_ws/devel:/opt/ros/noetic /usr/bin/cmake /home/anthonykpinson/microros_ws/src/uros/micro_ros_msgs -DUAGENT_BUILD_EXECUTABLE=OFF -DUAGENT_P2P_PROFILE=OFF --no-warn-unused-cli -DCMAKE_INSTALL_PREFIX=/home/anthonykpinson/microros_ws/install/micro_ros_msgs
[0.553s] Invoking command in '/home/anthonykpinson/microros_ws/build/micro_ros_msgs': CMAKE_PREFIX_PATH=/home/anthonykpinson/microros_ws/install/micro_ros_setup:/home/anthonykpinson/microros_ws/install/micro_ros_agent:/home/anthonykpinson/microros_ws/install/micro_ros_msgs:/home/anthonykpinson/microros_ws/install/drive_base_msgs:/opt/ros/foxy:/home/anthonykpinson/catkin_ws/devel:/opt/ros/noetic /usr/bin/cmake --build /home/anthonykpinson/microros_ws/build/micro_ros_msgs -- -j20 -l20
[0.596s] [  2%] Built target micro_ros_msgs__cpp
[0.597s] [ 12%] Built target micro_ros_msgs__rosidl_generator_c
[0.610s] [ 34%] Built target micro_ros_msgs__rosidl_typesupport_introspection_cpp
[0.610s] [ 34%] Built target micro_ros_msgs__rosidl_typesupport_cpp
[0.610s] [ 44%] Built target micro_ros_msgs__rosidl_typesupport_c
[0.610s] [ 55%] Built target micro_ros_msgs__rosidl_typesupport_introspection_c
[0.612s] [ 65%] Built target micro_ros_msgs__rosidl_typesupport_fastrtps_cpp
[0.629s] [ 76%] Built target micro_ros_msgs__rosidl_typesupport_fastrtps_c
[0.647s] [ 76%] Built target micro_ros_msgs
[0.672s] [ 78%] Built target micro_ros_msgs__py
[0.701s] [ 87%] Built target micro_ros_msgs__python
[0.722s] [ 91%] Built target micro_ros_msgs__rosidl_typesupport_introspection_c__pyext
[0.722s] [ 95%] Built target micro_ros_msgs__rosidl_typesupport_fastrtps_c__pyext
[0.722s] [100%] Built target micro_ros_msgs__rosidl_typesupport_c__pyext
[0.733s] Invoked command in '/home/anthonykpinson/microros_ws/build/micro_ros_msgs' returned '0': CMAKE_PREFIX_PATH=/home/anthonykpinson/microros_ws/install/micro_ros_setup:/home/anthonykpinson/microros_ws/install/micro_ros_agent:/home/anthonykpinson/microros_ws/install/micro_ros_msgs:/home/anthonykpinson/microros_ws/install/drive_base_msgs:/opt/ros/foxy:/home/anthonykpinson/catkin_ws/devel:/opt/ros/noetic /usr/bin/cmake --build /home/anthonykpinson/microros_ws/build/micro_ros_msgs -- -j20 -l20
[0.841s] Invoking command in '/home/anthonykpinson/microros_ws/build/micro_ros_msgs': CMAKE_PREFIX_PATH=/home/anthonykpinson/microros_ws/install/micro_ros_setup:/home/anthonykpinson/microros_ws/install/micro_ros_agent:/home/anthonykpinson/microros_ws/install/micro_ros_msgs:/home/anthonykpinson/microros_ws/install/drive_base_msgs:/opt/ros/foxy:/home/anthonykpinson/catkin_ws/devel:/opt/ros/noetic /usr/bin/cmake --install /home/anthonykpinson/microros_ws/build/micro_ros_msgs
[0.849s] -- Install configuration: ""
[0.849s] -- Up-to-date: /home/anthonykpinson/microros_ws/install/micro_ros_msgs/share/ament_index/resource_index/rosidl_interfaces/micro_ros_msgs
[0.849s] -- Up-to-date: /home/anthonykpinson/microros_ws/install/micro_ros_msgs/include/micro_ros_msgs
[0.849s] -- Up-to-date: /home/anthonykpinson/microros_ws/install/micro_ros_msgs/include/micro_ros_msgs/msg
[0.849s] -- Up-to-date: /home/anthonykpinson/microros_ws/install/micro_ros_msgs/include/micro_ros_msgs/msg/node.h
[0.849s] -- Up-to-date: /home/anthonykpinson/microros_ws/install/micro_ros_msgs/include/micro_ros_msgs/msg/rosidl_generator_c__visibility_control.h
[0.849s] -- Up-to-date: /home/anthonykpinson/microros_ws/install/micro_ros_msgs/include/micro_ros_msgs/msg/entity.h
[0.849s] -- Up-to-date: /home/anthonykpinson/microros_ws/install/micro_ros_msgs/include/micro_ros_msgs/msg/detail
[0.849s] -- Up-to-date: /home/anthonykpinson/microros_ws/install/micro_ros_msgs/include/micro_ros_msgs/msg/detail/graph__functions.c
[0.849s] -- Up-to-date: /home/anthonykpinson/microros_ws/install/micro_ros_msgs/include/micro_ros_msgs/msg/detail/node__functions.h
[0.849s] -- Up-to-date: /home/anthonykpinson/microros_ws/install/micro_ros_msgs/include/micro_ros_msgs/msg/detail/entity__struct.h
[0.849s] -- Up-to-date: /home/anthonykpinson/microros_ws/install/micro_ros_msgs/include/micro_ros_msgs/msg/detail/entity__functions.c
[0.849s] -- Up-to-date: /home/anthonykpinson/microros_ws/install/micro_ros_msgs/include/micro_ros_msgs/msg/detail/node__functions.c
[0.849s] -- Up-to-date: /home/anthonykpinson/microros_ws/install/micro_ros_msgs/include/micro_ros_msgs/msg/detail/node__struct.h
[0.849s] -- Up-to-date: /home/anthonykpinson/microros_ws/install/micro_ros_msgs/include/micro_ros_msgs/msg/detail/entity__functions.h
[0.849s] -- Up-to-date: /home/anthonykpinson/microros_ws/install/micro_ros_msgs/include/micro_ros_msgs/msg/detail/node__type_support.h
[0.849s] -- Up-to-date: /home/anthonykpinson/microros_ws/install/micro_ros_msgs/include/micro_ros_msgs/msg/detail/graph__struct.h
[0.849s] -- Up-to-date: /home/anthonykpinson/microros_ws/install/micro_ros_msgs/include/micro_ros_msgs/msg/detail/entity__type_support.h
[0.849s] -- Up-to-date: /home/anthonykpinson/microros_ws/install/micro_ros_msgs/include/micro_ros_msgs/msg/detail/graph__functions.h
[0.849s] -- Up-to-date: /home/anthonykpinson/microros_ws/install/micro_ros_msgs/include/micro_ros_msgs/msg/detail/graph__type_support.h
[0.849s] -- Up-to-date: /home/anthonykpinson/microros_ws/install/micro_ros_msgs/include/micro_ros_msgs/msg/graph.h
[0.849s] -- Up-to-date: /home/anthonykpinson/microros_ws/install/micro_ros_msgs/share/micro_ros_msgs/environment/library_path.sh
[0.849s] -- Installing: /home/anthonykpinson/microros_ws/install/micro_ros_msgs/share/micro_ros_msgs/environment/library_path.dsv
[0.849s] -- Up-to-date: /home/anthonykpinson/microros_ws/install/micro_ros_msgs/lib/libmicro_ros_msgs__rosidl_generator_c.so
[0.849s] -- Up-to-date: /home/anthonykpinson/microros_ws/install/micro_ros_msgs/include/micro_ros_msgs
[0.849s] -- Up-to-date: /home/anthonykpinson/microros_ws/install/micro_ros_msgs/include/micro_ros_msgs/msg
[0.849s] -- Up-to-date: /home/anthonykpinson/microros_ws/install/micro_ros_msgs/include/micro_ros_msgs/msg/rosidl_typesupport_fastrtps_c__visibility_control.h
[0.850s] -- Up-to-date: /home/anthonykpinson/microros_ws/install/micro_ros_msgs/include/micro_ros_msgs/msg/detail
[0.850s] -- Up-to-date: /home/anthonykpinson/microros_ws/install/micro_ros_msgs/include/micro_ros_msgs/msg/detail/node__rosidl_typesupport_fastrtps_c.h
[0.850s] -- Up-to-date: /home/anthonykpinson/microros_ws/install/micro_ros_msgs/include/micro_ros_msgs/msg/detail/entity__rosidl_typesupport_fastrtps_c.h
[0.850s] -- Up-to-date: /home/anthonykpinson/microros_ws/install/micro_ros_msgs/include/micro_ros_msgs/msg/detail/graph__rosidl_typesupport_fastrtps_c.h
[0.850s] -- Up-to-date: /home/anthonykpinson/microros_ws/install/micro_ros_msgs/lib/libmicro_ros_msgs__rosidl_typesupport_fastrtps_c.so
[0.850s] -- Up-to-date: /home/anthonykpinson/microros_ws/install/micro_ros_msgs/include/micro_ros_msgs
[0.850s] -- Up-to-date: /home/anthonykpinson/microros_ws/install/micro_ros_msgs/include/micro_ros_msgs/msg
[0.850s] -- Up-to-date: /home/anthonykpinson/microros_ws/install/micro_ros_msgs/include/micro_ros_msgs/msg/detail
[0.850s] -- Up-to-date: /home/anthonykpinson/microros_ws/install/micro_ros_msgs/include/micro_ros_msgs/msg/detail/entity__rosidl_typesupport_fastrtps_cpp.hpp
[0.850s] -- Up-to-date: /home/anthonykpinson/microros_ws/install/micro_ros_msgs/include/micro_ros_msgs/msg/detail/dds_fastrtps
[0.850s] -- Up-to-date: /home/anthonykpinson/microros_ws/install/micro_ros_msgs/include/micro_ros_msgs/msg/detail/graph__rosidl_typesupport_fastrtps_cpp.hpp
[0.850s] -- Up-to-date: /home/anthonykpinson/microros_ws/install/micro_ros_msgs/include/micro_ros_msgs/msg/detail/node__rosidl_typesupport_fastrtps_cpp.hpp
[0.850s] -- Up-to-date: /home/anthonykpinson/microros_ws/install/micro_ros_msgs/include/micro_ros_msgs/msg/rosidl_typesupport_fastrtps_cpp__visibility_control.h
[0.850s] -- Up-to-date: /home/anthonykpinson/microros_ws/install/micro_ros_msgs/lib/libmicro_ros_msgs__rosidl_typesupport_fastrtps_cpp.so
[0.850s] -- Up-to-date: /home/anthonykpinson/microros_ws/install/micro_ros_msgs/include/micro_ros_msgs
[0.850s] -- Up-to-date: /home/anthonykpinson/microros_ws/install/micro_ros_msgs/include/micro_ros_msgs/msg
[0.850s] -- Up-to-date: /home/anthonykpinson/microros_ws/install/micro_ros_msgs/include/micro_ros_msgs/msg/detail
[0.850s] -- Up-to-date: /home/anthonykpinson/microros_ws/install/micro_ros_msgs/include/micro_ros_msgs/msg/detail/graph__type_support.c
[0.850s] -- Up-to-date: /home/anthonykpinson/microros_ws/install/micro_ros_msgs/include/micro_ros_msgs/msg/detail/entity__rosidl_typesupport_introspection_c.h
[0.850s] -- Up-to-date: /home/anthonykpinson/microros_ws/install/micro_ros_msgs/include/micro_ros_msgs/msg/detail/entity__type_support.c
[0.850s] -- Up-to-date: /home/anthonykpinson/microros_ws/install/micro_ros_msgs/include/micro_ros_msgs/msg/detail/graph__rosidl_typesupport_introspection_c.h
[0.850s] -- Up-to-date: /home/anthonykpinson/microros_ws/install/micro_ros_msgs/include/micro_ros_msgs/msg/detail/node__type_support.c
[0.850s] -- Up-to-date: /home/anthonykpinson/microros_ws/install/micro_ros_msgs/include/micro_ros_msgs/msg/detail/node__rosidl_typesupport_introspection_c.h
[0.850s] -- Up-to-date: /home/anthonykpinson/microros_ws/install/micro_ros_msgs/include/micro_ros_msgs/msg/rosidl_typesupport_introspection_c__visibility_control.h
[0.850s] -- Up-to-date: /home/anthonykpinson/microros_ws/install/micro_ros_msgs/lib/libmicro_ros_msgs__rosidl_typesupport_introspection_c.so
[0.850s] -- Up-to-date: /home/anthonykpinson/microros_ws/install/micro_ros_msgs/lib/libmicro_ros_msgs__rosidl_typesupport_c.so
[0.850s] -- Up-to-date: /home/anthonykpinson/microros_ws/install/micro_ros_msgs/include/micro_ros_msgs
[0.850s] -- Up-to-date: /home/anthonykpinson/microros_ws/install/micro_ros_msgs/include/micro_ros_msgs/msg
[0.851s] -- Up-to-date: /home/anthonykpinson/microros_ws/install/micro_ros_msgs/include/micro_ros_msgs/msg/entity.hpp
[0.851s] -- Up-to-date: /home/anthonykpinson/microros_ws/install/micro_ros_msgs/include/micro_ros_msgs/msg/rosidl_generator_cpp__visibility_control.hpp
[0.851s] -- Up-to-date: /home/anthonykpinson/microros_ws/install/micro_ros_msgs/include/micro_ros_msgs/msg/node.hpp
[0.851s] -- Up-to-date: /home/anthonykpinson/microros_ws/install/micro_ros_msgs/include/micro_ros_msgs/msg/detail
[0.851s] -- Up-to-date: /home/anthonykpinson/microros_ws/install/micro_ros_msgs/include/micro_ros_msgs/msg/detail/entity__traits.hpp
[0.851s] -- Up-to-date: /home/anthonykpinson/microros_ws/install/micro_ros_msgs/include/micro_ros_msgs/msg/detail/graph__type_support.hpp
[0.851s] -- Up-to-date: /home/anthonykpinson/microros_ws/install/micro_ros_msgs/include/micro_ros_msgs/msg/detail/graph__builder.hpp
[0.851s] -- Up-to-date: /home/anthonykpinson/microros_ws/install/micro_ros_msgs/include/micro_ros_msgs/msg/detail/node__type_support.hpp
[0.851s] -- Up-to-date: /home/anthonykpinson/microros_ws/install/micro_ros_msgs/include/micro_ros_msgs/msg/detail/entity__builder.hpp
[0.851s] -- Up-to-date: /home/anthonykpinson/microros_ws/install/micro_ros_msgs/include/micro_ros_msgs/msg/detail/node__struct.hpp
[0.851s] -- Up-to-date: /home/anthonykpinson/microros_ws/install/micro_ros_msgs/include/micro_ros_msgs/msg/detail/node__traits.hpp
[0.851s] -- Up-to-date: /home/anthonykpinson/microros_ws/install/micro_ros_msgs/include/micro_ros_msgs/msg/detail/graph__struct.hpp
[0.851s] -- Up-to-date: /home/anthonykpinson/microros_ws/install/micro_ros_msgs/include/micro_ros_msgs/msg/detail/graph__traits.hpp
[0.851s] -- Up-to-date: /home/anthonykpinson/microros_ws/install/micro_ros_msgs/include/micro_ros_msgs/msg/detail/entity__struct.hpp
[0.851s] -- Up-to-date: /home/anthonykpinson/microros_ws/install/micro_ros_msgs/include/micro_ros_msgs/msg/detail/entity__type_support.hpp
[0.851s] -- Up-to-date: /home/anthonykpinson/microros_ws/install/micro_ros_msgs/include/micro_ros_msgs/msg/detail/node__builder.hpp
[0.851s] -- Up-to-date: /home/anthonykpinson/microros_ws/install/micro_ros_msgs/include/micro_ros_msgs/msg/graph.hpp
[0.851s] -- Up-to-date: /home/anthonykpinson/microros_ws/install/micro_ros_msgs/include/micro_ros_msgs
[0.851s] -- Up-to-date: /home/anthonykpinson/microros_ws/install/micro_ros_msgs/include/micro_ros_msgs/msg
[0.851s] -- Up-to-date: /home/anthonykpinson/microros_ws/install/micro_ros_msgs/include/micro_ros_msgs/msg/detail
[0.851s] -- Up-to-date: /home/anthonykpinson/microros_ws/install/micro_ros_msgs/include/micro_ros_msgs/msg/detail/graph__type_support.cpp
[0.851s] -- Up-to-date: /home/anthonykpinson/microros_ws/install/micro_ros_msgs/include/micro_ros_msgs/msg/detail/entity__type_support.cpp
[0.851s] -- Up-to-date: /home/anthonykpinson/microros_ws/install/micro_ros_msgs/include/micro_ros_msgs/msg/detail/node__type_support.cpp
[0.851s] -- Up-to-date: /home/anthonykpinson/microros_ws/install/micro_ros_msgs/include/micro_ros_msgs/msg/detail/entity__rosidl_typesupport_introspection_cpp.hpp
[0.851s] -- Up-to-date: /home/anthonykpinson/microros_ws/install/micro_ros_msgs/include/micro_ros_msgs/msg/detail/node__rosidl_typesupport_introspection_cpp.hpp
[0.851s] -- Up-to-date: /home/anthonykpinson/microros_ws/install/micro_ros_msgs/include/micro_ros_msgs/msg/detail/graph__rosidl_typesupport_introspection_cpp.hpp
[0.851s] -- Up-to-date: /home/anthonykpinson/microros_ws/install/micro_ros_msgs/lib/libmicro_ros_msgs__rosidl_typesupport_introspection_cpp.so
[0.851s] -- Up-to-date: /home/anthonykpinson/microros_ws/install/micro_ros_msgs/lib/libmicro_ros_msgs__rosidl_typesupport_cpp.so
[0.851s] -- Up-to-date: /home/anthonykpinson/microros_ws/install/micro_ros_msgs/share/micro_ros_msgs/environment/pythonpath.sh
[0.851s] -- Installing: /home/anthonykpinson/microros_ws/install/micro_ros_msgs/share/micro_ros_msgs/environment/pythonpath.dsv
[0.851s] -- Installing: /home/anthonykpinson/microros_ws/install/micro_ros_msgs/lib/python3.8/site-packages/micro_ros_msgs/__init__.py
[0.876s] Compiling '/home/anthonykpinson/microros_ws/install/micro_ros_msgs/lib/python3.8/site-packages/micro_ros_msgs/__init__.py'...
[0.878s] -- Up-to-date: /home/anthonykpinson/microros_ws/install/micro_ros_msgs/lib/python3.8/site-packages/micro_ros_msgs/msg
[0.878s] -- Up-to-date: /home/anthonykpinson/microros_ws/install/micro_ros_msgs/lib/python3.8/site-packages/micro_ros_msgs/msg/_graph_s.c
[0.878s] -- Up-to-date: /home/anthonykpinson/microros_ws/install/micro_ros_msgs/lib/python3.8/site-packages/micro_ros_msgs/msg/_entity.py
[0.878s] -- Up-to-date: /home/anthonykpinson/microros_ws/install/micro_ros_msgs/lib/python3.8/site-packages/micro_ros_msgs/msg/_node.py
[0.878s] -- Up-to-date: /home/anthonykpinson/microros_ws/install/micro_ros_msgs/lib/python3.8/site-packages/micro_ros_msgs/msg/_node_s.c
[0.878s] -- Up-to-date: /home/anthonykpinson/microros_ws/install/micro_ros_msgs/lib/python3.8/site-packages/micro_ros_msgs/msg/_graph.py
[0.878s] -- Up-to-date: /home/anthonykpinson/microros_ws/install/micro_ros_msgs/lib/python3.8/site-packages/micro_ros_msgs/msg/__init__.py
[0.878s] -- Up-to-date: /home/anthonykpinson/microros_ws/install/micro_ros_msgs/lib/python3.8/site-packages/micro_ros_msgs/msg/_entity_s.c
[0.878s] -- Up-to-date: /home/anthonykpinson/microros_ws/install/micro_ros_msgs/lib/python3.8/site-packages/micro_ros_msgs/micro_ros_msgs_s__rosidl_typesupport_fastrtps_c.cpython-38-x86_64-linux-gnu.so
[0.879s] -- Up-to-date: /home/anthonykpinson/microros_ws/install/micro_ros_msgs/lib/python3.8/site-packages/micro_ros_msgs/micro_ros_msgs_s__rosidl_typesupport_introspection_c.cpython-38-x86_64-linux-gnu.so
[0.879s] -- Up-to-date: /home/anthonykpinson/microros_ws/install/micro_ros_msgs/lib/python3.8/site-packages/micro_ros_msgs/micro_ros_msgs_s__rosidl_typesupport_c.cpython-38-x86_64-linux-gnu.so
[0.879s] -- Up-to-date: /home/anthonykpinson/microros_ws/install/micro_ros_msgs/lib/libmicro_ros_msgs__python.so
[0.879s] -- Up-to-date: /home/anthonykpinson/microros_ws/install/micro_ros_msgs/share/micro_ros_msgs/msg/Graph.idl
[0.879s] -- Up-to-date: /home/anthonykpinson/microros_ws/install/micro_ros_msgs/share/micro_ros_msgs/msg/Node.idl
[0.880s] -- Up-to-date: /home/anthonykpinson/microros_ws/install/micro_ros_msgs/share/micro_ros_msgs/msg/Entity.idl
[0.880s] -- Up-to-date: /home/anthonykpinson/microros_ws/install/micro_ros_msgs/share/micro_ros_msgs/msg/Graph.msg
[0.880s] -- Up-to-date: /home/anthonykpinson/microros_ws/install/micro_ros_msgs/share/micro_ros_msgs/msg/Node.msg
[0.880s] -- Up-to-date: /home/anthonykpinson/microros_ws/install/micro_ros_msgs/share/micro_ros_msgs/msg/Entity.msg
[0.880s] -- Up-to-date: /home/anthonykpinson/microros_ws/install/micro_ros_msgs/share/ament_index/resource_index/package_run_dependencies/micro_ros_msgs
[0.880s] -- Installing: /home/anthonykpinson/microros_ws/install/micro_ros_msgs/share/ament_index/resource_index/parent_prefix_path/micro_ros_msgs
[0.880s] -- Up-to-date: /home/anthonykpinson/microros_ws/install/micro_ros_msgs/share/micro_ros_msgs/environment/ament_prefix_path.sh
[0.880s] -- Installing: /home/anthonykpinson/microros_ws/install/micro_ros_msgs/share/micro_ros_msgs/environment/ament_prefix_path.dsv
[0.880s] -- Up-to-date: /home/anthonykpinson/microros_ws/install/micro_ros_msgs/share/micro_ros_msgs/environment/path.sh
[0.880s] -- Installing: /home/anthonykpinson/microros_ws/install/micro_ros_msgs/share/micro_ros_msgs/environment/path.dsv
[0.880s] -- Up-to-date: /home/anthonykpinson/microros_ws/install/micro_ros_msgs/share/micro_ros_msgs/local_setup.bash
[0.880s] -- Up-to-date: /home/anthonykpinson/microros_ws/install/micro_ros_msgs/share/micro_ros_msgs/local_setup.sh
[0.880s] -- Up-to-date: /home/anthonykpinson/microros_ws/install/micro_ros_msgs/share/micro_ros_msgs/local_setup.zsh
[0.880s] -- Installing: /home/anthonykpinson/microros_ws/install/micro_ros_msgs/share/micro_ros_msgs/local_setup.dsv
[0.880s] -- Installing: /home/anthonykpinson/microros_ws/install/micro_ros_msgs/share/micro_ros_msgs/package.dsv
[0.880s] -- Up-to-date: /home/anthonykpinson/microros_ws/install/micro_ros_msgs/share/ament_index/resource_index/packages/micro_ros_msgs
[0.880s] -- Up-to-date: /home/anthonykpinson/microros_ws/install/micro_ros_msgs/share/micro_ros_msgs/cmake/micro_ros_msgs__rosidl_generator_cExport.cmake
[0.880s] -- Installing: /home/anthonykpinson/microros_ws/install/micro_ros_msgs/share/micro_ros_msgs/cmake/micro_ros_msgs__rosidl_generator_cExport-noconfig.cmake
[0.880s] -- Up-to-date: /home/anthonykpinson/microros_ws/install/micro_ros_msgs/share/micro_ros_msgs/cmake/micro_ros_msgs__rosidl_typesupport_introspection_cExport.cmake
[0.880s] -- Installing: /home/anthonykpinson/microros_ws/install/micro_ros_msgs/share/micro_ros_msgs/cmake/micro_ros_msgs__rosidl_typesupport_introspection_cExport-noconfig.cmake
[0.880s] -- Up-to-date: /home/anthonykpinson/microros_ws/install/micro_ros_msgs/share/micro_ros_msgs/cmake/micro_ros_msgs__rosidl_typesupport_cExport.cmake
[0.881s] -- Installing: /home/anthonykpinson/microros_ws/install/micro_ros_msgs/share/micro_ros_msgs/cmake/micro_ros_msgs__rosidl_typesupport_cExport-noconfig.cmake
[0.881s] -- Up-to-date: /home/anthonykpinson/microros_ws/install/micro_ros_msgs/share/micro_ros_msgs/cmake/micro_ros_msgs__rosidl_generator_cppExport.cmake
[0.881s] -- Up-to-date: /home/anthonykpinson/microros_ws/install/micro_ros_msgs/share/micro_ros_msgs/cmake/micro_ros_msgs__rosidl_typesupport_introspection_cppExport.cmake
[0.881s] -- Installing: /home/anthonykpinson/microros_ws/install/micro_ros_msgs/share/micro_ros_msgs/cmake/micro_ros_msgs__rosidl_typesupport_introspection_cppExport-noconfig.cmake
[0.881s] -- Up-to-date: /home/anthonykpinson/microros_ws/install/micro_ros_msgs/share/micro_ros_msgs/cmake/micro_ros_msgs__rosidl_typesupport_cppExport.cmake
[0.881s] -- Installing: /home/anthonykpinson/microros_ws/install/micro_ros_msgs/share/micro_ros_msgs/cmake/micro_ros_msgs__rosidl_typesupport_cppExport-noconfig.cmake
[0.881s] -- Up-to-date: /home/anthonykpinson/microros_ws/install/micro_ros_msgs/share/micro_ros_msgs/cmake/rosidl_cmake-extras.cmake
[0.881s] -- Up-to-date: /home/anthonykpinson/microros_ws/install/micro_ros_msgs/share/micro_ros_msgs/cmake/ament_cmake_export_dependencies-extras.cmake
[0.881s] -- Up-to-date: /home/anthonykpinson/microros_ws/install/micro_ros_msgs/share/micro_ros_msgs/cmake/ament_cmake_export_libraries-extras.cmake
[0.881s] -- Up-to-date: /home/anthonykpinson/microros_ws/install/micro_ros_msgs/share/micro_ros_msgs/cmake/ament_cmake_export_targets-extras.cmake
[0.881s] -- Up-to-date: /home/anthonykpinson/microros_ws/install/micro_ros_msgs/share/micro_ros_msgs/cmake/ament_cmake_export_include_directories-extras.cmake
[0.881s] -- Up-to-date: /home/anthonykpinson/microros_ws/install/micro_ros_msgs/share/micro_ros_msgs/cmake/rosidl_cmake_export_typesupport_libraries-extras.cmake
[0.881s] -- Up-to-date: /home/anthonykpinson/microros_ws/install/micro_ros_msgs/share/micro_ros_msgs/cmake/rosidl_cmake_export_typesupport_targets-extras.cmake
[0.881s] -- Up-to-date: /home/anthonykpinson/microros_ws/install/micro_ros_msgs/share/micro_ros_msgs/cmake/micro_ros_msgsConfig.cmake
[0.881s] -- Up-to-date: /home/anthonykpinson/microros_ws/install/micro_ros_msgs/share/micro_ros_msgs/cmake/micro_ros_msgsConfig-version.cmake
[0.881s] -- Up-to-date: /home/anthonykpinson/microros_ws/install/micro_ros_msgs/share/micro_ros_msgs/package.xml
[0.883s] Invoked command in '/home/anthonykpinson/microros_ws/build/micro_ros_msgs' returned '0': CMAKE_PREFIX_PATH=/home/anthonykpinson/microros_ws/install/micro_ros_setup:/home/anthonykpinson/microros_ws/install/micro_ros_agent:/home/anthonykpinson/microros_ws/install/micro_ros_msgs:/home/anthonykpinson/microros_ws/install/drive_base_msgs:/opt/ros/foxy:/home/anthonykpinson/catkin_ws/devel:/opt/ros/noetic /usr/bin/cmake --install /home/anthonykpinson/microros_ws/build/micro_ros_msgs
