[0.153s] DEBUG:colcon:Command line arguments: ['/usr/bin/colcon', 'build']
[0.153s] DEBUG:colcon:Parsed command line arguments: Namespace(allow_overriding=[], ament_cmake_args=None, base_paths=['.'], build_base='build', catkin_cmake_args=None, catkin_skip_building_tests=False, cmake_args=None, cmake_clean_cache=False, cmake_clean_first=False, cmake_force_configure=False, cmake_target=None, cmake_target_skip_unavailable=False, continue_on_error=False, event_handlers=None, executor='parallel', ignore_user_meta=False, install_base='install', log_base=None, log_level=None, main=<bound method BuildVerb.main of <colcon_core.verb.build.BuildVerb object at 0x7f83ce445100>>, merge_install=False, metas=['./colcon.meta'], mixin=None, mixin_files=None, mixin_verb=('build',), packages_above=None, packages_above_and_dependencies=None, packages_above_depth=None, packages_end=None, packages_ignore=None, packages_ignore_regex=None, packages_select=None, packages_select_build_failed=False, packages_select_by_dep=None, packages_select_regex=None, packages_select_test_failures=False, packages_skip=None, packages_skip_build_finished=False, packages_skip_by_dep=None, packages_skip_regex=None, packages_skip_test_passed=False, packages_skip_up_to=None, packages_start=None, packages_up_to=None, packages_up_to_regex=None, parallel_workers=20, paths=None, symlink_install=False, test_result_base=None, verb_extension=<colcon_core.verb.build.BuildVerb object at 0x7f83ce445100>, verb_name='build', verb_parser=<colcon_mixin.mixin.mixin_argument.MixinArgumentDecorator object at 0x7f83ce445610>)
[0.184s] Level 1:colcon.colcon_core.package_discovery:discover_packages(colcon_meta) check parameters
[0.184s] Level 1:colcon.colcon_core.package_discovery:discover_packages(recursive) check parameters
[0.184s] Level 1:colcon.colcon_core.package_discovery:discover_packages(ignore) check parameters
[0.184s] Level 1:colcon.colcon_core.package_discovery:discover_packages(path) check parameters
[0.184s] Level 1:colcon.colcon_core.package_discovery:discover_packages(colcon_meta) discover
[0.184s] Level 1:colcon.colcon_core.package_discovery:discover_packages(recursive) discover
[0.184s] INFO:colcon.colcon_core.package_discovery:Crawling recursively for packages in '/home/anthonykpinson/microros_ws'
[0.184s] Level 1:colcon.colcon_core.package_identification:_identify(.) by extensions ['ignore', 'ignore_ament_install']
[0.184s] Level 1:colcon.colcon_core.package_identification:_identify(.) by extension 'ignore'
[0.184s] Level 1:colcon.colcon_core.package_identification:_identify(.) by extension 'ignore_ament_install'
[0.184s] Level 1:colcon.colcon_core.package_identification:_identify(.) by extensions ['colcon_pkg']
[0.184s] Level 1:colcon.colcon_core.package_identification:_identify(.) by extension 'colcon_pkg'
[0.184s] Level 1:colcon.colcon_core.package_identification:_identify(.) by extensions ['colcon_meta']
[0.184s] Level 1:colcon.colcon_core.package_identification:_identify(.) by extension 'colcon_meta'
[0.184s] Level 1:colcon.colcon_core.package_identification:_identify(.) by extensions ['ros']
[0.185s] Level 1:colcon.colcon_core.package_identification:_identify(.) by extension 'ros'
[0.194s] Level 1:colcon.colcon_core.package_identification:_identify(.) by extensions ['cmake', 'python']
[0.194s] Level 1:colcon.colcon_core.package_identification:_identify(.) by extension 'cmake'
[0.194s] Level 1:colcon.colcon_core.package_identification:_identify(.) by extension 'python'
[0.194s] Level 1:colcon.colcon_core.package_identification:_identify(.) by extensions ['python_setup_py']
[0.194s] Level 1:colcon.colcon_core.package_identification:_identify(.) by extension 'python_setup_py'
[0.194s] Level 1:colcon.colcon_core.package_identification:_identify(build) by extensions ['ignore', 'ignore_ament_install']
[0.194s] Level 1:colcon.colcon_core.package_identification:_identify(build) by extension 'ignore'
[0.194s] Level 1:colcon.colcon_core.package_identification:_identify(build) ignored
[0.194s] Level 1:colcon.colcon_core.package_identification:_identify(install) by extensions ['ignore', 'ignore_ament_install']
[0.195s] Level 1:colcon.colcon_core.package_identification:_identify(install) by extension 'ignore'
[0.195s] Level 1:colcon.colcon_core.package_identification:_identify(install) ignored
[0.195s] Level 1:colcon.colcon_core.package_identification:_identify(log) by extensions ['ignore', 'ignore_ament_install']
[0.195s] Level 1:colcon.colcon_core.package_identification:_identify(log) by extension 'ignore'
[0.195s] Level 1:colcon.colcon_core.package_identification:_identify(log) ignored
[0.195s] Level 1:colcon.colcon_core.package_identification:_identify(src) by extensions ['ignore', 'ignore_ament_install']
[0.195s] Level 1:colcon.colcon_core.package_identification:_identify(src) by extension 'ignore'
[0.195s] Level 1:colcon.colcon_core.package_identification:_identify(src) by extension 'ignore_ament_install'
[0.195s] Level 1:colcon.colcon_core.package_identification:_identify(src) by extensions ['colcon_pkg']
[0.195s] Level 1:colcon.colcon_core.package_identification:_identify(src) by extension 'colcon_pkg'
[0.195s] Level 1:colcon.colcon_core.package_identification:_identify(src) by extensions ['colcon_meta']
[0.195s] Level 1:colcon.colcon_core.package_identification:_identify(src) by extension 'colcon_meta'
[0.195s] Level 1:colcon.colcon_core.package_identification:_identify(src) by extensions ['ros']
[0.195s] Level 1:colcon.colcon_core.package_identification:_identify(src) by extension 'ros'
[0.195s] Level 1:colcon.colcon_core.package_identification:_identify(src) by extensions ['cmake', 'python']
[0.195s] Level 1:colcon.colcon_core.package_identification:_identify(src) by extension 'cmake'
[0.195s] Level 1:colcon.colcon_core.package_identification:_identify(src) by extension 'python'
[0.195s] Level 1:colcon.colcon_core.package_identification:_identify(src) by extensions ['python_setup_py']
[0.195s] Level 1:colcon.colcon_core.package_identification:_identify(src) by extension 'python_setup_py'
[0.195s] Level 1:colcon.colcon_core.package_identification:_identify(src/micro_ros_setup) by extensions ['ignore', 'ignore_ament_install']
[0.195s] Level 1:colcon.colcon_core.package_identification:_identify(src/micro_ros_setup) by extension 'ignore'
[0.195s] Level 1:colcon.colcon_core.package_identification:_identify(src/micro_ros_setup) by extension 'ignore_ament_install'
[0.195s] Level 1:colcon.colcon_core.package_identification:_identify(src/micro_ros_setup) by extensions ['colcon_pkg']
[0.195s] Level 1:colcon.colcon_core.package_identification:_identify(src/micro_ros_setup) by extension 'colcon_pkg'
[0.195s] Level 1:colcon.colcon_core.package_identification:_identify(src/micro_ros_setup) by extensions ['colcon_meta']
[0.195s] Level 1:colcon.colcon_core.package_identification:_identify(src/micro_ros_setup) by extension 'colcon_meta'
[0.195s] Level 1:colcon.colcon_core.package_identification:_identify(src/micro_ros_setup) by extensions ['ros']
[0.195s] Level 1:colcon.colcon_core.package_identification:_identify(src/micro_ros_setup) by extension 'ros'
[0.197s] DEBUG:colcon.colcon_core.package_identification:Package 'src/micro_ros_setup' with type 'ros.ament_cmake' and name 'micro_ros_setup'
[0.197s] Level 1:colcon.colcon_core.package_identification:_identify(src/uros) by extensions ['ignore', 'ignore_ament_install']
[0.197s] Level 1:colcon.colcon_core.package_identification:_identify(src/uros) by extension 'ignore'
[0.197s] Level 1:colcon.colcon_core.package_identification:_identify(src/uros) by extension 'ignore_ament_install'
[0.197s] Level 1:colcon.colcon_core.package_identification:_identify(src/uros) by extensions ['colcon_pkg']
[0.197s] Level 1:colcon.colcon_core.package_identification:_identify(src/uros) by extension 'colcon_pkg'
[0.197s] Level 1:colcon.colcon_core.package_identification:_identify(src/uros) by extensions ['colcon_meta']
[0.197s] Level 1:colcon.colcon_core.package_identification:_identify(src/uros) by extension 'colcon_meta'
[0.197s] Level 1:colcon.colcon_core.package_identification:_identify(src/uros) by extensions ['ros']
[0.197s] Level 1:colcon.colcon_core.package_identification:_identify(src/uros) by extension 'ros'
[0.197s] Level 1:colcon.colcon_core.package_identification:_identify(src/uros) by extensions ['cmake', 'python']
[0.197s] Level 1:colcon.colcon_core.package_identification:_identify(src/uros) by extension 'cmake'
[0.198s] Level 1:colcon.colcon_core.package_identification:_identify(src/uros) by extension 'python'
[0.198s] Level 1:colcon.colcon_core.package_identification:_identify(src/uros) by extensions ['python_setup_py']
[0.198s] Level 1:colcon.colcon_core.package_identification:_identify(src/uros) by extension 'python_setup_py'
[0.198s] Level 1:colcon.colcon_core.package_identification:_identify(src/uros/drive_base) by extensions ['ignore', 'ignore_ament_install']
[0.198s] Level 1:colcon.colcon_core.package_identification:_identify(src/uros/drive_base) by extension 'ignore'
[0.198s] Level 1:colcon.colcon_core.package_identification:_identify(src/uros/drive_base) by extension 'ignore_ament_install'
[0.198s] Level 1:colcon.colcon_core.package_identification:_identify(src/uros/drive_base) by extensions ['colcon_pkg']
[0.198s] Level 1:colcon.colcon_core.package_identification:_identify(src/uros/drive_base) by extension 'colcon_pkg'
[0.198s] Level 1:colcon.colcon_core.package_identification:_identify(src/uros/drive_base) by extensions ['colcon_meta']
[0.198s] Level 1:colcon.colcon_core.package_identification:_identify(src/uros/drive_base) by extension 'colcon_meta'
[0.198s] Level 1:colcon.colcon_core.package_identification:_identify(src/uros/drive_base) by extensions ['ros']
[0.198s] Level 1:colcon.colcon_core.package_identification:_identify(src/uros/drive_base) by extension 'ros'
[0.198s] Level 1:colcon.colcon_core.package_identification:_identify(src/uros/drive_base) by extensions ['cmake', 'python']
[0.198s] Level 1:colcon.colcon_core.package_identification:_identify(src/uros/drive_base) by extension 'cmake'
[0.198s] Level 1:colcon.colcon_core.package_identification:_identify(src/uros/drive_base) by extension 'python'
[0.198s] Level 1:colcon.colcon_core.package_identification:_identify(src/uros/drive_base) by extensions ['python_setup_py']
[0.198s] Level 1:colcon.colcon_core.package_identification:_identify(src/uros/drive_base) by extension 'python_setup_py'
[0.198s] Level 1:colcon.colcon_core.package_identification:_identify(src/uros/drive_base/drive_base_msgs) by extensions ['ignore', 'ignore_ament_install']
[0.199s] Level 1:colcon.colcon_core.package_identification:_identify(src/uros/drive_base/drive_base_msgs) by extension 'ignore'
[0.199s] Level 1:colcon.colcon_core.package_identification:_identify(src/uros/drive_base/drive_base_msgs) by extension 'ignore_ament_install'
[0.199s] Level 1:colcon.colcon_core.package_identification:_identify(src/uros/drive_base/drive_base_msgs) by extensions ['colcon_pkg']
[0.199s] Level 1:colcon.colcon_core.package_identification:_identify(src/uros/drive_base/drive_base_msgs) by extension 'colcon_pkg'
[0.199s] Level 1:colcon.colcon_core.package_identification:_identify(src/uros/drive_base/drive_base_msgs) by extensions ['colcon_meta']
[0.199s] Level 1:colcon.colcon_core.package_identification:_identify(src/uros/drive_base/drive_base_msgs) by extension 'colcon_meta'
[0.199s] Level 1:colcon.colcon_core.package_identification:_identify(src/uros/drive_base/drive_base_msgs) by extensions ['ros']
[0.199s] Level 1:colcon.colcon_core.package_identification:_identify(src/uros/drive_base/drive_base_msgs) by extension 'ros'
[0.199s] DEBUG:colcon.colcon_core.package_identification:Package 'src/uros/drive_base/drive_base_msgs' with type 'ros.ament_cmake' and name 'drive_base_msgs'
[0.199s] Level 1:colcon.colcon_core.package_identification:_identify(src/uros/micro-ROS-Agent) by extensions ['ignore', 'ignore_ament_install']
[0.199s] Level 1:colcon.colcon_core.package_identification:_identify(src/uros/micro-ROS-Agent) by extension 'ignore'
[0.199s] Level 1:colcon.colcon_core.package_identification:_identify(src/uros/micro-ROS-Agent) by extension 'ignore_ament_install'
[0.199s] Level 1:colcon.colcon_core.package_identification:_identify(src/uros/micro-ROS-Agent) by extensions ['colcon_pkg']
[0.199s] Level 1:colcon.colcon_core.package_identification:_identify(src/uros/micro-ROS-Agent) by extension 'colcon_pkg'
[0.199s] Level 1:colcon.colcon_core.package_identification:_identify(src/uros/micro-ROS-Agent) by extensions ['colcon_meta']
[0.199s] Level 1:colcon.colcon_core.package_identification:_identify(src/uros/micro-ROS-Agent) by extension 'colcon_meta'
[0.200s] Level 1:colcon.colcon_core.package_identification:_identify(src/uros/micro-ROS-Agent) by extensions ['ros']
[0.200s] Level 1:colcon.colcon_core.package_identification:_identify(src/uros/micro-ROS-Agent) by extension 'ros'
[0.200s] Level 1:colcon.colcon_core.package_identification:_identify(src/uros/micro-ROS-Agent) by extensions ['cmake', 'python']
[0.200s] Level 1:colcon.colcon_core.package_identification:_identify(src/uros/micro-ROS-Agent) by extension 'cmake'
[0.200s] Level 1:colcon.colcon_core.package_identification:_identify(src/uros/micro-ROS-Agent) by extension 'python'
[0.200s] Level 1:colcon.colcon_core.package_identification:_identify(src/uros/micro-ROS-Agent) by extensions ['python_setup_py']
[0.200s] Level 1:colcon.colcon_core.package_identification:_identify(src/uros/micro-ROS-Agent) by extension 'python_setup_py'
[0.200s] Level 1:colcon.colcon_core.package_identification:_identify(src/uros/micro-ROS-Agent/micro_ros_agent) by extensions ['ignore', 'ignore_ament_install']
[0.200s] Level 1:colcon.colcon_core.package_identification:_identify(src/uros/micro-ROS-Agent/micro_ros_agent) by extension 'ignore'
[0.200s] Level 1:colcon.colcon_core.package_identification:_identify(src/uros/micro-ROS-Agent/micro_ros_agent) by extension 'ignore_ament_install'
[0.200s] Level 1:colcon.colcon_core.package_identification:_identify(src/uros/micro-ROS-Agent/micro_ros_agent) by extensions ['colcon_pkg']
[0.200s] Level 1:colcon.colcon_core.package_identification:_identify(src/uros/micro-ROS-Agent/micro_ros_agent) by extension 'colcon_pkg'
[0.200s] Level 1:colcon.colcon_core.package_identification:_identify(src/uros/micro-ROS-Agent/micro_ros_agent) by extensions ['colcon_meta']
[0.200s] Level 1:colcon.colcon_core.package_identification:_identify(src/uros/micro-ROS-Agent/micro_ros_agent) by extension 'colcon_meta'
[0.200s] Level 1:colcon.colcon_core.package_identification:_identify(src/uros/micro-ROS-Agent/micro_ros_agent) by extensions ['ros']
[0.200s] Level 1:colcon.colcon_core.package_identification:_identify(src/uros/micro-ROS-Agent/micro_ros_agent) by extension 'ros'
[0.201s] DEBUG:colcon.colcon_core.package_identification:Package 'src/uros/micro-ROS-Agent/micro_ros_agent' with type 'ros.ament_cmake' and name 'micro_ros_agent'
[0.201s] Level 1:colcon.colcon_core.package_identification:_identify(src/uros/micro-ROS-Agent/snap) by extensions ['ignore', 'ignore_ament_install']
[0.201s] Level 1:colcon.colcon_core.package_identification:_identify(src/uros/micro-ROS-Agent/snap) by extension 'ignore'
[0.201s] Level 1:colcon.colcon_core.package_identification:_identify(src/uros/micro-ROS-Agent/snap) by extension 'ignore_ament_install'
[0.201s] Level 1:colcon.colcon_core.package_identification:_identify(src/uros/micro-ROS-Agent/snap) by extensions ['colcon_pkg']
[0.201s] Level 1:colcon.colcon_core.package_identification:_identify(src/uros/micro-ROS-Agent/snap) by extension 'colcon_pkg'
[0.201s] Level 1:colcon.colcon_core.package_identification:_identify(src/uros/micro-ROS-Agent/snap) by extensions ['colcon_meta']
[0.201s] Level 1:colcon.colcon_core.package_identification:_identify(src/uros/micro-ROS-Agent/snap) by extension 'colcon_meta'
[0.201s] Level 1:colcon.colcon_core.package_identification:_identify(src/uros/micro-ROS-Agent/snap) by extensions ['ros']
[0.201s] Level 1:colcon.colcon_core.package_identification:_identify(src/uros/micro-ROS-Agent/snap) by extension 'ros'
[0.201s] Level 1:colcon.colcon_core.package_identification:_identify(src/uros/micro-ROS-Agent/snap) by extensions ['cmake', 'python']
[0.201s] Level 1:colcon.colcon_core.package_identification:_identify(src/uros/micro-ROS-Agent/snap) by extension 'cmake'
[0.201s] Level 1:colcon.colcon_core.package_identification:_identify(src/uros/micro-ROS-Agent/snap) by extension 'python'
[0.201s] Level 1:colcon.colcon_core.package_identification:_identify(src/uros/micro-ROS-Agent/snap) by extensions ['python_setup_py']
[0.201s] Level 1:colcon.colcon_core.package_identification:_identify(src/uros/micro-ROS-Agent/snap) by extension 'python_setup_py'
[0.201s] Level 1:colcon.colcon_core.package_identification:_identify(src/uros/micro-ROS-Agent/snap/hooks) by extensions ['ignore', 'ignore_ament_install']
[0.201s] Level 1:colcon.colcon_core.package_identification:_identify(src/uros/micro-ROS-Agent/snap/hooks) by extension 'ignore'
[0.201s] Level 1:colcon.colcon_core.package_identification:_identify(src/uros/micro-ROS-Agent/snap/hooks) by extension 'ignore_ament_install'
[0.201s] Level 1:colcon.colcon_core.package_identification:_identify(src/uros/micro-ROS-Agent/snap/hooks) by extensions ['colcon_pkg']
[0.201s] Level 1:colcon.colcon_core.package_identification:_identify(src/uros/micro-ROS-Agent/snap/hooks) by extension 'colcon_pkg'
[0.201s] Level 1:colcon.colcon_core.package_identification:_identify(src/uros/micro-ROS-Agent/snap/hooks) by extensions ['colcon_meta']
[0.201s] Level 1:colcon.colcon_core.package_identification:_identify(src/uros/micro-ROS-Agent/snap/hooks) by extension 'colcon_meta'
[0.201s] Level 1:colcon.colcon_core.package_identification:_identify(src/uros/micro-ROS-Agent/snap/hooks) by extensions ['ros']
[0.201s] Level 1:colcon.colcon_core.package_identification:_identify(src/uros/micro-ROS-Agent/snap/hooks) by extension 'ros'
[0.201s] Level 1:colcon.colcon_core.package_identification:_identify(src/uros/micro-ROS-Agent/snap/hooks) by extensions ['cmake', 'python']
[0.201s] Level 1:colcon.colcon_core.package_identification:_identify(src/uros/micro-ROS-Agent/snap/hooks) by extension 'cmake'
[0.201s] Level 1:colcon.colcon_core.package_identification:_identify(src/uros/micro-ROS-Agent/snap/hooks) by extension 'python'
[0.201s] Level 1:colcon.colcon_core.package_identification:_identify(src/uros/micro-ROS-Agent/snap/hooks) by extensions ['python_setup_py']
[0.201s] Level 1:colcon.colcon_core.package_identification:_identify(src/uros/micro-ROS-Agent/snap/hooks) by extension 'python_setup_py'
[0.202s] Level 1:colcon.colcon_core.package_identification:_identify(src/uros/micro-ROS-Agent/snap/local) by extensions ['ignore', 'ignore_ament_install']
[0.202s] Level 1:colcon.colcon_core.package_identification:_identify(src/uros/micro-ROS-Agent/snap/local) by extension 'ignore'
[0.202s] Level 1:colcon.colcon_core.package_identification:_identify(src/uros/micro-ROS-Agent/snap/local) by extension 'ignore_ament_install'
[0.202s] Level 1:colcon.colcon_core.package_identification:_identify(src/uros/micro-ROS-Agent/snap/local) by extensions ['colcon_pkg']
[0.202s] Level 1:colcon.colcon_core.package_identification:_identify(src/uros/micro-ROS-Agent/snap/local) by extension 'colcon_pkg'
[0.202s] Level 1:colcon.colcon_core.package_identification:_identify(src/uros/micro-ROS-Agent/snap/local) by extensions ['colcon_meta']
[0.202s] Level 1:colcon.colcon_core.package_identification:_identify(src/uros/micro-ROS-Agent/snap/local) by extension 'colcon_meta'
[0.202s] Level 1:colcon.colcon_core.package_identification:_identify(src/uros/micro-ROS-Agent/snap/local) by extensions ['ros']
[0.202s] Level 1:colcon.colcon_core.package_identification:_identify(src/uros/micro-ROS-Agent/snap/local) by extension 'ros'
[0.202s] Level 1:colcon.colcon_core.package_identification:_identify(src/uros/micro-ROS-Agent/snap/local) by extensions ['cmake', 'python']
[0.202s] Level 1:colcon.colcon_core.package_identification:_identify(src/uros/micro-ROS-Agent/snap/local) by extension 'cmake'
[0.202s] Level 1:colcon.colcon_core.package_identification:_identify(src/uros/micro-ROS-Agent/snap/local) by extension 'python'
[0.202s] Level 1:colcon.colcon_core.package_identification:_identify(src/uros/micro-ROS-Agent/snap/local) by extensions ['python_setup_py']
[0.202s] Level 1:colcon.colcon_core.package_identification:_identify(src/uros/micro-ROS-Agent/snap/local) by extension 'python_setup_py'
[0.202s] Level 1:colcon.colcon_core.package_identification:_identify(src/uros/micro_ros_msgs) by extensions ['ignore', 'ignore_ament_install']
[0.202s] Level 1:colcon.colcon_core.package_identification:_identify(src/uros/micro_ros_msgs) by extension 'ignore'
[0.202s] Level 1:colcon.colcon_core.package_identification:_identify(src/uros/micro_ros_msgs) by extension 'ignore_ament_install'
[0.202s] Level 1:colcon.colcon_core.package_identification:_identify(src/uros/micro_ros_msgs) by extensions ['colcon_pkg']
[0.202s] Level 1:colcon.colcon_core.package_identification:_identify(src/uros/micro_ros_msgs) by extension 'colcon_pkg'
[0.202s] Level 1:colcon.colcon_core.package_identification:_identify(src/uros/micro_ros_msgs) by extensions ['colcon_meta']
[0.202s] Level 1:colcon.colcon_core.package_identification:_identify(src/uros/micro_ros_msgs) by extension 'colcon_meta'
[0.202s] Level 1:colcon.colcon_core.package_identification:_identify(src/uros/micro_ros_msgs) by extensions ['ros']
[0.202s] Level 1:colcon.colcon_core.package_identification:_identify(src/uros/micro_ros_msgs) by extension 'ros'
[0.203s] DEBUG:colcon.colcon_core.package_identification:Package 'src/uros/micro_ros_msgs' with type 'ros.ament_cmake' and name 'micro_ros_msgs'
[0.203s] Level 1:colcon.colcon_core.package_discovery:discover_packages(recursive) using defaults
[0.203s] Level 1:colcon.colcon_core.package_discovery:discover_packages(ignore) discover
[0.203s] Level 1:colcon.colcon_core.package_discovery:discover_packages(ignore) using defaults
[0.203s] Level 1:colcon.colcon_core.package_discovery:discover_packages(path) discover
[0.203s] Level 1:colcon.colcon_core.package_discovery:discover_packages(path) using defaults
[0.216s] Level 1:colcon.colcon_core.package_discovery:discover_packages(prefix_path) check parameters
[0.216s] Level 1:colcon.colcon_core.package_discovery:discover_packages(prefix_path) discover
[0.218s] DEBUG:colcon.colcon_installed_package_information.package_discovery:Found 289 installed packages in /opt/ros/foxy
[0.220s] DEBUG:colcon.colcon_installed_package_information.package_discovery:Found 2 installed packages in /opt/ros/noetic
[0.220s] Level 1:colcon.colcon_core.package_discovery:discover_packages(prefix_path) using defaults
[0.255s] Level 5:colcon.colcon_core.verb:set package 'drive_base_msgs' build argument 'cmake_args' from command line to 'None'
[0.255s] Level 5:colcon.colcon_core.verb:set package 'drive_base_msgs' build argument 'cmake_target' from command line to 'None'
[0.255s] Level 5:colcon.colcon_core.verb:set package 'drive_base_msgs' build argument 'cmake_target_skip_unavailable' from command line to 'False'
[0.255s] Level 5:colcon.colcon_core.verb:set package 'drive_base_msgs' build argument 'cmake_clean_cache' from command line to 'False'
[0.255s] Level 5:colcon.colcon_core.verb:set package 'drive_base_msgs' build argument 'cmake_clean_first' from command line to 'False'
[0.255s] Level 5:colcon.colcon_core.verb:set package 'drive_base_msgs' build argument 'cmake_force_configure' from command line to 'False'
[0.255s] Level 5:colcon.colcon_core.verb:set package 'drive_base_msgs' build argument 'ament_cmake_args' from command line to 'None'
[0.255s] Level 5:colcon.colcon_core.verb:set package 'drive_base_msgs' build argument 'catkin_cmake_args' from command line to 'None'
[0.255s] Level 5:colcon.colcon_core.verb:set package 'drive_base_msgs' build argument 'catkin_skip_building_tests' from command line to 'False'
[0.255s] DEBUG:colcon.colcon_core.verb:Building package 'drive_base_msgs' with the following arguments: {'ament_cmake_args': None, 'build_base': '/home/anthonykpinson/microros_ws/build/drive_base_msgs', 'catkin_cmake_args': None, 'catkin_skip_building_tests': False, 'cmake_args': None, 'cmake_clean_cache': False, 'cmake_clean_first': False, 'cmake_force_configure': False, 'cmake_target': None, 'cmake_target_skip_unavailable': False, 'install_base': '/home/anthonykpinson/microros_ws/install/drive_base_msgs', 'merge_install': False, 'path': '/home/anthonykpinson/microros_ws/src/uros/drive_base/drive_base_msgs', 'symlink_install': False, 'test_result_base': None}
[0.255s] Level 5:colcon.colcon_core.verb:set package 'micro_ros_msgs' build argument 'cmake_args' from command line to 'None'
[0.255s] Level 5:colcon.colcon_core.verb:set package 'micro_ros_msgs' build argument 'cmake_target' from command line to 'None'
[0.255s] Level 5:colcon.colcon_core.verb:set package 'micro_ros_msgs' build argument 'cmake_target_skip_unavailable' from command line to 'False'
[0.255s] Level 5:colcon.colcon_core.verb:set package 'micro_ros_msgs' build argument 'cmake_clean_cache' from command line to 'False'
[0.255s] Level 5:colcon.colcon_core.verb:set package 'micro_ros_msgs' build argument 'cmake_clean_first' from command line to 'False'
[0.255s] Level 5:colcon.colcon_core.verb:set package 'micro_ros_msgs' build argument 'cmake_force_configure' from command line to 'False'
[0.255s] Level 5:colcon.colcon_core.verb:set package 'micro_ros_msgs' build argument 'ament_cmake_args' from command line to 'None'
[0.255s] Level 5:colcon.colcon_core.verb:set package 'micro_ros_msgs' build argument 'catkin_cmake_args' from command line to 'None'
[0.255s] Level 5:colcon.colcon_core.verb:set package 'micro_ros_msgs' build argument 'catkin_skip_building_tests' from command line to 'False'
[0.255s] DEBUG:colcon.colcon_core.verb:Building package 'micro_ros_msgs' with the following arguments: {'ament_cmake_args': None, 'build_base': '/home/anthonykpinson/microros_ws/build/micro_ros_msgs', 'catkin_cmake_args': None, 'catkin_skip_building_tests': False, 'cmake_args': None, 'cmake_clean_cache': False, 'cmake_clean_first': False, 'cmake_force_configure': False, 'cmake_target': None, 'cmake_target_skip_unavailable': False, 'install_base': '/home/anthonykpinson/microros_ws/install/micro_ros_msgs', 'merge_install': False, 'path': '/home/anthonykpinson/microros_ws/src/uros/micro_ros_msgs', 'symlink_install': False, 'test_result_base': None}
[0.256s] Level 5:colcon.colcon_core.verb:set package 'micro_ros_setup' build argument 'cmake_args' from command line to 'None'
[0.256s] Level 5:colcon.colcon_core.verb:set package 'micro_ros_setup' build argument 'cmake_target' from command line to 'None'
[0.256s] Level 5:colcon.colcon_core.verb:set package 'micro_ros_setup' build argument 'cmake_target_skip_unavailable' from command line to 'False'
[0.256s] Level 5:colcon.colcon_core.verb:set package 'micro_ros_setup' build argument 'cmake_clean_cache' from command line to 'False'
[0.256s] Level 5:colcon.colcon_core.verb:set package 'micro_ros_setup' build argument 'cmake_clean_first' from command line to 'False'
[0.256s] Level 5:colcon.colcon_core.verb:set package 'micro_ros_setup' build argument 'cmake_force_configure' from command line to 'False'
[0.256s] Level 5:colcon.colcon_core.verb:set package 'micro_ros_setup' build argument 'ament_cmake_args' from command line to 'None'
[0.256s] Level 5:colcon.colcon_core.verb:set package 'micro_ros_setup' build argument 'catkin_cmake_args' from command line to 'None'
[0.256s] Level 5:colcon.colcon_core.verb:set package 'micro_ros_setup' build argument 'catkin_skip_building_tests' from command line to 'False'
[0.256s] DEBUG:colcon.colcon_core.verb:Building package 'micro_ros_setup' with the following arguments: {'ament_cmake_args': None, 'build_base': '/home/anthonykpinson/microros_ws/build/micro_ros_setup', 'catkin_cmake_args': None, 'catkin_skip_building_tests': False, 'cmake_args': None, 'cmake_clean_cache': False, 'cmake_clean_first': False, 'cmake_force_configure': False, 'cmake_target': None, 'cmake_target_skip_unavailable': False, 'install_base': '/home/anthonykpinson/microros_ws/install/micro_ros_setup', 'merge_install': False, 'path': '/home/anthonykpinson/microros_ws/src/micro_ros_setup', 'symlink_install': False, 'test_result_base': None}
[0.256s] Level 5:colcon.colcon_core.verb:set package 'micro_ros_agent' build argument 'cmake_args' from command line to 'None'
[0.256s] Level 5:colcon.colcon_core.verb:set package 'micro_ros_agent' build argument 'cmake_target' from command line to 'None'
[0.256s] Level 5:colcon.colcon_core.verb:set package 'micro_ros_agent' build argument 'cmake_target_skip_unavailable' from command line to 'False'
[0.256s] Level 5:colcon.colcon_core.verb:set package 'micro_ros_agent' build argument 'cmake_clean_cache' from command line to 'False'
[0.256s] Level 5:colcon.colcon_core.verb:set package 'micro_ros_agent' build argument 'cmake_clean_first' from command line to 'False'
[0.256s] Level 5:colcon.colcon_core.verb:set package 'micro_ros_agent' build argument 'cmake_force_configure' from command line to 'False'
[0.256s] Level 5:colcon.colcon_core.verb:set package 'micro_ros_agent' build argument 'ament_cmake_args' from command line to 'None'
[0.256s] Level 5:colcon.colcon_core.verb:set package 'micro_ros_agent' build argument 'catkin_cmake_args' from command line to 'None'
[0.256s] Level 5:colcon.colcon_core.verb:set package 'micro_ros_agent' build argument 'catkin_skip_building_tests' from command line to 'False'
[0.256s] DEBUG:colcon.colcon_core.verb:Building package 'micro_ros_agent' with the following arguments: {'ament_cmake_args': None, 'build_base': '/home/anthonykpinson/microros_ws/build/micro_ros_agent', 'catkin_cmake_args': None, 'catkin_skip_building_tests': False, 'cmake_args': None, 'cmake_clean_cache': False, 'cmake_clean_first': False, 'cmake_force_configure': False, 'cmake_target': None, 'cmake_target_skip_unavailable': False, 'install_base': '/home/anthonykpinson/microros_ws/install/micro_ros_agent', 'merge_install': False, 'path': '/home/anthonykpinson/microros_ws/src/uros/micro-ROS-Agent/micro_ros_agent', 'symlink_install': False, 'test_result_base': None}
[0.256s] INFO:colcon.colcon_core.executor:Executing jobs using 'parallel' executor
[0.257s] DEBUG:colcon.colcon_parallel_executor.executor.parallel:run_until_complete
[0.257s] INFO:colcon.colcon_ros.task.ament_cmake.build:Building ROS package in '/home/anthonykpinson/microros_ws/src/uros/micro_ros_msgs' with build type 'ament_cmake'
[0.257s] INFO:colcon.colcon_cmake.task.cmake.build:Building CMake package in '/home/anthonykpinson/microros_ws/src/uros/micro_ros_msgs'
[0.259s] INFO:colcon.colcon_core.plugin_system:Skipping extension 'colcon_core.shell.bat': Not used on non-Windows systems
[0.259s] INFO:colcon.colcon_core.shell:Skip shell extension 'powershell' for command environment: Not usable outside of PowerShell
[0.259s] DEBUG:colcon.colcon_core.shell:Skip shell extension 'dsv' for command environment
[0.260s] DEBUG:colcon.colcon_core.shell:Ignoring prefix path '/home/anthonykpinson/catkin_ws/devel'
[0.268s] INFO:colcon.colcon_ros.task.ament_cmake.build:Building ROS package in '/home/anthonykpinson/microros_ws/src/uros/drive_base/drive_base_msgs' with build type 'ament_cmake'
[0.268s] INFO:colcon.colcon_cmake.task.cmake.build:Building CMake package in '/home/anthonykpinson/microros_ws/src/uros/drive_base/drive_base_msgs'
[0.268s] INFO:colcon.colcon_core.shell:Skip shell extension 'powershell' for command environment: Not usable outside of PowerShell
[0.268s] DEBUG:colcon.colcon_core.shell:Skip shell extension 'dsv' for command environment
[0.270s] DEBUG:colcon.colcon_core.shell:Ignoring prefix path '/home/anthonykpinson/catkin_ws/devel'
[0.271s] INFO:colcon.colcon_ros.task.ament_cmake.build:Building ROS package in '/home/anthonykpinson/microros_ws/src/micro_ros_setup' with build type 'ament_cmake'
[0.272s] INFO:colcon.colcon_cmake.task.cmake.build:Building CMake package in '/home/anthonykpinson/microros_ws/src/micro_ros_setup'
[0.272s] INFO:colcon.colcon_core.shell:Skip shell extension 'powershell' for command environment: Not usable outside of PowerShell
[0.272s] DEBUG:colcon.colcon_core.shell:Skip shell extension 'dsv' for command environment
[0.274s] DEBUG:colcon.colcon_core.shell:Ignoring prefix path '/home/anthonykpinson/catkin_ws/devel'
[0.280s] DEBUG:colcon.colcon_core.event_handler.log_command:Invoking command in '/home/anthonykpinson/microros_ws/build/micro_ros_msgs': CMAKE_PREFIX_PATH=/opt/ros/foxy:${CMAKE_PREFIX_PATH} /usr/bin/cmake /home/anthonykpinson/microros_ws/src/uros/micro_ros_msgs -DCMAKE_INSTALL_PREFIX=/home/anthonykpinson/microros_ws/install/micro_ros_msgs
[0.285s] DEBUG:colcon.colcon_core.event_handler.log_command:Invoking command in '/home/anthonykpinson/microros_ws/build/drive_base_msgs': CMAKE_PREFIX_PATH=/opt/ros/foxy:${CMAKE_PREFIX_PATH} /usr/bin/cmake /home/anthonykpinson/microros_ws/src/uros/drive_base/drive_base_msgs -DCMAKE_INSTALL_PREFIX=/home/anthonykpinson/microros_ws/install/drive_base_msgs
[0.289s] DEBUG:colcon.colcon_core.event_handler.log_command:Invoking command in '/home/anthonykpinson/microros_ws/build/micro_ros_setup': CMAKE_PREFIX_PATH=/opt/ros/foxy:${CMAKE_PREFIX_PATH} /usr/bin/cmake --build /home/anthonykpinson/microros_ws/build/micro_ros_setup -- -j20 -l20
[0.319s] DEBUG:colcon.colcon_core.event_handler.log_command:Invoked command in '/home/anthonykpinson/microros_ws/build/micro_ros_setup' returned '0': CMAKE_PREFIX_PATH=/opt/ros/foxy:${CMAKE_PREFIX_PATH} /usr/bin/cmake --build /home/anthonykpinson/microros_ws/build/micro_ros_setup -- -j20 -l20
[0.339s] DEBUG:colcon.colcon_core.event_handler.log_command:Invoking command in '/home/anthonykpinson/microros_ws/build/micro_ros_setup': CMAKE_PREFIX_PATH=/opt/ros/foxy:${CMAKE_PREFIX_PATH} /usr/bin/cmake --install /home/anthonykpinson/microros_ws/build/micro_ros_setup
[0.351s] Level 1:colcon.colcon_core.environment:create_environment_scripts_only(micro_ros_setup)
[0.351s] DEBUG:colcon.colcon_core.event_handler.log_command:Invoked command in '/home/anthonykpinson/microros_ws/build/micro_ros_setup' returned '0': CMAKE_PREFIX_PATH=/opt/ros/foxy:${CMAKE_PREFIX_PATH} /usr/bin/cmake --install /home/anthonykpinson/microros_ws/build/micro_ros_setup
[0.354s] Level 1:colcon.colcon_core.environment:checking '/home/anthonykpinson/microros_ws/install/micro_ros_setup' for CMake module files
[0.354s] Level 1:colcon.colcon_core.environment:checking '/home/anthonykpinson/microros_ws/install/micro_ros_setup' for CMake config files
[0.355s] Level 1:colcon.colcon_core.shell:create_environment_hook('micro_ros_setup', 'cmake_prefix_path')
[0.355s] INFO:colcon.colcon_core.shell:Creating environment hook '/home/anthonykpinson/microros_ws/install/micro_ros_setup/share/micro_ros_setup/hook/cmake_prefix_path.ps1'
[0.356s] INFO:colcon.colcon_core.shell:Creating environment descriptor '/home/anthonykpinson/microros_ws/install/micro_ros_setup/share/micro_ros_setup/hook/cmake_prefix_path.dsv'
[0.356s] INFO:colcon.colcon_core.shell:Creating environment hook '/home/anthonykpinson/microros_ws/install/micro_ros_setup/share/micro_ros_setup/hook/cmake_prefix_path.sh'
[0.357s] Level 1:colcon.colcon_core.environment:checking '/home/anthonykpinson/microros_ws/install/micro_ros_setup/lib'
[0.357s] Level 1:colcon.colcon_core.environment:checking '/home/anthonykpinson/microros_ws/install/micro_ros_setup/bin'
[0.357s] Level 1:colcon.colcon_core.environment:checking '/home/anthonykpinson/microros_ws/install/micro_ros_setup/lib/pkgconfig/micro_ros_setup.pc'
[0.357s] Level 1:colcon.colcon_core.environment:checking '/home/anthonykpinson/microros_ws/install/micro_ros_setup/lib/python3.8/site-packages'
[0.357s] Level 1:colcon.colcon_core.environment:checking '/home/anthonykpinson/microros_ws/install/micro_ros_setup/bin'
[0.357s] INFO:colcon.colcon_core.shell:Creating package script '/home/anthonykpinson/microros_ws/install/micro_ros_setup/share/micro_ros_setup/package.ps1'
[0.358s] INFO:colcon.colcon_core.shell:Creating package descriptor '/home/anthonykpinson/microros_ws/install/micro_ros_setup/share/micro_ros_setup/package.dsv'
[0.358s] INFO:colcon.colcon_core.shell:Creating package script '/home/anthonykpinson/microros_ws/install/micro_ros_setup/share/micro_ros_setup/package.sh'
[0.359s] INFO:colcon.colcon_core.shell:Creating package script '/home/anthonykpinson/microros_ws/install/micro_ros_setup/share/micro_ros_setup/package.bash'
[0.360s] INFO:colcon.colcon_core.shell:Creating package script '/home/anthonykpinson/microros_ws/install/micro_ros_setup/share/micro_ros_setup/package.zsh'
[0.360s] Level 1:colcon.colcon_core.environment:create_file_with_runtime_dependencies(/home/anthonykpinson/microros_ws/install/micro_ros_setup/share/colcon-core/packages/micro_ros_setup)
[0.373s] Level 1:colcon.colcon_core.environment:create_environment_scripts_only(micro_ros_setup)
[0.374s] Level 1:colcon.colcon_core.environment:checking '/home/anthonykpinson/microros_ws/install/micro_ros_setup' for CMake module files
[0.374s] Level 1:colcon.colcon_core.environment:checking '/home/anthonykpinson/microros_ws/install/micro_ros_setup' for CMake config files
[0.374s] Level 1:colcon.colcon_core.shell:create_environment_hook('micro_ros_setup', 'cmake_prefix_path')
[0.374s] INFO:colcon.colcon_core.shell:Creating environment hook '/home/anthonykpinson/microros_ws/install/micro_ros_setup/share/micro_ros_setup/hook/cmake_prefix_path.ps1'
[0.375s] INFO:colcon.colcon_core.shell:Creating environment descriptor '/home/anthonykpinson/microros_ws/install/micro_ros_setup/share/micro_ros_setup/hook/cmake_prefix_path.dsv'
[0.375s] INFO:colcon.colcon_core.shell:Creating environment hook '/home/anthonykpinson/microros_ws/install/micro_ros_setup/share/micro_ros_setup/hook/cmake_prefix_path.sh'
[0.375s] Level 1:colcon.colcon_core.environment:checking '/home/anthonykpinson/microros_ws/install/micro_ros_setup/lib'
[0.375s] Level 1:colcon.colcon_core.environment:checking '/home/anthonykpinson/microros_ws/install/micro_ros_setup/bin'
[0.375s] Level 1:colcon.colcon_core.environment:checking '/home/anthonykpinson/microros_ws/install/micro_ros_setup/lib/pkgconfig/micro_ros_setup.pc'
[0.376s] Level 1:colcon.colcon_core.environment:checking '/home/anthonykpinson/microros_ws/install/micro_ros_setup/lib/python3.8/site-packages'
[0.376s] Level 1:colcon.colcon_core.environment:checking '/home/anthonykpinson/microros_ws/install/micro_ros_setup/bin'
[0.376s] INFO:colcon.colcon_core.shell:Creating package script '/home/anthonykpinson/microros_ws/install/micro_ros_setup/share/micro_ros_setup/package.ps1'
[0.376s] INFO:colcon.colcon_core.shell:Creating package descriptor '/home/anthonykpinson/microros_ws/install/micro_ros_setup/share/micro_ros_setup/package.dsv'
[0.376s] INFO:colcon.colcon_core.shell:Creating package script '/home/anthonykpinson/microros_ws/install/micro_ros_setup/share/micro_ros_setup/package.sh'
[0.376s] INFO:colcon.colcon_core.shell:Creating package script '/home/anthonykpinson/microros_ws/install/micro_ros_setup/share/micro_ros_setup/package.bash'
[0.377s] INFO:colcon.colcon_core.shell:Creating package script '/home/anthonykpinson/microros_ws/install/micro_ros_setup/share/micro_ros_setup/package.zsh'
[0.377s] Level 1:colcon.colcon_core.environment:create_file_with_runtime_dependencies(/home/anthonykpinson/microros_ws/install/micro_ros_setup/share/colcon-core/packages/micro_ros_setup)
[0.864s] DEBUG:colcon.colcon_core.event_handler.log_command:Invoked command in '/home/anthonykpinson/microros_ws/build/micro_ros_msgs' returned '0': CMAKE_PREFIX_PATH=/opt/ros/foxy:${CMAKE_PREFIX_PATH} /usr/bin/cmake /home/anthonykpinson/microros_ws/src/uros/micro_ros_msgs -DCMAKE_INSTALL_PREFIX=/home/anthonykpinson/microros_ws/install/micro_ros_msgs
[0.865s] DEBUG:colcon.colcon_core.event_handler.log_command:Invoking command in '/home/anthonykpinson/microros_ws/build/micro_ros_msgs': CMAKE_PREFIX_PATH=/opt/ros/foxy:${CMAKE_PREFIX_PATH} /usr/bin/cmake --build /home/anthonykpinson/microros_ws/build/micro_ros_msgs -- -j20 -l20
[1.002s] DEBUG:colcon.colcon_core.event_handler.log_command:Invoked command in '/home/anthonykpinson/microros_ws/build/micro_ros_msgs' returned '0': CMAKE_PREFIX_PATH=/opt/ros/foxy:${CMAKE_PREFIX_PATH} /usr/bin/cmake --build /home/anthonykpinson/microros_ws/build/micro_ros_msgs -- -j20 -l20
[1.050s] DEBUG:colcon.colcon_core.event_handler.log_command:Invoking command in '/home/anthonykpinson/microros_ws/build/micro_ros_msgs': CMAKE_PREFIX_PATH=/opt/ros/foxy:${CMAKE_PREFIX_PATH} /usr/bin/cmake --install /home/anthonykpinson/microros_ws/build/micro_ros_msgs
[1.091s] Level 1:colcon.colcon_core.environment:create_environment_scripts_only(micro_ros_msgs)
[1.091s] Level 1:colcon.colcon_core.environment:checking '/home/anthonykpinson/microros_ws/install/micro_ros_msgs' for CMake module files
[1.091s] DEBUG:colcon.colcon_core.event_handler.log_command:Invoked command in '/home/anthonykpinson/microros_ws/build/micro_ros_msgs' returned '0': CMAKE_PREFIX_PATH=/opt/ros/foxy:${CMAKE_PREFIX_PATH} /usr/bin/cmake --install /home/anthonykpinson/microros_ws/build/micro_ros_msgs
[1.092s] Level 1:colcon.colcon_core.environment:checking '/home/anthonykpinson/microros_ws/install/micro_ros_msgs' for CMake config files
[1.092s] Level 1:colcon.colcon_core.shell:create_environment_hook('micro_ros_msgs', 'cmake_prefix_path')
[1.092s] INFO:colcon.colcon_core.shell:Creating environment hook '/home/anthonykpinson/microros_ws/install/micro_ros_msgs/share/micro_ros_msgs/hook/cmake_prefix_path.ps1'
[1.093s] INFO:colcon.colcon_core.shell:Creating environment descriptor '/home/anthonykpinson/microros_ws/install/micro_ros_msgs/share/micro_ros_msgs/hook/cmake_prefix_path.dsv'
[1.093s] INFO:colcon.colcon_core.shell:Creating environment hook '/home/anthonykpinson/microros_ws/install/micro_ros_msgs/share/micro_ros_msgs/hook/cmake_prefix_path.sh'
[1.093s] Level 1:colcon.colcon_core.environment:checking '/home/anthonykpinson/microros_ws/install/micro_ros_msgs/lib'
[1.093s] Level 1:colcon.colcon_core.shell:create_environment_hook('micro_ros_msgs', 'ld_library_path_lib')
[1.093s] INFO:colcon.colcon_core.shell:Creating environment hook '/home/anthonykpinson/microros_ws/install/micro_ros_msgs/share/micro_ros_msgs/hook/ld_library_path_lib.ps1'
[1.093s] INFO:colcon.colcon_core.shell:Creating environment descriptor '/home/anthonykpinson/microros_ws/install/micro_ros_msgs/share/micro_ros_msgs/hook/ld_library_path_lib.dsv'
[1.094s] INFO:colcon.colcon_core.shell:Creating environment hook '/home/anthonykpinson/microros_ws/install/micro_ros_msgs/share/micro_ros_msgs/hook/ld_library_path_lib.sh'
[1.094s] Level 1:colcon.colcon_core.environment:checking '/home/anthonykpinson/microros_ws/install/micro_ros_msgs/bin'
[1.094s] Level 1:colcon.colcon_core.environment:checking '/home/anthonykpinson/microros_ws/install/micro_ros_msgs/lib/pkgconfig/micro_ros_msgs.pc'
[1.094s] Level 1:colcon.colcon_core.environment:checking '/home/anthonykpinson/microros_ws/install/micro_ros_msgs/lib/python3.8/site-packages'
[1.094s] Level 1:colcon.colcon_core.shell:create_environment_hook('micro_ros_msgs', 'pythonpath')
[1.094s] INFO:colcon.colcon_core.shell:Creating environment hook '/home/anthonykpinson/microros_ws/install/micro_ros_msgs/share/micro_ros_msgs/hook/pythonpath.ps1'
[1.094s] INFO:colcon.colcon_core.shell:Creating environment descriptor '/home/anthonykpinson/microros_ws/install/micro_ros_msgs/share/micro_ros_msgs/hook/pythonpath.dsv'
[1.094s] INFO:colcon.colcon_core.shell:Creating environment hook '/home/anthonykpinson/microros_ws/install/micro_ros_msgs/share/micro_ros_msgs/hook/pythonpath.sh'
[1.095s] Level 1:colcon.colcon_core.environment:checking '/home/anthonykpinson/microros_ws/install/micro_ros_msgs/bin'
[1.095s] INFO:colcon.colcon_core.shell:Creating package script '/home/anthonykpinson/microros_ws/install/micro_ros_msgs/share/micro_ros_msgs/package.ps1'
[1.095s] INFO:colcon.colcon_core.shell:Creating package descriptor '/home/anthonykpinson/microros_ws/install/micro_ros_msgs/share/micro_ros_msgs/package.dsv'
[1.095s] INFO:colcon.colcon_core.shell:Creating package script '/home/anthonykpinson/microros_ws/install/micro_ros_msgs/share/micro_ros_msgs/package.sh'
[1.096s] INFO:colcon.colcon_core.shell:Creating package script '/home/anthonykpinson/microros_ws/install/micro_ros_msgs/share/micro_ros_msgs/package.bash'
[1.096s] INFO:colcon.colcon_core.shell:Creating package script '/home/anthonykpinson/microros_ws/install/micro_ros_msgs/share/micro_ros_msgs/package.zsh'
[1.096s] Level 1:colcon.colcon_core.environment:create_file_with_runtime_dependencies(/home/anthonykpinson/microros_ws/install/micro_ros_msgs/share/colcon-core/packages/micro_ros_msgs)
[1.140s] Level 1:colcon.colcon_core.environment:create_environment_scripts_only(micro_ros_msgs)
[1.140s] Level 1:colcon.colcon_core.environment:checking '/home/anthonykpinson/microros_ws/install/micro_ros_msgs' for CMake module files
[1.140s] Level 1:colcon.colcon_core.environment:checking '/home/anthonykpinson/microros_ws/install/micro_ros_msgs' for CMake config files
[1.141s] Level 1:colcon.colcon_core.shell:create_environment_hook('micro_ros_msgs', 'cmake_prefix_path')
[1.141s] INFO:colcon.colcon_core.shell:Creating environment hook '/home/anthonykpinson/microros_ws/install/micro_ros_msgs/share/micro_ros_msgs/hook/cmake_prefix_path.ps1'
[1.141s] INFO:colcon.colcon_core.shell:Creating environment descriptor '/home/anthonykpinson/microros_ws/install/micro_ros_msgs/share/micro_ros_msgs/hook/cmake_prefix_path.dsv'
[1.141s] INFO:colcon.colcon_core.shell:Creating environment hook '/home/anthonykpinson/microros_ws/install/micro_ros_msgs/share/micro_ros_msgs/hook/cmake_prefix_path.sh'
[1.141s] Level 1:colcon.colcon_core.environment:checking '/home/anthonykpinson/microros_ws/install/micro_ros_msgs/lib'
[1.142s] Level 1:colcon.colcon_core.shell:create_environment_hook('micro_ros_msgs', 'ld_library_path_lib')
[1.142s] INFO:colcon.colcon_core.shell:Creating environment hook '/home/anthonykpinson/microros_ws/install/micro_ros_msgs/share/micro_ros_msgs/hook/ld_library_path_lib.ps1'
[1.142s] INFO:colcon.colcon_core.shell:Creating environment descriptor '/home/anthonykpinson/microros_ws/install/micro_ros_msgs/share/micro_ros_msgs/hook/ld_library_path_lib.dsv'
[1.142s] INFO:colcon.colcon_core.shell:Creating environment hook '/home/anthonykpinson/microros_ws/install/micro_ros_msgs/share/micro_ros_msgs/hook/ld_library_path_lib.sh'
[1.142s] Level 1:colcon.colcon_core.environment:checking '/home/anthonykpinson/microros_ws/install/micro_ros_msgs/bin'
[1.142s] Level 1:colcon.colcon_core.environment:checking '/home/anthonykpinson/microros_ws/install/micro_ros_msgs/lib/pkgconfig/micro_ros_msgs.pc'
[1.142s] Level 1:colcon.colcon_core.environment:checking '/home/anthonykpinson/microros_ws/install/micro_ros_msgs/lib/python3.8/site-packages'
[1.142s] Level 1:colcon.colcon_core.shell:create_environment_hook('micro_ros_msgs', 'pythonpath')
[1.142s] INFO:colcon.colcon_core.shell:Creating environment hook '/home/anthonykpinson/microros_ws/install/micro_ros_msgs/share/micro_ros_msgs/hook/pythonpath.ps1'
[1.143s] INFO:colcon.colcon_core.shell:Creating environment descriptor '/home/anthonykpinson/microros_ws/install/micro_ros_msgs/share/micro_ros_msgs/hook/pythonpath.dsv'
[1.143s] INFO:colcon.colcon_core.shell:Creating environment hook '/home/anthonykpinson/microros_ws/install/micro_ros_msgs/share/micro_ros_msgs/hook/pythonpath.sh'
[1.143s] Level 1:colcon.colcon_core.environment:checking '/home/anthonykpinson/microros_ws/install/micro_ros_msgs/bin'
[1.143s] INFO:colcon.colcon_core.shell:Creating package script '/home/anthonykpinson/microros_ws/install/micro_ros_msgs/share/micro_ros_msgs/package.ps1'
[1.144s] INFO:colcon.colcon_core.shell:Creating package descriptor '/home/anthonykpinson/microros_ws/install/micro_ros_msgs/share/micro_ros_msgs/package.dsv'
[1.144s] INFO:colcon.colcon_core.shell:Creating package script '/home/anthonykpinson/microros_ws/install/micro_ros_msgs/share/micro_ros_msgs/package.sh'
[1.144s] INFO:colcon.colcon_core.shell:Creating package script '/home/anthonykpinson/microros_ws/install/micro_ros_msgs/share/micro_ros_msgs/package.bash'
[1.144s] INFO:colcon.colcon_core.shell:Creating package script '/home/anthonykpinson/microros_ws/install/micro_ros_msgs/share/micro_ros_msgs/package.zsh'
[1.144s] Level 1:colcon.colcon_core.environment:create_file_with_runtime_dependencies(/home/anthonykpinson/microros_ws/install/micro_ros_msgs/share/colcon-core/packages/micro_ros_msgs)
[1.145s] INFO:colcon.colcon_ros.task.ament_cmake.build:Building ROS package in '/home/anthonykpinson/microros_ws/src/uros/micro-ROS-Agent/micro_ros_agent' with build type 'ament_cmake'
[1.145s] INFO:colcon.colcon_cmake.task.cmake.build:Building CMake package in '/home/anthonykpinson/microros_ws/src/uros/micro-ROS-Agent/micro_ros_agent'
[1.145s] INFO:colcon.colcon_core.shell:Skip shell extension 'powershell' for command environment: Not usable outside of PowerShell
[1.145s] DEBUG:colcon.colcon_core.shell:Skip shell extension 'dsv' for command environment
[1.146s] DEBUG:colcon.colcon_core.shell:Ignoring prefix path '/home/anthonykpinson/catkin_ws/devel'
[1.153s] DEBUG:colcon.colcon_core.event_handler.log_command:Invoking command in '/home/anthonykpinson/microros_ws/build/micro_ros_agent': AMENT_PREFIX_PATH=/home/anthonykpinson/microros_ws/install/micro_ros_msgs:${AMENT_PREFIX_PATH} CMAKE_PREFIX_PATH=/home/anthonykpinson/microros_ws/install/micro_ros_msgs:/opt/ros/foxy:${CMAKE_PREFIX_PATH} LD_LIBRARY_PATH=/home/anthonykpinson/microros_ws/install/micro_ros_msgs/lib:${LD_LIBRARY_PATH} PYTHONPATH=/home/anthonykpinson/microros_ws/install/micro_ros_msgs/lib/python3.8/site-packages:${PYTHONPATH} /usr/bin/cmake /home/anthonykpinson/microros_ws/src/uros/micro-ROS-Agent/micro_ros_agent -DCMAKE_INSTALL_PREFIX=/home/anthonykpinson/microros_ws/install/micro_ros_agent
[1.537s] DEBUG:colcon.colcon_core.event_handler.log_command:Invoked command in '/home/anthonykpinson/microros_ws/build/micro_ros_agent' returned '0': AMENT_PREFIX_PATH=/home/anthonykpinson/microros_ws/install/micro_ros_msgs:${AMENT_PREFIX_PATH} CMAKE_PREFIX_PATH=/home/anthonykpinson/microros_ws/install/micro_ros_msgs:/opt/ros/foxy:${CMAKE_PREFIX_PATH} LD_LIBRARY_PATH=/home/anthonykpinson/microros_ws/install/micro_ros_msgs/lib:${LD_LIBRARY_PATH} PYTHONPATH=/home/anthonykpinson/microros_ws/install/micro_ros_msgs/lib/python3.8/site-packages:${PYTHONPATH} /usr/bin/cmake /home/anthonykpinson/microros_ws/src/uros/micro-ROS-Agent/micro_ros_agent -DCMAKE_INSTALL_PREFIX=/home/anthonykpinson/microros_ws/install/micro_ros_agent
[1.538s] DEBUG:colcon.colcon_core.event_handler.log_command:Invoking command in '/home/anthonykpinson/microros_ws/build/micro_ros_agent': AMENT_PREFIX_PATH=/home/anthonykpinson/microros_ws/install/micro_ros_msgs:${AMENT_PREFIX_PATH} CMAKE_PREFIX_PATH=/home/anthonykpinson/microros_ws/install/micro_ros_msgs:/opt/ros/foxy:${CMAKE_PREFIX_PATH} LD_LIBRARY_PATH=/home/anthonykpinson/microros_ws/install/micro_ros_msgs/lib:${LD_LIBRARY_PATH} PYTHONPATH=/home/anthonykpinson/microros_ws/install/micro_ros_msgs/lib/python3.8/site-packages:${PYTHONPATH} /usr/bin/cmake --build /home/anthonykpinson/microros_ws/build/micro_ros_agent -- -j20 -l20
[1.573s] DEBUG:colcon.colcon_core.event_handler.log_command:Invoked command in '/home/anthonykpinson/microros_ws/build/drive_base_msgs' returned '0': CMAKE_PREFIX_PATH=/opt/ros/foxy:${CMAKE_PREFIX_PATH} /usr/bin/cmake /home/anthonykpinson/microros_ws/src/uros/drive_base/drive_base_msgs -DCMAKE_INSTALL_PREFIX=/home/anthonykpinson/microros_ws/install/drive_base_msgs
[1.576s] DEBUG:colcon.colcon_core.event_handler.log_command:Invoking command in '/home/anthonykpinson/microros_ws/build/drive_base_msgs': CMAKE_PREFIX_PATH=/opt/ros/foxy:${CMAKE_PREFIX_PATH} /usr/bin/cmake --build /home/anthonykpinson/microros_ws/build/drive_base_msgs -- -j20 -l20
[1.594s] DEBUG:colcon.colcon_core.event_handler.log_command:Invoked command in '/home/anthonykpinson/microros_ws/build/micro_ros_agent' returned '0': AMENT_PREFIX_PATH=/home/anthonykpinson/microros_ws/install/micro_ros_msgs:${AMENT_PREFIX_PATH} CMAKE_PREFIX_PATH=/home/anthonykpinson/microros_ws/install/micro_ros_msgs:/opt/ros/foxy:${CMAKE_PREFIX_PATH} LD_LIBRARY_PATH=/home/anthonykpinson/microros_ws/install/micro_ros_msgs/lib:${LD_LIBRARY_PATH} PYTHONPATH=/home/anthonykpinson/microros_ws/install/micro_ros_msgs/lib/python3.8/site-packages:${PYTHONPATH} /usr/bin/cmake --build /home/anthonykpinson/microros_ws/build/micro_ros_agent -- -j20 -l20
[1.615s] DEBUG:colcon.colcon_core.event_handler.log_command:Invoking command in '/home/anthonykpinson/microros_ws/build/micro_ros_agent': AMENT_PREFIX_PATH=/home/anthonykpinson/microros_ws/install/micro_ros_msgs:${AMENT_PREFIX_PATH} CMAKE_PREFIX_PATH=/home/anthonykpinson/microros_ws/install/micro_ros_msgs:/opt/ros/foxy:${CMAKE_PREFIX_PATH} LD_LIBRARY_PATH=/home/anthonykpinson/microros_ws/install/micro_ros_msgs/lib:${LD_LIBRARY_PATH} PYTHONPATH=/home/anthonykpinson/microros_ws/install/micro_ros_msgs/lib/python3.8/site-packages:${PYTHONPATH} /usr/bin/cmake --install /home/anthonykpinson/microros_ws/build/micro_ros_agent
[1.622s] Level 1:colcon.colcon_core.environment:create_environment_scripts_only(micro_ros_agent)
[1.623s] Level 1:colcon.colcon_core.environment:checking '/home/anthonykpinson/microros_ws/install/micro_ros_agent' for CMake module files
[1.623s] DEBUG:colcon.colcon_core.event_handler.log_command:Invoked command in '/home/anthonykpinson/microros_ws/build/micro_ros_agent' returned '0': AMENT_PREFIX_PATH=/home/anthonykpinson/microros_ws/install/micro_ros_msgs:${AMENT_PREFIX_PATH} CMAKE_PREFIX_PATH=/home/anthonykpinson/microros_ws/install/micro_ros_msgs:/opt/ros/foxy:${CMAKE_PREFIX_PATH} LD_LIBRARY_PATH=/home/anthonykpinson/microros_ws/install/micro_ros_msgs/lib:${LD_LIBRARY_PATH} PYTHONPATH=/home/anthonykpinson/microros_ws/install/micro_ros_msgs/lib/python3.8/site-packages:${PYTHONPATH} /usr/bin/cmake --install /home/anthonykpinson/microros_ws/build/micro_ros_agent
[1.623s] Level 1:colcon.colcon_core.environment:checking '/home/anthonykpinson/microros_ws/install/micro_ros_agent' for CMake config files
[1.623s] Level 1:colcon.colcon_core.shell:create_environment_hook('micro_ros_agent', 'cmake_prefix_path')
[1.624s] INFO:colcon.colcon_core.shell:Creating environment hook '/home/anthonykpinson/microros_ws/install/micro_ros_agent/share/micro_ros_agent/hook/cmake_prefix_path.ps1'
[1.624s] INFO:colcon.colcon_core.shell:Creating environment descriptor '/home/anthonykpinson/microros_ws/install/micro_ros_agent/share/micro_ros_agent/hook/cmake_prefix_path.dsv'
[1.624s] INFO:colcon.colcon_core.shell:Creating environment hook '/home/anthonykpinson/microros_ws/install/micro_ros_agent/share/micro_ros_agent/hook/cmake_prefix_path.sh'
[1.624s] Level 1:colcon.colcon_core.environment:checking '/home/anthonykpinson/microros_ws/install/micro_ros_agent/lib'
[1.624s] Level 1:colcon.colcon_core.shell:create_environment_hook('micro_ros_agent', 'ld_library_path_lib')
[1.625s] INFO:colcon.colcon_core.shell:Creating environment hook '/home/anthonykpinson/microros_ws/install/micro_ros_agent/share/micro_ros_agent/hook/ld_library_path_lib.ps1'
[1.625s] INFO:colcon.colcon_core.shell:Creating environment descriptor '/home/anthonykpinson/microros_ws/install/micro_ros_agent/share/micro_ros_agent/hook/ld_library_path_lib.dsv'
[1.625s] INFO:colcon.colcon_core.shell:Creating environment hook '/home/anthonykpinson/microros_ws/install/micro_ros_agent/share/micro_ros_agent/hook/ld_library_path_lib.sh'
[1.625s] Level 1:colcon.colcon_core.environment:checking '/home/anthonykpinson/microros_ws/install/micro_ros_agent/bin'
[1.625s] Level 1:colcon.colcon_core.environment:checking '/home/anthonykpinson/microros_ws/install/micro_ros_agent/lib/pkgconfig/micro_ros_agent.pc'
[1.625s] Level 1:colcon.colcon_core.environment:checking '/home/anthonykpinson/microros_ws/install/micro_ros_agent/lib/python3.8/site-packages'
[1.625s] Level 1:colcon.colcon_core.environment:checking '/home/anthonykpinson/microros_ws/install/micro_ros_agent/bin'
[1.626s] INFO:colcon.colcon_core.shell:Creating package script '/home/anthonykpinson/microros_ws/install/micro_ros_agent/share/micro_ros_agent/package.ps1'
[1.626s] INFO:colcon.colcon_core.shell:Creating package descriptor '/home/anthonykpinson/microros_ws/install/micro_ros_agent/share/micro_ros_agent/package.dsv'
[1.626s] INFO:colcon.colcon_core.shell:Creating package script '/home/anthonykpinson/microros_ws/install/micro_ros_agent/share/micro_ros_agent/package.sh'
[1.626s] INFO:colcon.colcon_core.shell:Creating package script '/home/anthonykpinson/microros_ws/install/micro_ros_agent/share/micro_ros_agent/package.bash'
[1.626s] INFO:colcon.colcon_core.shell:Creating package script '/home/anthonykpinson/microros_ws/install/micro_ros_agent/share/micro_ros_agent/package.zsh'
[1.627s] Level 1:colcon.colcon_core.environment:create_file_with_runtime_dependencies(/home/anthonykpinson/microros_ws/install/micro_ros_agent/share/colcon-core/packages/micro_ros_agent)
[1.647s] Level 1:colcon.colcon_core.environment:create_environment_scripts_only(micro_ros_agent)
[1.647s] Level 1:colcon.colcon_core.environment:checking '/home/anthonykpinson/microros_ws/install/micro_ros_agent' for CMake module files
[1.647s] Level 1:colcon.colcon_core.environment:checking '/home/anthonykpinson/microros_ws/install/micro_ros_agent' for CMake config files
[1.647s] Level 1:colcon.colcon_core.shell:create_environment_hook('micro_ros_agent', 'cmake_prefix_path')
[1.647s] INFO:colcon.colcon_core.shell:Creating environment hook '/home/anthonykpinson/microros_ws/install/micro_ros_agent/share/micro_ros_agent/hook/cmake_prefix_path.ps1'
[1.648s] INFO:colcon.colcon_core.shell:Creating environment descriptor '/home/anthonykpinson/microros_ws/install/micro_ros_agent/share/micro_ros_agent/hook/cmake_prefix_path.dsv'
[1.648s] INFO:colcon.colcon_core.shell:Creating environment hook '/home/anthonykpinson/microros_ws/install/micro_ros_agent/share/micro_ros_agent/hook/cmake_prefix_path.sh'
[1.648s] Level 1:colcon.colcon_core.environment:checking '/home/anthonykpinson/microros_ws/install/micro_ros_agent/lib'
[1.648s] Level 1:colcon.colcon_core.shell:create_environment_hook('micro_ros_agent', 'ld_library_path_lib')
[1.648s] INFO:colcon.colcon_core.shell:Creating environment hook '/home/anthonykpinson/microros_ws/install/micro_ros_agent/share/micro_ros_agent/hook/ld_library_path_lib.ps1'
[1.649s] INFO:colcon.colcon_core.shell:Creating environment descriptor '/home/anthonykpinson/microros_ws/install/micro_ros_agent/share/micro_ros_agent/hook/ld_library_path_lib.dsv'
[1.649s] INFO:colcon.colcon_core.shell:Creating environment hook '/home/anthonykpinson/microros_ws/install/micro_ros_agent/share/micro_ros_agent/hook/ld_library_path_lib.sh'
[1.649s] Level 1:colcon.colcon_core.environment:checking '/home/anthonykpinson/microros_ws/install/micro_ros_agent/bin'
[1.649s] Level 1:colcon.colcon_core.environment:checking '/home/anthonykpinson/microros_ws/install/micro_ros_agent/lib/pkgconfig/micro_ros_agent.pc'
[1.649s] Level 1:colcon.colcon_core.environment:checking '/home/anthonykpinson/microros_ws/install/micro_ros_agent/lib/python3.8/site-packages'
[1.649s] Level 1:colcon.colcon_core.environment:checking '/home/anthonykpinson/microros_ws/install/micro_ros_agent/bin'
[1.649s] INFO:colcon.colcon_core.shell:Creating package script '/home/anthonykpinson/microros_ws/install/micro_ros_agent/share/micro_ros_agent/package.ps1'
[1.650s] INFO:colcon.colcon_core.shell:Creating package descriptor '/home/anthonykpinson/microros_ws/install/micro_ros_agent/share/micro_ros_agent/package.dsv'
[1.650s] INFO:colcon.colcon_core.shell:Creating package script '/home/anthonykpinson/microros_ws/install/micro_ros_agent/share/micro_ros_agent/package.sh'
[1.650s] INFO:colcon.colcon_core.shell:Creating package script '/home/anthonykpinson/microros_ws/install/micro_ros_agent/share/micro_ros_agent/package.bash'
[1.650s] INFO:colcon.colcon_core.shell:Creating package script '/home/anthonykpinson/microros_ws/install/micro_ros_agent/share/micro_ros_agent/package.zsh'
[1.650s] Level 1:colcon.colcon_core.environment:create_file_with_runtime_dependencies(/home/anthonykpinson/microros_ws/install/micro_ros_agent/share/colcon-core/packages/micro_ros_agent)
[4.348s] DEBUG:colcon.colcon_core.event_handler.log_command:Invoked command in '/home/anthonykpinson/microros_ws/build/drive_base_msgs' returned '0': CMAKE_PREFIX_PATH=/opt/ros/foxy:${CMAKE_PREFIX_PATH} /usr/bin/cmake --build /home/anthonykpinson/microros_ws/build/drive_base_msgs -- -j20 -l20
[4.400s] DEBUG:colcon.colcon_core.event_handler.log_command:Invoking command in '/home/anthonykpinson/microros_ws/build/drive_base_msgs': CMAKE_PREFIX_PATH=/opt/ros/foxy:${CMAKE_PREFIX_PATH} /usr/bin/cmake --install /home/anthonykpinson/microros_ws/build/drive_base_msgs
[4.439s] Level 1:colcon.colcon_core.environment:create_environment_scripts_only(drive_base_msgs)
[4.439s] DEBUG:colcon.colcon_core.event_handler.log_command:Invoked command in '/home/anthonykpinson/microros_ws/build/drive_base_msgs' returned '0': CMAKE_PREFIX_PATH=/opt/ros/foxy:${CMAKE_PREFIX_PATH} /usr/bin/cmake --install /home/anthonykpinson/microros_ws/build/drive_base_msgs
[4.439s] Level 1:colcon.colcon_core.environment:checking '/home/anthonykpinson/microros_ws/install/drive_base_msgs' for CMake module files
[4.440s] Level 1:colcon.colcon_core.environment:checking '/home/anthonykpinson/microros_ws/install/drive_base_msgs' for CMake config files
[4.440s] Level 1:colcon.colcon_core.shell:create_environment_hook('drive_base_msgs', 'cmake_prefix_path')
[4.440s] INFO:colcon.colcon_core.shell:Creating environment hook '/home/anthonykpinson/microros_ws/install/drive_base_msgs/share/drive_base_msgs/hook/cmake_prefix_path.ps1'
[4.441s] INFO:colcon.colcon_core.shell:Creating environment descriptor '/home/anthonykpinson/microros_ws/install/drive_base_msgs/share/drive_base_msgs/hook/cmake_prefix_path.dsv'
[4.441s] INFO:colcon.colcon_core.shell:Creating environment hook '/home/anthonykpinson/microros_ws/install/drive_base_msgs/share/drive_base_msgs/hook/cmake_prefix_path.sh'
[4.441s] Level 1:colcon.colcon_core.environment:checking '/home/anthonykpinson/microros_ws/install/drive_base_msgs/lib'
[4.441s] Level 1:colcon.colcon_core.shell:create_environment_hook('drive_base_msgs', 'ld_library_path_lib')
[4.441s] INFO:colcon.colcon_core.shell:Creating environment hook '/home/anthonykpinson/microros_ws/install/drive_base_msgs/share/drive_base_msgs/hook/ld_library_path_lib.ps1'
[4.441s] INFO:colcon.colcon_core.shell:Creating environment descriptor '/home/anthonykpinson/microros_ws/install/drive_base_msgs/share/drive_base_msgs/hook/ld_library_path_lib.dsv'
[4.442s] INFO:colcon.colcon_core.shell:Creating environment hook '/home/anthonykpinson/microros_ws/install/drive_base_msgs/share/drive_base_msgs/hook/ld_library_path_lib.sh'
[4.442s] Level 1:colcon.colcon_core.environment:checking '/home/anthonykpinson/microros_ws/install/drive_base_msgs/bin'
[4.442s] Level 1:colcon.colcon_core.environment:checking '/home/anthonykpinson/microros_ws/install/drive_base_msgs/lib/pkgconfig/drive_base_msgs.pc'
[4.442s] Level 1:colcon.colcon_core.environment:checking '/home/anthonykpinson/microros_ws/install/drive_base_msgs/lib/python3.8/site-packages'
[4.442s] Level 1:colcon.colcon_core.shell:create_environment_hook('drive_base_msgs', 'pythonpath')
[4.442s] INFO:colcon.colcon_core.shell:Creating environment hook '/home/anthonykpinson/microros_ws/install/drive_base_msgs/share/drive_base_msgs/hook/pythonpath.ps1'
[4.442s] INFO:colcon.colcon_core.shell:Creating environment descriptor '/home/anthonykpinson/microros_ws/install/drive_base_msgs/share/drive_base_msgs/hook/pythonpath.dsv'
[4.442s] INFO:colcon.colcon_core.shell:Creating environment hook '/home/anthonykpinson/microros_ws/install/drive_base_msgs/share/drive_base_msgs/hook/pythonpath.sh'
[4.443s] Level 1:colcon.colcon_core.environment:checking '/home/anthonykpinson/microros_ws/install/drive_base_msgs/bin'
[4.443s] INFO:colcon.colcon_core.shell:Creating package script '/home/anthonykpinson/microros_ws/install/drive_base_msgs/share/drive_base_msgs/package.ps1'
[4.443s] INFO:colcon.colcon_core.shell:Creating package descriptor '/home/anthonykpinson/microros_ws/install/drive_base_msgs/share/drive_base_msgs/package.dsv'
[4.443s] INFO:colcon.colcon_core.shell:Creating package script '/home/anthonykpinson/microros_ws/install/drive_base_msgs/share/drive_base_msgs/package.sh'
[4.444s] INFO:colcon.colcon_core.shell:Creating package script '/home/anthonykpinson/microros_ws/install/drive_base_msgs/share/drive_base_msgs/package.bash'
[4.444s] INFO:colcon.colcon_core.shell:Creating package script '/home/anthonykpinson/microros_ws/install/drive_base_msgs/share/drive_base_msgs/package.zsh'
[4.444s] Level 1:colcon.colcon_core.environment:create_file_with_runtime_dependencies(/home/anthonykpinson/microros_ws/install/drive_base_msgs/share/colcon-core/packages/drive_base_msgs)
[4.501s] Level 1:colcon.colcon_core.environment:create_environment_scripts_only(drive_base_msgs)
[4.501s] Level 1:colcon.colcon_core.environment:checking '/home/anthonykpinson/microros_ws/install/drive_base_msgs' for CMake module files
[4.502s] Level 1:colcon.colcon_core.environment:checking '/home/anthonykpinson/microros_ws/install/drive_base_msgs' for CMake config files
[4.502s] Level 1:colcon.colcon_core.shell:create_environment_hook('drive_base_msgs', 'cmake_prefix_path')
[4.502s] INFO:colcon.colcon_core.shell:Creating environment hook '/home/anthonykpinson/microros_ws/install/drive_base_msgs/share/drive_base_msgs/hook/cmake_prefix_path.ps1'
[4.502s] INFO:colcon.colcon_core.shell:Creating environment descriptor '/home/anthonykpinson/microros_ws/install/drive_base_msgs/share/drive_base_msgs/hook/cmake_prefix_path.dsv'
[4.503s] INFO:colcon.colcon_core.shell:Creating environment hook '/home/anthonykpinson/microros_ws/install/drive_base_msgs/share/drive_base_msgs/hook/cmake_prefix_path.sh'
[4.503s] Level 1:colcon.colcon_core.environment:checking '/home/anthonykpinson/microros_ws/install/drive_base_msgs/lib'
[4.503s] Level 1:colcon.colcon_core.shell:create_environment_hook('drive_base_msgs', 'ld_library_path_lib')
[4.503s] INFO:colcon.colcon_core.shell:Creating environment hook '/home/anthonykpinson/microros_ws/install/drive_base_msgs/share/drive_base_msgs/hook/ld_library_path_lib.ps1'
[4.503s] INFO:colcon.colcon_core.shell:Creating environment descriptor '/home/anthonykpinson/microros_ws/install/drive_base_msgs/share/drive_base_msgs/hook/ld_library_path_lib.dsv'
[4.504s] INFO:colcon.colcon_core.shell:Creating environment hook '/home/anthonykpinson/microros_ws/install/drive_base_msgs/share/drive_base_msgs/hook/ld_library_path_lib.sh'
[4.504s] Level 1:colcon.colcon_core.environment:checking '/home/anthonykpinson/microros_ws/install/drive_base_msgs/bin'
[4.504s] Level 1:colcon.colcon_core.environment:checking '/home/anthonykpinson/microros_ws/install/drive_base_msgs/lib/pkgconfig/drive_base_msgs.pc'
[4.504s] Level 1:colcon.colcon_core.environment:checking '/home/anthonykpinson/microros_ws/install/drive_base_msgs/lib/python3.8/site-packages'
[4.504s] Level 1:colcon.colcon_core.shell:create_environment_hook('drive_base_msgs', 'pythonpath')
[4.504s] INFO:colcon.colcon_core.shell:Creating environment hook '/home/anthonykpinson/microros_ws/install/drive_base_msgs/share/drive_base_msgs/hook/pythonpath.ps1'
[4.504s] INFO:colcon.colcon_core.shell:Creating environment descriptor '/home/anthonykpinson/microros_ws/install/drive_base_msgs/share/drive_base_msgs/hook/pythonpath.dsv'
[4.505s] INFO:colcon.colcon_core.shell:Creating environment hook '/home/anthonykpinson/microros_ws/install/drive_base_msgs/share/drive_base_msgs/hook/pythonpath.sh'
[4.505s] Level 1:colcon.colcon_core.environment:checking '/home/anthonykpinson/microros_ws/install/drive_base_msgs/bin'
[4.505s] INFO:colcon.colcon_core.shell:Creating package script '/home/anthonykpinson/microros_ws/install/drive_base_msgs/share/drive_base_msgs/package.ps1'
[4.505s] INFO:colcon.colcon_core.shell:Creating package descriptor '/home/anthonykpinson/microros_ws/install/drive_base_msgs/share/drive_base_msgs/package.dsv'
[4.506s] INFO:colcon.colcon_core.shell:Creating package script '/home/anthonykpinson/microros_ws/install/drive_base_msgs/share/drive_base_msgs/package.sh'
[4.506s] INFO:colcon.colcon_core.shell:Creating package script '/home/anthonykpinson/microros_ws/install/drive_base_msgs/share/drive_base_msgs/package.bash'
[4.506s] INFO:colcon.colcon_core.shell:Creating package script '/home/anthonykpinson/microros_ws/install/drive_base_msgs/share/drive_base_msgs/package.zsh'
[4.506s] Level 1:colcon.colcon_core.environment:create_file_with_runtime_dependencies(/home/anthonykpinson/microros_ws/install/drive_base_msgs/share/colcon-core/packages/drive_base_msgs)
[4.506s] DEBUG:colcon.colcon_parallel_executor.executor.parallel:closing loop
[4.507s] DEBUG:colcon.colcon_parallel_executor.executor.parallel:loop closed
[4.507s] DEBUG:colcon.colcon_parallel_executor.executor.parallel:run_until_complete finished with '0'
[4.507s] DEBUG:colcon.colcon_core.event_reactor:joining thread
[4.510s] INFO:colcon.colcon_core.plugin_system:Skipping extension 'colcon_notification.desktop_notification.terminal_notifier': Not used on non-Darwin systems
[4.511s] INFO:colcon.colcon_core.plugin_system:Skipping extension 'colcon_notification.desktop_notification.win32': Not used on non-Windows systems
[4.511s] INFO:colcon.colcon_notification.desktop_notification:Sending desktop notification using 'notify2'
[4.525s] DEBUG:colcon.colcon_core.event_reactor:joined thread
[4.525s] INFO:colcon.colcon_core.shell:Creating prefix script '/home/anthonykpinson/microros_ws/install/local_setup.ps1'
[4.526s] INFO:colcon.colcon_core.shell:Creating prefix util module '/home/anthonykpinson/microros_ws/install/_local_setup_util_ps1.py'
[4.527s] INFO:colcon.colcon_core.shell:Creating prefix chain script '/home/anthonykpinson/microros_ws/install/setup.ps1'
[4.528s] INFO:colcon.colcon_core.shell:Creating prefix script '/home/anthonykpinson/microros_ws/install/local_setup.sh'
[4.528s] INFO:colcon.colcon_core.shell:Creating prefix util module '/home/anthonykpinson/microros_ws/install/_local_setup_util_sh.py'
[4.528s] INFO:colcon.colcon_core.shell:Creating prefix chain script '/home/anthonykpinson/microros_ws/install/setup.sh'
[4.529s] INFO:colcon.colcon_core.shell:Creating prefix script '/home/anthonykpinson/microros_ws/install/local_setup.bash'
[4.529s] INFO:colcon.colcon_core.shell:Creating prefix chain script '/home/anthonykpinson/microros_ws/install/setup.bash'
[4.530s] INFO:colcon.colcon_core.shell:Creating prefix script '/home/anthonykpinson/microros_ws/install/local_setup.zsh'
[4.530s] INFO:colcon.colcon_core.shell:Creating prefix chain script '/home/anthonykpinson/microros_ws/install/setup.zsh'
