[0.366s] DEBUG:colcon:Command line arguments: ['/usr/bin/colcon', 'build']
[0.366s] DEBUG:colcon:Parsed command line arguments: Namespace(allow_overriding=[], ament_cmake_args=None, base_paths=['.'], build_base='build', catkin_cmake_args=None, catkin_skip_building_tests=False, cmake_args=None, cmake_clean_cache=False, cmake_clean_first=False, cmake_force_configure=False, cmake_target=None, cmake_target_skip_unavailable=False, continue_on_error=False, event_handlers=None, executor='parallel', ignore_user_meta=False, install_base='install', log_base=None, log_level=None, main=<bound method BuildVerb.main of <colcon_core.verb.build.BuildVerb object at 0x7f73e6a37040>>, merge_install=False, metas=['./colcon.meta'], mixin=None, mixin_files=None, mixin_verb=('build',), packages_above=None, packages_above_and_dependencies=None, packages_above_depth=None, packages_end=None, packages_ignore=None, packages_ignore_regex=None, packages_select=None, packages_select_build_failed=False, packages_select_by_dep=None, packages_select_regex=None, packages_select_test_failures=False, packages_skip=None, packages_skip_build_finished=False, packages_skip_by_dep=None, packages_skip_regex=None, packages_skip_test_passed=False, packages_skip_up_to=None, packages_start=None, packages_up_to=None, packages_up_to_regex=None, parallel_workers=20, paths=None, symlink_install=False, test_result_base=None, verb_extension=<colcon_core.verb.build.BuildVerb object at 0x7f73e6a37040>, verb_name='build', verb_parser=<colcon_mixin.mixin.mixin_argument.MixinArgumentDecorator object at 0x7f73e6a375e0>)
[0.413s] Level 1:colcon.colcon_core.package_discovery:discover_packages(colcon_meta) check parameters
[0.413s] Level 1:colcon.colcon_core.package_discovery:discover_packages(recursive) check parameters
[0.413s] Level 1:colcon.colcon_core.package_discovery:discover_packages(ignore) check parameters
[0.413s] Level 1:colcon.colcon_core.package_discovery:discover_packages(path) check parameters
[0.413s] Level 1:colcon.colcon_core.package_discovery:discover_packages(colcon_meta) discover
[0.413s] Level 1:colcon.colcon_core.package_discovery:discover_packages(recursive) discover
[0.413s] INFO:colcon.colcon_core.package_discovery:Crawling recursively for packages in '/home/anthonykpinson/microros_ws'
[0.413s] Level 1:colcon.colcon_core.package_identification:_identify(.) by extensions ['ignore', 'ignore_ament_install']
[0.413s] Level 1:colcon.colcon_core.package_identification:_identify(.) by extension 'ignore'
[0.413s] Level 1:colcon.colcon_core.package_identification:_identify(.) by extension 'ignore_ament_install'
[0.413s] Level 1:colcon.colcon_core.package_identification:_identify(.) by extensions ['colcon_pkg']
[0.413s] Level 1:colcon.colcon_core.package_identification:_identify(.) by extension 'colcon_pkg'
[0.413s] Level 1:colcon.colcon_core.package_identification:_identify(.) by extensions ['colcon_meta']
[0.413s] Level 1:colcon.colcon_core.package_identification:_identify(.) by extension 'colcon_meta'
[0.413s] Level 1:colcon.colcon_core.package_identification:_identify(.) by extensions ['ros']
[0.413s] Level 1:colcon.colcon_core.package_identification:_identify(.) by extension 'ros'
[0.425s] Level 1:colcon.colcon_core.package_identification:_identify(.) by extensions ['cmake', 'python']
[0.425s] Level 1:colcon.colcon_core.package_identification:_identify(.) by extension 'cmake'
[0.425s] Level 1:colcon.colcon_core.package_identification:_identify(.) by extension 'python'
[0.425s] Level 1:colcon.colcon_core.package_identification:_identify(.) by extensions ['python_setup_py']
[0.425s] Level 1:colcon.colcon_core.package_identification:_identify(.) by extension 'python_setup_py'
[0.425s] Level 1:colcon.colcon_core.package_identification:_identify(build) by extensions ['ignore', 'ignore_ament_install']
[0.425s] Level 1:colcon.colcon_core.package_identification:_identify(build) by extension 'ignore'
[0.425s] Level 1:colcon.colcon_core.package_identification:_identify(build) ignored
[0.425s] Level 1:colcon.colcon_core.package_identification:_identify(install) by extensions ['ignore', 'ignore_ament_install']
[0.425s] Level 1:colcon.colcon_core.package_identification:_identify(install) by extension 'ignore'
[0.425s] Level 1:colcon.colcon_core.package_identification:_identify(install) ignored
[0.425s] Level 1:colcon.colcon_core.package_identification:_identify(log) by extensions ['ignore', 'ignore_ament_install']
[0.425s] Level 1:colcon.colcon_core.package_identification:_identify(log) by extension 'ignore'
[0.425s] Level 1:colcon.colcon_core.package_identification:_identify(log) ignored
[0.425s] Level 1:colcon.colcon_core.package_identification:_identify(src) by extensions ['ignore', 'ignore_ament_install']
[0.425s] Level 1:colcon.colcon_core.package_identification:_identify(src) by extension 'ignore'
[0.426s] Level 1:colcon.colcon_core.package_identification:_identify(src) by extension 'ignore_ament_install'
[0.426s] Level 1:colcon.colcon_core.package_identification:_identify(src) by extensions ['colcon_pkg']
[0.426s] Level 1:colcon.colcon_core.package_identification:_identify(src) by extension 'colcon_pkg'
[0.426s] Level 1:colcon.colcon_core.package_identification:_identify(src) by extensions ['colcon_meta']
[0.426s] Level 1:colcon.colcon_core.package_identification:_identify(src) by extension 'colcon_meta'
[0.426s] Level 1:colcon.colcon_core.package_identification:_identify(src) by extensions ['ros']
[0.426s] Level 1:colcon.colcon_core.package_identification:_identify(src) by extension 'ros'
[0.426s] Level 1:colcon.colcon_core.package_identification:_identify(src) by extensions ['cmake', 'python']
[0.426s] Level 1:colcon.colcon_core.package_identification:_identify(src) by extension 'cmake'
[0.426s] Level 1:colcon.colcon_core.package_identification:_identify(src) by extension 'python'
[0.426s] Level 1:colcon.colcon_core.package_identification:_identify(src) by extensions ['python_setup_py']
[0.426s] Level 1:colcon.colcon_core.package_identification:_identify(src) by extension 'python_setup_py'
[0.426s] Level 1:colcon.colcon_core.package_identification:_identify(src/micro_ros_setup) by extensions ['ignore', 'ignore_ament_install']
[0.426s] Level 1:colcon.colcon_core.package_identification:_identify(src/micro_ros_setup) by extension 'ignore'
[0.426s] Level 1:colcon.colcon_core.package_identification:_identify(src/micro_ros_setup) by extension 'ignore_ament_install'
[0.426s] Level 1:colcon.colcon_core.package_identification:_identify(src/micro_ros_setup) by extensions ['colcon_pkg']
[0.426s] Level 1:colcon.colcon_core.package_identification:_identify(src/micro_ros_setup) by extension 'colcon_pkg'
[0.426s] Level 1:colcon.colcon_core.package_identification:_identify(src/micro_ros_setup) by extensions ['colcon_meta']
[0.426s] Level 1:colcon.colcon_core.package_identification:_identify(src/micro_ros_setup) by extension 'colcon_meta'
[0.426s] Level 1:colcon.colcon_core.package_identification:_identify(src/micro_ros_setup) by extensions ['ros']
[0.426s] Level 1:colcon.colcon_core.package_identification:_identify(src/micro_ros_setup) by extension 'ros'
[0.428s] DEBUG:colcon.colcon_core.package_identification:Package 'src/micro_ros_setup' with type 'ros.ament_cmake' and name 'micro_ros_setup'
[0.428s] Level 1:colcon.colcon_core.package_identification:_identify(src/uros) by extensions ['ignore', 'ignore_ament_install']
[0.428s] Level 1:colcon.colcon_core.package_identification:_identify(src/uros) by extension 'ignore'
[0.428s] Level 1:colcon.colcon_core.package_identification:_identify(src/uros) by extension 'ignore_ament_install'
[0.428s] Level 1:colcon.colcon_core.package_identification:_identify(src/uros) by extensions ['colcon_pkg']
[0.428s] Level 1:colcon.colcon_core.package_identification:_identify(src/uros) by extension 'colcon_pkg'
[0.428s] Level 1:colcon.colcon_core.package_identification:_identify(src/uros) by extensions ['colcon_meta']
[0.428s] Level 1:colcon.colcon_core.package_identification:_identify(src/uros) by extension 'colcon_meta'
[0.428s] Level 1:colcon.colcon_core.package_identification:_identify(src/uros) by extensions ['ros']
[0.428s] Level 1:colcon.colcon_core.package_identification:_identify(src/uros) by extension 'ros'
[0.428s] Level 1:colcon.colcon_core.package_identification:_identify(src/uros) by extensions ['cmake', 'python']
[0.428s] Level 1:colcon.colcon_core.package_identification:_identify(src/uros) by extension 'cmake'
[0.429s] Level 1:colcon.colcon_core.package_identification:_identify(src/uros) by extension 'python'
[0.429s] Level 1:colcon.colcon_core.package_identification:_identify(src/uros) by extensions ['python_setup_py']
[0.429s] Level 1:colcon.colcon_core.package_identification:_identify(src/uros) by extension 'python_setup_py'
[0.429s] Level 1:colcon.colcon_core.package_identification:_identify(src/uros/drive_base) by extensions ['ignore', 'ignore_ament_install']
[0.429s] Level 1:colcon.colcon_core.package_identification:_identify(src/uros/drive_base) by extension 'ignore'
[0.429s] Level 1:colcon.colcon_core.package_identification:_identify(src/uros/drive_base) by extension 'ignore_ament_install'
[0.429s] Level 1:colcon.colcon_core.package_identification:_identify(src/uros/drive_base) by extensions ['colcon_pkg']
[0.429s] Level 1:colcon.colcon_core.package_identification:_identify(src/uros/drive_base) by extension 'colcon_pkg'
[0.429s] Level 1:colcon.colcon_core.package_identification:_identify(src/uros/drive_base) by extensions ['colcon_meta']
[0.429s] Level 1:colcon.colcon_core.package_identification:_identify(src/uros/drive_base) by extension 'colcon_meta'
[0.429s] Level 1:colcon.colcon_core.package_identification:_identify(src/uros/drive_base) by extensions ['ros']
[0.429s] Level 1:colcon.colcon_core.package_identification:_identify(src/uros/drive_base) by extension 'ros'
[0.429s] Level 1:colcon.colcon_core.package_identification:_identify(src/uros/drive_base) by extensions ['cmake', 'python']
[0.429s] Level 1:colcon.colcon_core.package_identification:_identify(src/uros/drive_base) by extension 'cmake'
[0.429s] Level 1:colcon.colcon_core.package_identification:_identify(src/uros/drive_base) by extension 'python'
[0.429s] Level 1:colcon.colcon_core.package_identification:_identify(src/uros/drive_base) by extensions ['python_setup_py']
[0.429s] Level 1:colcon.colcon_core.package_identification:_identify(src/uros/drive_base) by extension 'python_setup_py'
[0.429s] Level 1:colcon.colcon_core.package_identification:_identify(src/uros/drive_base/drive_base_msgs) by extensions ['ignore', 'ignore_ament_install']
[0.429s] Level 1:colcon.colcon_core.package_identification:_identify(src/uros/drive_base/drive_base_msgs) by extension 'ignore'
[0.429s] Level 1:colcon.colcon_core.package_identification:_identify(src/uros/drive_base/drive_base_msgs) by extension 'ignore_ament_install'
[0.429s] Level 1:colcon.colcon_core.package_identification:_identify(src/uros/drive_base/drive_base_msgs) by extensions ['colcon_pkg']
[0.429s] Level 1:colcon.colcon_core.package_identification:_identify(src/uros/drive_base/drive_base_msgs) by extension 'colcon_pkg'
[0.429s] Level 1:colcon.colcon_core.package_identification:_identify(src/uros/drive_base/drive_base_msgs) by extensions ['colcon_meta']
[0.429s] Level 1:colcon.colcon_core.package_identification:_identify(src/uros/drive_base/drive_base_msgs) by extension 'colcon_meta'
[0.429s] Level 1:colcon.colcon_core.package_identification:_identify(src/uros/drive_base/drive_base_msgs) by extensions ['ros']
[0.429s] Level 1:colcon.colcon_core.package_identification:_identify(src/uros/drive_base/drive_base_msgs) by extension 'ros'
[0.430s] DEBUG:colcon.colcon_core.package_identification:Package 'src/uros/drive_base/drive_base_msgs' with type 'ros.ament_cmake' and name 'drive_base_msgs'
[0.430s] Level 1:colcon.colcon_core.package_identification:_identify(src/uros/micro-ROS-Agent) by extensions ['ignore', 'ignore_ament_install']
[0.431s] Level 1:colcon.colcon_core.package_identification:_identify(src/uros/micro-ROS-Agent) by extension 'ignore'
[0.431s] Level 1:colcon.colcon_core.package_identification:_identify(src/uros/micro-ROS-Agent) by extension 'ignore_ament_install'
[0.431s] Level 1:colcon.colcon_core.package_identification:_identify(src/uros/micro-ROS-Agent) by extensions ['colcon_pkg']
[0.431s] Level 1:colcon.colcon_core.package_identification:_identify(src/uros/micro-ROS-Agent) by extension 'colcon_pkg'
[0.431s] Level 1:colcon.colcon_core.package_identification:_identify(src/uros/micro-ROS-Agent) by extensions ['colcon_meta']
[0.431s] Level 1:colcon.colcon_core.package_identification:_identify(src/uros/micro-ROS-Agent) by extension 'colcon_meta'
[0.431s] Level 1:colcon.colcon_core.package_identification:_identify(src/uros/micro-ROS-Agent) by extensions ['ros']
[0.431s] Level 1:colcon.colcon_core.package_identification:_identify(src/uros/micro-ROS-Agent) by extension 'ros'
[0.431s] Level 1:colcon.colcon_core.package_identification:_identify(src/uros/micro-ROS-Agent) by extensions ['cmake', 'python']
[0.431s] Level 1:colcon.colcon_core.package_identification:_identify(src/uros/micro-ROS-Agent) by extension 'cmake'
[0.431s] Level 1:colcon.colcon_core.package_identification:_identify(src/uros/micro-ROS-Agent) by extension 'python'
[0.431s] Level 1:colcon.colcon_core.package_identification:_identify(src/uros/micro-ROS-Agent) by extensions ['python_setup_py']
[0.431s] Level 1:colcon.colcon_core.package_identification:_identify(src/uros/micro-ROS-Agent) by extension 'python_setup_py'
[0.431s] Level 1:colcon.colcon_core.package_identification:_identify(src/uros/micro-ROS-Agent/micro_ros_agent) by extensions ['ignore', 'ignore_ament_install']
[0.431s] Level 1:colcon.colcon_core.package_identification:_identify(src/uros/micro-ROS-Agent/micro_ros_agent) by extension 'ignore'
[0.431s] Level 1:colcon.colcon_core.package_identification:_identify(src/uros/micro-ROS-Agent/micro_ros_agent) by extension 'ignore_ament_install'
[0.431s] Level 1:colcon.colcon_core.package_identification:_identify(src/uros/micro-ROS-Agent/micro_ros_agent) by extensions ['colcon_pkg']
[0.431s] Level 1:colcon.colcon_core.package_identification:_identify(src/uros/micro-ROS-Agent/micro_ros_agent) by extension 'colcon_pkg'
[0.431s] Level 1:colcon.colcon_core.package_identification:_identify(src/uros/micro-ROS-Agent/micro_ros_agent) by extensions ['colcon_meta']
[0.431s] Level 1:colcon.colcon_core.package_identification:_identify(src/uros/micro-ROS-Agent/micro_ros_agent) by extension 'colcon_meta'
[0.431s] Level 1:colcon.colcon_core.package_identification:_identify(src/uros/micro-ROS-Agent/micro_ros_agent) by extensions ['ros']
[0.431s] Level 1:colcon.colcon_core.package_identification:_identify(src/uros/micro-ROS-Agent/micro_ros_agent) by extension 'ros'
[0.432s] DEBUG:colcon.colcon_core.package_identification:Package 'src/uros/micro-ROS-Agent/micro_ros_agent' with type 'ros.ament_cmake' and name 'micro_ros_agent'
[0.432s] Level 1:colcon.colcon_core.package_identification:_identify(src/uros/micro-ROS-Agent/snap) by extensions ['ignore', 'ignore_ament_install']
[0.432s] Level 1:colcon.colcon_core.package_identification:_identify(src/uros/micro-ROS-Agent/snap) by extension 'ignore'
[0.432s] Level 1:colcon.colcon_core.package_identification:_identify(src/uros/micro-ROS-Agent/snap) by extension 'ignore_ament_install'
[0.432s] Level 1:colcon.colcon_core.package_identification:_identify(src/uros/micro-ROS-Agent/snap) by extensions ['colcon_pkg']
[0.432s] Level 1:colcon.colcon_core.package_identification:_identify(src/uros/micro-ROS-Agent/snap) by extension 'colcon_pkg'
[0.432s] Level 1:colcon.colcon_core.package_identification:_identify(src/uros/micro-ROS-Agent/snap) by extensions ['colcon_meta']
[0.432s] Level 1:colcon.colcon_core.package_identification:_identify(src/uros/micro-ROS-Agent/snap) by extension 'colcon_meta'
[0.432s] Level 1:colcon.colcon_core.package_identification:_identify(src/uros/micro-ROS-Agent/snap) by extensions ['ros']
[0.432s] Level 1:colcon.colcon_core.package_identification:_identify(src/uros/micro-ROS-Agent/snap) by extension 'ros'
[0.432s] Level 1:colcon.colcon_core.package_identification:_identify(src/uros/micro-ROS-Agent/snap) by extensions ['cmake', 'python']
[0.432s] Level 1:colcon.colcon_core.package_identification:_identify(src/uros/micro-ROS-Agent/snap) by extension 'cmake'
[0.432s] Level 1:colcon.colcon_core.package_identification:_identify(src/uros/micro-ROS-Agent/snap) by extension 'python'
[0.432s] Level 1:colcon.colcon_core.package_identification:_identify(src/uros/micro-ROS-Agent/snap) by extensions ['python_setup_py']
[0.432s] Level 1:colcon.colcon_core.package_identification:_identify(src/uros/micro-ROS-Agent/snap) by extension 'python_setup_py'
[0.432s] Level 1:colcon.colcon_core.package_identification:_identify(src/uros/micro-ROS-Agent/snap/hooks) by extensions ['ignore', 'ignore_ament_install']
[0.432s] Level 1:colcon.colcon_core.package_identification:_identify(src/uros/micro-ROS-Agent/snap/hooks) by extension 'ignore'
[0.432s] Level 1:colcon.colcon_core.package_identification:_identify(src/uros/micro-ROS-Agent/snap/hooks) by extension 'ignore_ament_install'
[0.432s] Level 1:colcon.colcon_core.package_identification:_identify(src/uros/micro-ROS-Agent/snap/hooks) by extensions ['colcon_pkg']
[0.432s] Level 1:colcon.colcon_core.package_identification:_identify(src/uros/micro-ROS-Agent/snap/hooks) by extension 'colcon_pkg'
[0.432s] Level 1:colcon.colcon_core.package_identification:_identify(src/uros/micro-ROS-Agent/snap/hooks) by extensions ['colcon_meta']
[0.432s] Level 1:colcon.colcon_core.package_identification:_identify(src/uros/micro-ROS-Agent/snap/hooks) by extension 'colcon_meta'
[0.432s] Level 1:colcon.colcon_core.package_identification:_identify(src/uros/micro-ROS-Agent/snap/hooks) by extensions ['ros']
[0.432s] Level 1:colcon.colcon_core.package_identification:_identify(src/uros/micro-ROS-Agent/snap/hooks) by extension 'ros'
[0.432s] Level 1:colcon.colcon_core.package_identification:_identify(src/uros/micro-ROS-Agent/snap/hooks) by extensions ['cmake', 'python']
[0.432s] Level 1:colcon.colcon_core.package_identification:_identify(src/uros/micro-ROS-Agent/snap/hooks) by extension 'cmake'
[0.432s] Level 1:colcon.colcon_core.package_identification:_identify(src/uros/micro-ROS-Agent/snap/hooks) by extension 'python'
[0.432s] Level 1:colcon.colcon_core.package_identification:_identify(src/uros/micro-ROS-Agent/snap/hooks) by extensions ['python_setup_py']
[0.432s] Level 1:colcon.colcon_core.package_identification:_identify(src/uros/micro-ROS-Agent/snap/hooks) by extension 'python_setup_py'
[0.433s] Level 1:colcon.colcon_core.package_identification:_identify(src/uros/micro-ROS-Agent/snap/local) by extensions ['ignore', 'ignore_ament_install']
[0.433s] Level 1:colcon.colcon_core.package_identification:_identify(src/uros/micro-ROS-Agent/snap/local) by extension 'ignore'
[0.433s] Level 1:colcon.colcon_core.package_identification:_identify(src/uros/micro-ROS-Agent/snap/local) by extension 'ignore_ament_install'
[0.433s] Level 1:colcon.colcon_core.package_identification:_identify(src/uros/micro-ROS-Agent/snap/local) by extensions ['colcon_pkg']
[0.433s] Level 1:colcon.colcon_core.package_identification:_identify(src/uros/micro-ROS-Agent/snap/local) by extension 'colcon_pkg'
[0.433s] Level 1:colcon.colcon_core.package_identification:_identify(src/uros/micro-ROS-Agent/snap/local) by extensions ['colcon_meta']
[0.433s] Level 1:colcon.colcon_core.package_identification:_identify(src/uros/micro-ROS-Agent/snap/local) by extension 'colcon_meta'
[0.433s] Level 1:colcon.colcon_core.package_identification:_identify(src/uros/micro-ROS-Agent/snap/local) by extensions ['ros']
[0.433s] Level 1:colcon.colcon_core.package_identification:_identify(src/uros/micro-ROS-Agent/snap/local) by extension 'ros'
[0.433s] Level 1:colcon.colcon_core.package_identification:_identify(src/uros/micro-ROS-Agent/snap/local) by extensions ['cmake', 'python']
[0.433s] Level 1:colcon.colcon_core.package_identification:_identify(src/uros/micro-ROS-Agent/snap/local) by extension 'cmake'
[0.433s] Level 1:colcon.colcon_core.package_identification:_identify(src/uros/micro-ROS-Agent/snap/local) by extension 'python'
[0.433s] Level 1:colcon.colcon_core.package_identification:_identify(src/uros/micro-ROS-Agent/snap/local) by extensions ['python_setup_py']
[0.433s] Level 1:colcon.colcon_core.package_identification:_identify(src/uros/micro-ROS-Agent/snap/local) by extension 'python_setup_py'
[0.433s] Level 1:colcon.colcon_core.package_identification:_identify(src/uros/micro_ros_msgs) by extensions ['ignore', 'ignore_ament_install']
[0.433s] Level 1:colcon.colcon_core.package_identification:_identify(src/uros/micro_ros_msgs) by extension 'ignore'
[0.433s] Level 1:colcon.colcon_core.package_identification:_identify(src/uros/micro_ros_msgs) by extension 'ignore_ament_install'
[0.433s] Level 1:colcon.colcon_core.package_identification:_identify(src/uros/micro_ros_msgs) by extensions ['colcon_pkg']
[0.433s] Level 1:colcon.colcon_core.package_identification:_identify(src/uros/micro_ros_msgs) by extension 'colcon_pkg'
[0.433s] Level 1:colcon.colcon_core.package_identification:_identify(src/uros/micro_ros_msgs) by extensions ['colcon_meta']
[0.433s] Level 1:colcon.colcon_core.package_identification:_identify(src/uros/micro_ros_msgs) by extension 'colcon_meta'
[0.433s] Level 1:colcon.colcon_core.package_identification:_identify(src/uros/micro_ros_msgs) by extensions ['ros']
[0.433s] Level 1:colcon.colcon_core.package_identification:_identify(src/uros/micro_ros_msgs) by extension 'ros'
[0.433s] DEBUG:colcon.colcon_core.package_identification:Package 'src/uros/micro_ros_msgs' with type 'ros.ament_cmake' and name 'micro_ros_msgs'
[0.433s] Level 1:colcon.colcon_core.package_discovery:discover_packages(recursive) using defaults
[0.433s] Level 1:colcon.colcon_core.package_discovery:discover_packages(ignore) discover
[0.433s] Level 1:colcon.colcon_core.package_discovery:discover_packages(ignore) using defaults
[0.433s] Level 1:colcon.colcon_core.package_discovery:discover_packages(path) discover
[0.434s] Level 1:colcon.colcon_core.package_discovery:discover_packages(path) using defaults
[0.462s] Level 1:colcon.colcon_core.package_discovery:discover_packages(prefix_path) check parameters
[0.462s] Level 1:colcon.colcon_core.package_discovery:discover_packages(prefix_path) discover
[0.464s] DEBUG:colcon.colcon_installed_package_information.package_discovery:Found 289 installed packages in /opt/ros/foxy
[0.466s] DEBUG:colcon.colcon_installed_package_information.package_discovery:Found 2 installed packages in /opt/ros/noetic
[0.466s] Level 1:colcon.colcon_core.package_discovery:discover_packages(prefix_path) using defaults
[0.504s] Level 5:colcon.colcon_core.verb:set package 'drive_base_msgs' build argument 'cmake_args' from command line to 'None'
[0.504s] Level 5:colcon.colcon_core.verb:set package 'drive_base_msgs' build argument 'cmake_target' from command line to 'None'
[0.504s] Level 5:colcon.colcon_core.verb:set package 'drive_base_msgs' build argument 'cmake_target_skip_unavailable' from command line to 'False'
[0.504s] Level 5:colcon.colcon_core.verb:set package 'drive_base_msgs' build argument 'cmake_clean_cache' from command line to 'False'
[0.504s] Level 5:colcon.colcon_core.verb:set package 'drive_base_msgs' build argument 'cmake_clean_first' from command line to 'False'
[0.504s] Level 5:colcon.colcon_core.verb:set package 'drive_base_msgs' build argument 'cmake_force_configure' from command line to 'False'
[0.504s] Level 5:colcon.colcon_core.verb:set package 'drive_base_msgs' build argument 'ament_cmake_args' from command line to 'None'
[0.504s] Level 5:colcon.colcon_core.verb:set package 'drive_base_msgs' build argument 'catkin_cmake_args' from command line to 'None'
[0.504s] Level 5:colcon.colcon_core.verb:set package 'drive_base_msgs' build argument 'catkin_skip_building_tests' from command line to 'False'
[0.504s] DEBUG:colcon.colcon_core.verb:Building package 'drive_base_msgs' with the following arguments: {'ament_cmake_args': None, 'build_base': '/home/anthonykpinson/microros_ws/build/drive_base_msgs', 'catkin_cmake_args': None, 'catkin_skip_building_tests': False, 'cmake_args': None, 'cmake_clean_cache': False, 'cmake_clean_first': False, 'cmake_force_configure': False, 'cmake_target': None, 'cmake_target_skip_unavailable': False, 'install_base': '/home/anthonykpinson/microros_ws/install/drive_base_msgs', 'merge_install': False, 'path': '/home/anthonykpinson/microros_ws/src/uros/drive_base/drive_base_msgs', 'symlink_install': False, 'test_result_base': None}
[0.504s] Level 5:colcon.colcon_core.verb:set package 'micro_ros_msgs' build argument 'cmake_args' from command line to 'None'
[0.504s] Level 5:colcon.colcon_core.verb:set package 'micro_ros_msgs' build argument 'cmake_target' from command line to 'None'
[0.504s] Level 5:colcon.colcon_core.verb:set package 'micro_ros_msgs' build argument 'cmake_target_skip_unavailable' from command line to 'False'
[0.504s] Level 5:colcon.colcon_core.verb:set package 'micro_ros_msgs' build argument 'cmake_clean_cache' from command line to 'False'
[0.504s] Level 5:colcon.colcon_core.verb:set package 'micro_ros_msgs' build argument 'cmake_clean_first' from command line to 'False'
[0.504s] Level 5:colcon.colcon_core.verb:set package 'micro_ros_msgs' build argument 'cmake_force_configure' from command line to 'False'
[0.504s] Level 5:colcon.colcon_core.verb:set package 'micro_ros_msgs' build argument 'ament_cmake_args' from command line to 'None'
[0.504s] Level 5:colcon.colcon_core.verb:set package 'micro_ros_msgs' build argument 'catkin_cmake_args' from command line to 'None'
[0.504s] Level 5:colcon.colcon_core.verb:set package 'micro_ros_msgs' build argument 'catkin_skip_building_tests' from command line to 'False'
[0.504s] DEBUG:colcon.colcon_core.verb:Building package 'micro_ros_msgs' with the following arguments: {'ament_cmake_args': None, 'build_base': '/home/anthonykpinson/microros_ws/build/micro_ros_msgs', 'catkin_cmake_args': None, 'catkin_skip_building_tests': False, 'cmake_args': None, 'cmake_clean_cache': False, 'cmake_clean_first': False, 'cmake_force_configure': False, 'cmake_target': None, 'cmake_target_skip_unavailable': False, 'install_base': '/home/anthonykpinson/microros_ws/install/micro_ros_msgs', 'merge_install': False, 'path': '/home/anthonykpinson/microros_ws/src/uros/micro_ros_msgs', 'symlink_install': False, 'test_result_base': None}
[0.504s] Level 5:colcon.colcon_core.verb:set package 'micro_ros_setup' build argument 'cmake_args' from command line to 'None'
[0.504s] Level 5:colcon.colcon_core.verb:set package 'micro_ros_setup' build argument 'cmake_target' from command line to 'None'
[0.504s] Level 5:colcon.colcon_core.verb:set package 'micro_ros_setup' build argument 'cmake_target_skip_unavailable' from command line to 'False'
[0.504s] Level 5:colcon.colcon_core.verb:set package 'micro_ros_setup' build argument 'cmake_clean_cache' from command line to 'False'
[0.504s] Level 5:colcon.colcon_core.verb:set package 'micro_ros_setup' build argument 'cmake_clean_first' from command line to 'False'
[0.504s] Level 5:colcon.colcon_core.verb:set package 'micro_ros_setup' build argument 'cmake_force_configure' from command line to 'False'
[0.504s] Level 5:colcon.colcon_core.verb:set package 'micro_ros_setup' build argument 'ament_cmake_args' from command line to 'None'
[0.504s] Level 5:colcon.colcon_core.verb:set package 'micro_ros_setup' build argument 'catkin_cmake_args' from command line to 'None'
[0.504s] Level 5:colcon.colcon_core.verb:set package 'micro_ros_setup' build argument 'catkin_skip_building_tests' from command line to 'False'
[0.504s] DEBUG:colcon.colcon_core.verb:Building package 'micro_ros_setup' with the following arguments: {'ament_cmake_args': None, 'build_base': '/home/anthonykpinson/microros_ws/build/micro_ros_setup', 'catkin_cmake_args': None, 'catkin_skip_building_tests': False, 'cmake_args': None, 'cmake_clean_cache': False, 'cmake_clean_first': False, 'cmake_force_configure': False, 'cmake_target': None, 'cmake_target_skip_unavailable': False, 'install_base': '/home/anthonykpinson/microros_ws/install/micro_ros_setup', 'merge_install': False, 'path': '/home/anthonykpinson/microros_ws/src/micro_ros_setup', 'symlink_install': False, 'test_result_base': None}
[0.505s] Level 5:colcon.colcon_core.verb:set package 'micro_ros_agent' build argument 'cmake_args' from command line to 'None'
[0.505s] Level 5:colcon.colcon_core.verb:set package 'micro_ros_agent' build argument 'cmake_target' from command line to 'None'
[0.505s] Level 5:colcon.colcon_core.verb:set package 'micro_ros_agent' build argument 'cmake_target_skip_unavailable' from command line to 'False'
[0.505s] Level 5:colcon.colcon_core.verb:set package 'micro_ros_agent' build argument 'cmake_clean_cache' from command line to 'False'
[0.505s] Level 5:colcon.colcon_core.verb:set package 'micro_ros_agent' build argument 'cmake_clean_first' from command line to 'False'
[0.505s] Level 5:colcon.colcon_core.verb:set package 'micro_ros_agent' build argument 'cmake_force_configure' from command line to 'False'
[0.505s] Level 5:colcon.colcon_core.verb:set package 'micro_ros_agent' build argument 'ament_cmake_args' from command line to 'None'
[0.505s] Level 5:colcon.colcon_core.verb:set package 'micro_ros_agent' build argument 'catkin_cmake_args' from command line to 'None'
[0.505s] Level 5:colcon.colcon_core.verb:set package 'micro_ros_agent' build argument 'catkin_skip_building_tests' from command line to 'False'
[0.505s] DEBUG:colcon.colcon_core.verb:Building package 'micro_ros_agent' with the following arguments: {'ament_cmake_args': None, 'build_base': '/home/anthonykpinson/microros_ws/build/micro_ros_agent', 'catkin_cmake_args': None, 'catkin_skip_building_tests': False, 'cmake_args': None, 'cmake_clean_cache': False, 'cmake_clean_first': False, 'cmake_force_configure': False, 'cmake_target': None, 'cmake_target_skip_unavailable': False, 'install_base': '/home/anthonykpinson/microros_ws/install/micro_ros_agent', 'merge_install': False, 'path': '/home/anthonykpinson/microros_ws/src/uros/micro-ROS-Agent/micro_ros_agent', 'symlink_install': False, 'test_result_base': None}
[0.505s] INFO:colcon.colcon_core.executor:Executing jobs using 'parallel' executor
[0.505s] DEBUG:colcon.colcon_parallel_executor.executor.parallel:run_until_complete
[0.506s] INFO:colcon.colcon_ros.task.ament_cmake.build:Building ROS package in '/home/anthonykpinson/microros_ws/src/uros/micro_ros_msgs' with build type 'ament_cmake'
[0.506s] INFO:colcon.colcon_cmake.task.cmake.build:Building CMake package in '/home/anthonykpinson/microros_ws/src/uros/micro_ros_msgs'
[0.508s] INFO:colcon.colcon_core.plugin_system:Skipping extension 'colcon_core.shell.bat': Not used on non-Windows systems
[0.508s] INFO:colcon.colcon_core.shell:Skip shell extension 'powershell' for command environment: Not usable outside of PowerShell
[0.508s] DEBUG:colcon.colcon_core.shell:Skip shell extension 'dsv' for command environment
[0.509s] DEBUG:colcon.colcon_core.shell:Ignoring prefix path '/home/anthonykpinson/catkin_ws/devel'
[0.517s] INFO:colcon.colcon_ros.task.ament_cmake.build:Building ROS package in '/home/anthonykpinson/microros_ws/src/uros/drive_base/drive_base_msgs' with build type 'ament_cmake'
[0.517s] INFO:colcon.colcon_cmake.task.cmake.build:Building CMake package in '/home/anthonykpinson/microros_ws/src/uros/drive_base/drive_base_msgs'
[0.518s] INFO:colcon.colcon_core.shell:Skip shell extension 'powershell' for command environment: Not usable outside of PowerShell
[0.518s] DEBUG:colcon.colcon_core.shell:Skip shell extension 'dsv' for command environment
[0.519s] DEBUG:colcon.colcon_core.shell:Ignoring prefix path '/home/anthonykpinson/catkin_ws/devel'
[0.521s] INFO:colcon.colcon_ros.task.ament_cmake.build:Building ROS package in '/home/anthonykpinson/microros_ws/src/micro_ros_setup' with build type 'ament_cmake'
[0.521s] INFO:colcon.colcon_cmake.task.cmake.build:Building CMake package in '/home/anthonykpinson/microros_ws/src/micro_ros_setup'
[0.521s] INFO:colcon.colcon_core.shell:Skip shell extension 'powershell' for command environment: Not usable outside of PowerShell
[0.521s] DEBUG:colcon.colcon_core.shell:Skip shell extension 'dsv' for command environment
[0.524s] DEBUG:colcon.colcon_core.shell:Ignoring prefix path '/home/anthonykpinson/catkin_ws/devel'
[0.528s] DEBUG:colcon.colcon_core.event_handler.log_command:Invoking command in '/home/anthonykpinson/microros_ws/build/micro_ros_msgs': CMAKE_PREFIX_PATH=/opt/ros/foxy:${CMAKE_PREFIX_PATH} /usr/bin/cmake /home/anthonykpinson/microros_ws/src/uros/micro_ros_msgs -DCMAKE_INSTALL_PREFIX=/home/anthonykpinson/microros_ws/install/micro_ros_msgs
[0.534s] DEBUG:colcon.colcon_core.event_handler.log_command:Invoking command in '/home/anthonykpinson/microros_ws/build/drive_base_msgs': CMAKE_PREFIX_PATH=/opt/ros/foxy:${CMAKE_PREFIX_PATH} /usr/bin/cmake --build /home/anthonykpinson/microros_ws/build/drive_base_msgs -- -j20 -l20
[0.540s] DEBUG:colcon.colcon_core.event_handler.log_command:Invoking command in '/home/anthonykpinson/microros_ws/build/micro_ros_setup': CMAKE_PREFIX_PATH=/opt/ros/foxy:${CMAKE_PREFIX_PATH} /usr/bin/cmake --build /home/anthonykpinson/microros_ws/build/micro_ros_setup -- -j20 -l20
[0.567s] DEBUG:colcon.colcon_core.event_handler.log_command:Invoked command in '/home/anthonykpinson/microros_ws/build/micro_ros_setup' returned '0': CMAKE_PREFIX_PATH=/opt/ros/foxy:${CMAKE_PREFIX_PATH} /usr/bin/cmake --build /home/anthonykpinson/microros_ws/build/micro_ros_setup -- -j20 -l20
[0.591s] DEBUG:colcon.colcon_core.event_handler.log_command:Invoking command in '/home/anthonykpinson/microros_ws/build/micro_ros_setup': CMAKE_PREFIX_PATH=/opt/ros/foxy:${CMAKE_PREFIX_PATH} /usr/bin/cmake --install /home/anthonykpinson/microros_ws/build/micro_ros_setup
[0.598s] Level 1:colcon.colcon_core.environment:create_environment_scripts_only(micro_ros_setup)
[0.603s] Level 1:colcon.colcon_core.environment:checking '/home/anthonykpinson/microros_ws/install/micro_ros_setup' for CMake module files
[0.604s] Level 1:colcon.colcon_core.environment:checking '/home/anthonykpinson/microros_ws/install/micro_ros_setup' for CMake config files
[0.609s] DEBUG:colcon.colcon_core.event_handler.log_command:Invoked command in '/home/anthonykpinson/microros_ws/build/micro_ros_setup' returned '0': CMAKE_PREFIX_PATH=/opt/ros/foxy:${CMAKE_PREFIX_PATH} /usr/bin/cmake --install /home/anthonykpinson/microros_ws/build/micro_ros_setup
[0.609s] Level 1:colcon.colcon_core.shell:create_environment_hook('micro_ros_setup', 'cmake_prefix_path')
[0.609s] INFO:colcon.colcon_core.shell:Creating environment hook '/home/anthonykpinson/microros_ws/install/micro_ros_setup/share/micro_ros_setup/hook/cmake_prefix_path.ps1'
[0.610s] INFO:colcon.colcon_core.shell:Creating environment descriptor '/home/anthonykpinson/microros_ws/install/micro_ros_setup/share/micro_ros_setup/hook/cmake_prefix_path.dsv'
[0.610s] INFO:colcon.colcon_core.shell:Creating environment hook '/home/anthonykpinson/microros_ws/install/micro_ros_setup/share/micro_ros_setup/hook/cmake_prefix_path.sh'
[0.611s] Level 1:colcon.colcon_core.environment:checking '/home/anthonykpinson/microros_ws/install/micro_ros_setup/lib'
[0.611s] Level 1:colcon.colcon_core.environment:checking '/home/anthonykpinson/microros_ws/install/micro_ros_setup/bin'
[0.611s] Level 1:colcon.colcon_core.environment:checking '/home/anthonykpinson/microros_ws/install/micro_ros_setup/lib/pkgconfig/micro_ros_setup.pc'
[0.611s] Level 1:colcon.colcon_core.environment:checking '/home/anthonykpinson/microros_ws/install/micro_ros_setup/lib/python3.8/site-packages'
[0.611s] Level 1:colcon.colcon_core.environment:checking '/home/anthonykpinson/microros_ws/install/micro_ros_setup/bin'
[0.612s] INFO:colcon.colcon_core.shell:Creating package script '/home/anthonykpinson/microros_ws/install/micro_ros_setup/share/micro_ros_setup/package.ps1'
[0.612s] INFO:colcon.colcon_core.shell:Creating package descriptor '/home/anthonykpinson/microros_ws/install/micro_ros_setup/share/micro_ros_setup/package.dsv'
[0.612s] INFO:colcon.colcon_core.shell:Creating package script '/home/anthonykpinson/microros_ws/install/micro_ros_setup/share/micro_ros_setup/package.sh'
[0.613s] INFO:colcon.colcon_core.shell:Creating package script '/home/anthonykpinson/microros_ws/install/micro_ros_setup/share/micro_ros_setup/package.bash'
[0.614s] INFO:colcon.colcon_core.shell:Creating package script '/home/anthonykpinson/microros_ws/install/micro_ros_setup/share/micro_ros_setup/package.zsh'
[0.614s] Level 1:colcon.colcon_core.environment:create_file_with_runtime_dependencies(/home/anthonykpinson/microros_ws/install/micro_ros_setup/share/colcon-core/packages/micro_ros_setup)
[0.628s] Level 1:colcon.colcon_core.environment:create_environment_scripts_only(micro_ros_setup)
[0.629s] Level 1:colcon.colcon_core.environment:checking '/home/anthonykpinson/microros_ws/install/micro_ros_setup' for CMake module files
[0.629s] Level 1:colcon.colcon_core.environment:checking '/home/anthonykpinson/microros_ws/install/micro_ros_setup' for CMake config files
[0.630s] Level 1:colcon.colcon_core.shell:create_environment_hook('micro_ros_setup', 'cmake_prefix_path')
[0.631s] INFO:colcon.colcon_core.shell:Creating environment hook '/home/anthonykpinson/microros_ws/install/micro_ros_setup/share/micro_ros_setup/hook/cmake_prefix_path.ps1'
[0.631s] INFO:colcon.colcon_core.shell:Creating environment descriptor '/home/anthonykpinson/microros_ws/install/micro_ros_setup/share/micro_ros_setup/hook/cmake_prefix_path.dsv'
[0.631s] INFO:colcon.colcon_core.shell:Creating environment hook '/home/anthonykpinson/microros_ws/install/micro_ros_setup/share/micro_ros_setup/hook/cmake_prefix_path.sh'
[0.632s] Level 1:colcon.colcon_core.environment:checking '/home/anthonykpinson/microros_ws/install/micro_ros_setup/lib'
[0.632s] Level 1:colcon.colcon_core.environment:checking '/home/anthonykpinson/microros_ws/install/micro_ros_setup/bin'
[0.632s] Level 1:colcon.colcon_core.environment:checking '/home/anthonykpinson/microros_ws/install/micro_ros_setup/lib/pkgconfig/micro_ros_setup.pc'
[0.632s] Level 1:colcon.colcon_core.environment:checking '/home/anthonykpinson/microros_ws/install/micro_ros_setup/lib/python3.8/site-packages'
[0.633s] Level 1:colcon.colcon_core.environment:checking '/home/anthonykpinson/microros_ws/install/micro_ros_setup/bin'
[0.633s] INFO:colcon.colcon_core.shell:Creating package script '/home/anthonykpinson/microros_ws/install/micro_ros_setup/share/micro_ros_setup/package.ps1'
[0.633s] INFO:colcon.colcon_core.shell:Creating package descriptor '/home/anthonykpinson/microros_ws/install/micro_ros_setup/share/micro_ros_setup/package.dsv'
[0.634s] INFO:colcon.colcon_core.shell:Creating package script '/home/anthonykpinson/microros_ws/install/micro_ros_setup/share/micro_ros_setup/package.sh'
[0.634s] INFO:colcon.colcon_core.shell:Creating package script '/home/anthonykpinson/microros_ws/install/micro_ros_setup/share/micro_ros_setup/package.bash'
[0.635s] INFO:colcon.colcon_core.shell:Creating package script '/home/anthonykpinson/microros_ws/install/micro_ros_setup/share/micro_ros_setup/package.zsh'
[0.635s] Level 1:colcon.colcon_core.environment:create_file_with_runtime_dependencies(/home/anthonykpinson/microros_ws/install/micro_ros_setup/share/colcon-core/packages/micro_ros_setup)
[0.687s] DEBUG:colcon.colcon_core.event_handler.log_command:Invoked command in '/home/anthonykpinson/microros_ws/build/drive_base_msgs' returned '0': CMAKE_PREFIX_PATH=/opt/ros/foxy:${CMAKE_PREFIX_PATH} /usr/bin/cmake --build /home/anthonykpinson/microros_ws/build/drive_base_msgs -- -j20 -l20
[0.745s] DEBUG:colcon.colcon_core.event_handler.log_command:Invoking command in '/home/anthonykpinson/microros_ws/build/drive_base_msgs': CMAKE_PREFIX_PATH=/opt/ros/foxy:${CMAKE_PREFIX_PATH} /usr/bin/cmake --install /home/anthonykpinson/microros_ws/build/drive_base_msgs
[0.783s] Level 1:colcon.colcon_core.environment:create_environment_scripts_only(drive_base_msgs)
[0.783s] Level 1:colcon.colcon_core.environment:checking '/home/anthonykpinson/microros_ws/install/drive_base_msgs' for CMake module files
[0.783s] DEBUG:colcon.colcon_core.event_handler.log_command:Invoked command in '/home/anthonykpinson/microros_ws/build/drive_base_msgs' returned '0': CMAKE_PREFIX_PATH=/opt/ros/foxy:${CMAKE_PREFIX_PATH} /usr/bin/cmake --install /home/anthonykpinson/microros_ws/build/drive_base_msgs
[0.784s] Level 1:colcon.colcon_core.environment:checking '/home/anthonykpinson/microros_ws/install/drive_base_msgs' for CMake config files
[0.784s] Level 1:colcon.colcon_core.shell:create_environment_hook('drive_base_msgs', 'cmake_prefix_path')
[0.784s] INFO:colcon.colcon_core.shell:Creating environment hook '/home/anthonykpinson/microros_ws/install/drive_base_msgs/share/drive_base_msgs/hook/cmake_prefix_path.ps1'
[0.784s] INFO:colcon.colcon_core.shell:Creating environment descriptor '/home/anthonykpinson/microros_ws/install/drive_base_msgs/share/drive_base_msgs/hook/cmake_prefix_path.dsv'
[0.785s] INFO:colcon.colcon_core.shell:Creating environment hook '/home/anthonykpinson/microros_ws/install/drive_base_msgs/share/drive_base_msgs/hook/cmake_prefix_path.sh'
[0.785s] Level 1:colcon.colcon_core.environment:checking '/home/anthonykpinson/microros_ws/install/drive_base_msgs/lib'
[0.785s] Level 1:colcon.colcon_core.shell:create_environment_hook('drive_base_msgs', 'ld_library_path_lib')
[0.785s] INFO:colcon.colcon_core.shell:Creating environment hook '/home/anthonykpinson/microros_ws/install/drive_base_msgs/share/drive_base_msgs/hook/ld_library_path_lib.ps1'
[0.785s] INFO:colcon.colcon_core.shell:Creating environment descriptor '/home/anthonykpinson/microros_ws/install/drive_base_msgs/share/drive_base_msgs/hook/ld_library_path_lib.dsv'
[0.785s] INFO:colcon.colcon_core.shell:Creating environment hook '/home/anthonykpinson/microros_ws/install/drive_base_msgs/share/drive_base_msgs/hook/ld_library_path_lib.sh'
[0.785s] Level 1:colcon.colcon_core.environment:checking '/home/anthonykpinson/microros_ws/install/drive_base_msgs/bin'
[0.786s] Level 1:colcon.colcon_core.environment:checking '/home/anthonykpinson/microros_ws/install/drive_base_msgs/lib/pkgconfig/drive_base_msgs.pc'
[0.786s] Level 1:colcon.colcon_core.environment:checking '/home/anthonykpinson/microros_ws/install/drive_base_msgs/lib/python3.8/site-packages'
[0.786s] Level 1:colcon.colcon_core.shell:create_environment_hook('drive_base_msgs', 'pythonpath')
[0.786s] INFO:colcon.colcon_core.shell:Creating environment hook '/home/anthonykpinson/microros_ws/install/drive_base_msgs/share/drive_base_msgs/hook/pythonpath.ps1'
[0.786s] INFO:colcon.colcon_core.shell:Creating environment descriptor '/home/anthonykpinson/microros_ws/install/drive_base_msgs/share/drive_base_msgs/hook/pythonpath.dsv'
[0.786s] INFO:colcon.colcon_core.shell:Creating environment hook '/home/anthonykpinson/microros_ws/install/drive_base_msgs/share/drive_base_msgs/hook/pythonpath.sh'
[0.786s] Level 1:colcon.colcon_core.environment:checking '/home/anthonykpinson/microros_ws/install/drive_base_msgs/bin'
[0.787s] INFO:colcon.colcon_core.shell:Creating package script '/home/anthonykpinson/microros_ws/install/drive_base_msgs/share/drive_base_msgs/package.ps1'
[0.787s] INFO:colcon.colcon_core.shell:Creating package descriptor '/home/anthonykpinson/microros_ws/install/drive_base_msgs/share/drive_base_msgs/package.dsv'
[0.787s] INFO:colcon.colcon_core.shell:Creating package script '/home/anthonykpinson/microros_ws/install/drive_base_msgs/share/drive_base_msgs/package.sh'
[0.787s] INFO:colcon.colcon_core.shell:Creating package script '/home/anthonykpinson/microros_ws/install/drive_base_msgs/share/drive_base_msgs/package.bash'
[0.787s] INFO:colcon.colcon_core.shell:Creating package script '/home/anthonykpinson/microros_ws/install/drive_base_msgs/share/drive_base_msgs/package.zsh'
[0.788s] Level 1:colcon.colcon_core.environment:create_file_with_runtime_dependencies(/home/anthonykpinson/microros_ws/install/drive_base_msgs/share/colcon-core/packages/drive_base_msgs)
[0.843s] Level 1:colcon.colcon_core.environment:create_environment_scripts_only(drive_base_msgs)
[0.843s] Level 1:colcon.colcon_core.environment:checking '/home/anthonykpinson/microros_ws/install/drive_base_msgs' for CMake module files
[0.844s] Level 1:colcon.colcon_core.environment:checking '/home/anthonykpinson/microros_ws/install/drive_base_msgs' for CMake config files
[0.844s] Level 1:colcon.colcon_core.shell:create_environment_hook('drive_base_msgs', 'cmake_prefix_path')
[0.844s] INFO:colcon.colcon_core.shell:Creating environment hook '/home/anthonykpinson/microros_ws/install/drive_base_msgs/share/drive_base_msgs/hook/cmake_prefix_path.ps1'
[0.845s] INFO:colcon.colcon_core.shell:Creating environment descriptor '/home/anthonykpinson/microros_ws/install/drive_base_msgs/share/drive_base_msgs/hook/cmake_prefix_path.dsv'
[0.845s] INFO:colcon.colcon_core.shell:Creating environment hook '/home/anthonykpinson/microros_ws/install/drive_base_msgs/share/drive_base_msgs/hook/cmake_prefix_path.sh'
[0.845s] Level 1:colcon.colcon_core.environment:checking '/home/anthonykpinson/microros_ws/install/drive_base_msgs/lib'
[0.845s] Level 1:colcon.colcon_core.shell:create_environment_hook('drive_base_msgs', 'ld_library_path_lib')
[0.845s] INFO:colcon.colcon_core.shell:Creating environment hook '/home/anthonykpinson/microros_ws/install/drive_base_msgs/share/drive_base_msgs/hook/ld_library_path_lib.ps1'
[0.845s] INFO:colcon.colcon_core.shell:Creating environment descriptor '/home/anthonykpinson/microros_ws/install/drive_base_msgs/share/drive_base_msgs/hook/ld_library_path_lib.dsv'
[0.846s] INFO:colcon.colcon_core.shell:Creating environment hook '/home/anthonykpinson/microros_ws/install/drive_base_msgs/share/drive_base_msgs/hook/ld_library_path_lib.sh'
[0.846s] Level 1:colcon.colcon_core.environment:checking '/home/anthonykpinson/microros_ws/install/drive_base_msgs/bin'
[0.846s] Level 1:colcon.colcon_core.environment:checking '/home/anthonykpinson/microros_ws/install/drive_base_msgs/lib/pkgconfig/drive_base_msgs.pc'
[0.846s] Level 1:colcon.colcon_core.environment:checking '/home/anthonykpinson/microros_ws/install/drive_base_msgs/lib/python3.8/site-packages'
[0.846s] Level 1:colcon.colcon_core.shell:create_environment_hook('drive_base_msgs', 'pythonpath')
[0.846s] INFO:colcon.colcon_core.shell:Creating environment hook '/home/anthonykpinson/microros_ws/install/drive_base_msgs/share/drive_base_msgs/hook/pythonpath.ps1'
[0.846s] INFO:colcon.colcon_core.shell:Creating environment descriptor '/home/anthonykpinson/microros_ws/install/drive_base_msgs/share/drive_base_msgs/hook/pythonpath.dsv'
[0.847s] INFO:colcon.colcon_core.shell:Creating environment hook '/home/anthonykpinson/microros_ws/install/drive_base_msgs/share/drive_base_msgs/hook/pythonpath.sh'
[0.847s] Level 1:colcon.colcon_core.environment:checking '/home/anthonykpinson/microros_ws/install/drive_base_msgs/bin'
[0.847s] INFO:colcon.colcon_core.shell:Creating package script '/home/anthonykpinson/microros_ws/install/drive_base_msgs/share/drive_base_msgs/package.ps1'
[0.847s] INFO:colcon.colcon_core.shell:Creating package descriptor '/home/anthonykpinson/microros_ws/install/drive_base_msgs/share/drive_base_msgs/package.dsv'
[0.848s] INFO:colcon.colcon_core.shell:Creating package script '/home/anthonykpinson/microros_ws/install/drive_base_msgs/share/drive_base_msgs/package.sh'
[0.848s] INFO:colcon.colcon_core.shell:Creating package script '/home/anthonykpinson/microros_ws/install/drive_base_msgs/share/drive_base_msgs/package.bash'
[0.848s] INFO:colcon.colcon_core.shell:Creating package script '/home/anthonykpinson/microros_ws/install/drive_base_msgs/share/drive_base_msgs/package.zsh'
[0.848s] Level 1:colcon.colcon_core.environment:create_file_with_runtime_dependencies(/home/anthonykpinson/microros_ws/install/drive_base_msgs/share/colcon-core/packages/drive_base_msgs)
[1.125s] DEBUG:colcon.colcon_core.event_handler.log_command:Invoked command in '/home/anthonykpinson/microros_ws/build/micro_ros_msgs' returned '0': CMAKE_PREFIX_PATH=/opt/ros/foxy:${CMAKE_PREFIX_PATH} /usr/bin/cmake /home/anthonykpinson/microros_ws/src/uros/micro_ros_msgs -DCMAKE_INSTALL_PREFIX=/home/anthonykpinson/microros_ws/install/micro_ros_msgs
[1.126s] DEBUG:colcon.colcon_core.event_handler.log_command:Invoking command in '/home/anthonykpinson/microros_ws/build/micro_ros_msgs': CMAKE_PREFIX_PATH=/opt/ros/foxy:${CMAKE_PREFIX_PATH} /usr/bin/cmake --build /home/anthonykpinson/microros_ws/build/micro_ros_msgs -- -j20 -l20
[1.290s] DEBUG:colcon.colcon_core.event_handler.log_command:Invoked command in '/home/anthonykpinson/microros_ws/build/micro_ros_msgs' returned '0': CMAKE_PREFIX_PATH=/opt/ros/foxy:${CMAKE_PREFIX_PATH} /usr/bin/cmake --build /home/anthonykpinson/microros_ws/build/micro_ros_msgs -- -j20 -l20
[1.340s] DEBUG:colcon.colcon_core.event_handler.log_command:Invoking command in '/home/anthonykpinson/microros_ws/build/micro_ros_msgs': CMAKE_PREFIX_PATH=/opt/ros/foxy:${CMAKE_PREFIX_PATH} /usr/bin/cmake --install /home/anthonykpinson/microros_ws/build/micro_ros_msgs
[1.378s] Level 1:colcon.colcon_core.environment:create_environment_scripts_only(micro_ros_msgs)
[1.378s] DEBUG:colcon.colcon_core.event_handler.log_command:Invoked command in '/home/anthonykpinson/microros_ws/build/micro_ros_msgs' returned '0': CMAKE_PREFIX_PATH=/opt/ros/foxy:${CMAKE_PREFIX_PATH} /usr/bin/cmake --install /home/anthonykpinson/microros_ws/build/micro_ros_msgs
[1.379s] Level 1:colcon.colcon_core.environment:checking '/home/anthonykpinson/microros_ws/install/micro_ros_msgs' for CMake module files
[1.380s] Level 1:colcon.colcon_core.environment:checking '/home/anthonykpinson/microros_ws/install/micro_ros_msgs' for CMake config files
[1.380s] Level 1:colcon.colcon_core.shell:create_environment_hook('micro_ros_msgs', 'cmake_prefix_path')
[1.380s] INFO:colcon.colcon_core.shell:Creating environment hook '/home/anthonykpinson/microros_ws/install/micro_ros_msgs/share/micro_ros_msgs/hook/cmake_prefix_path.ps1'
[1.380s] INFO:colcon.colcon_core.shell:Creating environment descriptor '/home/anthonykpinson/microros_ws/install/micro_ros_msgs/share/micro_ros_msgs/hook/cmake_prefix_path.dsv'
[1.381s] INFO:colcon.colcon_core.shell:Creating environment hook '/home/anthonykpinson/microros_ws/install/micro_ros_msgs/share/micro_ros_msgs/hook/cmake_prefix_path.sh'
[1.381s] Level 1:colcon.colcon_core.environment:checking '/home/anthonykpinson/microros_ws/install/micro_ros_msgs/lib'
[1.381s] Level 1:colcon.colcon_core.shell:create_environment_hook('micro_ros_msgs', 'ld_library_path_lib')
[1.381s] INFO:colcon.colcon_core.shell:Creating environment hook '/home/anthonykpinson/microros_ws/install/micro_ros_msgs/share/micro_ros_msgs/hook/ld_library_path_lib.ps1'
[1.381s] INFO:colcon.colcon_core.shell:Creating environment descriptor '/home/anthonykpinson/microros_ws/install/micro_ros_msgs/share/micro_ros_msgs/hook/ld_library_path_lib.dsv'
[1.382s] INFO:colcon.colcon_core.shell:Creating environment hook '/home/anthonykpinson/microros_ws/install/micro_ros_msgs/share/micro_ros_msgs/hook/ld_library_path_lib.sh'
[1.382s] Level 1:colcon.colcon_core.environment:checking '/home/anthonykpinson/microros_ws/install/micro_ros_msgs/bin'
[1.382s] Level 1:colcon.colcon_core.environment:checking '/home/anthonykpinson/microros_ws/install/micro_ros_msgs/lib/pkgconfig/micro_ros_msgs.pc'
[1.382s] Level 1:colcon.colcon_core.environment:checking '/home/anthonykpinson/microros_ws/install/micro_ros_msgs/lib/python3.8/site-packages'
[1.382s] Level 1:colcon.colcon_core.shell:create_environment_hook('micro_ros_msgs', 'pythonpath')
[1.382s] INFO:colcon.colcon_core.shell:Creating environment hook '/home/anthonykpinson/microros_ws/install/micro_ros_msgs/share/micro_ros_msgs/hook/pythonpath.ps1'
[1.382s] INFO:colcon.colcon_core.shell:Creating environment descriptor '/home/anthonykpinson/microros_ws/install/micro_ros_msgs/share/micro_ros_msgs/hook/pythonpath.dsv'
[1.382s] INFO:colcon.colcon_core.shell:Creating environment hook '/home/anthonykpinson/microros_ws/install/micro_ros_msgs/share/micro_ros_msgs/hook/pythonpath.sh'
[1.383s] Level 1:colcon.colcon_core.environment:checking '/home/anthonykpinson/microros_ws/install/micro_ros_msgs/bin'
[1.383s] INFO:colcon.colcon_core.shell:Creating package script '/home/anthonykpinson/microros_ws/install/micro_ros_msgs/share/micro_ros_msgs/package.ps1'
[1.383s] INFO:colcon.colcon_core.shell:Creating package descriptor '/home/anthonykpinson/microros_ws/install/micro_ros_msgs/share/micro_ros_msgs/package.dsv'
[1.383s] INFO:colcon.colcon_core.shell:Creating package script '/home/anthonykpinson/microros_ws/install/micro_ros_msgs/share/micro_ros_msgs/package.sh'
[1.384s] INFO:colcon.colcon_core.shell:Creating package script '/home/anthonykpinson/microros_ws/install/micro_ros_msgs/share/micro_ros_msgs/package.bash'
[1.384s] INFO:colcon.colcon_core.shell:Creating package script '/home/anthonykpinson/microros_ws/install/micro_ros_msgs/share/micro_ros_msgs/package.zsh'
[1.384s] Level 1:colcon.colcon_core.environment:create_file_with_runtime_dependencies(/home/anthonykpinson/microros_ws/install/micro_ros_msgs/share/colcon-core/packages/micro_ros_msgs)
[1.430s] Level 1:colcon.colcon_core.environment:create_environment_scripts_only(micro_ros_msgs)
[1.431s] Level 1:colcon.colcon_core.environment:checking '/home/anthonykpinson/microros_ws/install/micro_ros_msgs' for CMake module files
[1.431s] Level 1:colcon.colcon_core.environment:checking '/home/anthonykpinson/microros_ws/install/micro_ros_msgs' for CMake config files
[1.431s] Level 1:colcon.colcon_core.shell:create_environment_hook('micro_ros_msgs', 'cmake_prefix_path')
[1.431s] INFO:colcon.colcon_core.shell:Creating environment hook '/home/anthonykpinson/microros_ws/install/micro_ros_msgs/share/micro_ros_msgs/hook/cmake_prefix_path.ps1'
[1.432s] INFO:colcon.colcon_core.shell:Creating environment descriptor '/home/anthonykpinson/microros_ws/install/micro_ros_msgs/share/micro_ros_msgs/hook/cmake_prefix_path.dsv'
[1.432s] INFO:colcon.colcon_core.shell:Creating environment hook '/home/anthonykpinson/microros_ws/install/micro_ros_msgs/share/micro_ros_msgs/hook/cmake_prefix_path.sh'
[1.432s] Level 1:colcon.colcon_core.environment:checking '/home/anthonykpinson/microros_ws/install/micro_ros_msgs/lib'
[1.432s] Level 1:colcon.colcon_core.shell:create_environment_hook('micro_ros_msgs', 'ld_library_path_lib')
[1.432s] INFO:colcon.colcon_core.shell:Creating environment hook '/home/anthonykpinson/microros_ws/install/micro_ros_msgs/share/micro_ros_msgs/hook/ld_library_path_lib.ps1'
[1.432s] INFO:colcon.colcon_core.shell:Creating environment descriptor '/home/anthonykpinson/microros_ws/install/micro_ros_msgs/share/micro_ros_msgs/hook/ld_library_path_lib.dsv'
[1.433s] INFO:colcon.colcon_core.shell:Creating environment hook '/home/anthonykpinson/microros_ws/install/micro_ros_msgs/share/micro_ros_msgs/hook/ld_library_path_lib.sh'
[1.433s] Level 1:colcon.colcon_core.environment:checking '/home/anthonykpinson/microros_ws/install/micro_ros_msgs/bin'
[1.433s] Level 1:colcon.colcon_core.environment:checking '/home/anthonykpinson/microros_ws/install/micro_ros_msgs/lib/pkgconfig/micro_ros_msgs.pc'
[1.433s] Level 1:colcon.colcon_core.environment:checking '/home/anthonykpinson/microros_ws/install/micro_ros_msgs/lib/python3.8/site-packages'
[1.433s] Level 1:colcon.colcon_core.shell:create_environment_hook('micro_ros_msgs', 'pythonpath')
[1.433s] INFO:colcon.colcon_core.shell:Creating environment hook '/home/anthonykpinson/microros_ws/install/micro_ros_msgs/share/micro_ros_msgs/hook/pythonpath.ps1'
[1.433s] INFO:colcon.colcon_core.shell:Creating environment descriptor '/home/anthonykpinson/microros_ws/install/micro_ros_msgs/share/micro_ros_msgs/hook/pythonpath.dsv'
[1.434s] INFO:colcon.colcon_core.shell:Creating environment hook '/home/anthonykpinson/microros_ws/install/micro_ros_msgs/share/micro_ros_msgs/hook/pythonpath.sh'
[1.434s] Level 1:colcon.colcon_core.environment:checking '/home/anthonykpinson/microros_ws/install/micro_ros_msgs/bin'
[1.434s] INFO:colcon.colcon_core.shell:Creating package script '/home/anthonykpinson/microros_ws/install/micro_ros_msgs/share/micro_ros_msgs/package.ps1'
[1.434s] INFO:colcon.colcon_core.shell:Creating package descriptor '/home/anthonykpinson/microros_ws/install/micro_ros_msgs/share/micro_ros_msgs/package.dsv'
[1.435s] INFO:colcon.colcon_core.shell:Creating package script '/home/anthonykpinson/microros_ws/install/micro_ros_msgs/share/micro_ros_msgs/package.sh'
[1.435s] INFO:colcon.colcon_core.shell:Creating package script '/home/anthonykpinson/microros_ws/install/micro_ros_msgs/share/micro_ros_msgs/package.bash'
[1.435s] INFO:colcon.colcon_core.shell:Creating package script '/home/anthonykpinson/microros_ws/install/micro_ros_msgs/share/micro_ros_msgs/package.zsh'
[1.435s] Level 1:colcon.colcon_core.environment:create_file_with_runtime_dependencies(/home/anthonykpinson/microros_ws/install/micro_ros_msgs/share/colcon-core/packages/micro_ros_msgs)
[1.435s] INFO:colcon.colcon_ros.task.ament_cmake.build:Building ROS package in '/home/anthonykpinson/microros_ws/src/uros/micro-ROS-Agent/micro_ros_agent' with build type 'ament_cmake'
[1.436s] INFO:colcon.colcon_cmake.task.cmake.build:Building CMake package in '/home/anthonykpinson/microros_ws/src/uros/micro-ROS-Agent/micro_ros_agent'
[1.436s] INFO:colcon.colcon_core.shell:Skip shell extension 'powershell' for command environment: Not usable outside of PowerShell
[1.436s] DEBUG:colcon.colcon_core.shell:Skip shell extension 'dsv' for command environment
[1.437s] DEBUG:colcon.colcon_core.shell:Ignoring prefix path '/home/anthonykpinson/catkin_ws/devel'
[1.443s] DEBUG:colcon.colcon_core.event_handler.log_command:Invoking command in '/home/anthonykpinson/microros_ws/build/micro_ros_agent': AMENT_PREFIX_PATH=/home/anthonykpinson/microros_ws/install/micro_ros_msgs:${AMENT_PREFIX_PATH} CMAKE_PREFIX_PATH=/home/anthonykpinson/microros_ws/install/micro_ros_msgs:/opt/ros/foxy:${CMAKE_PREFIX_PATH} LD_LIBRARY_PATH=/home/anthonykpinson/microros_ws/install/micro_ros_msgs/lib:${LD_LIBRARY_PATH} PYTHONPATH=/home/anthonykpinson/microros_ws/install/micro_ros_msgs/lib/python3.8/site-packages:${PYTHONPATH} /usr/bin/cmake /home/anthonykpinson/microros_ws/src/uros/micro-ROS-Agent/micro_ros_agent -DCMAKE_INSTALL_PREFIX=/home/anthonykpinson/microros_ws/install/micro_ros_agent
[1.853s] DEBUG:colcon.colcon_core.event_handler.log_command:Invoked command in '/home/anthonykpinson/microros_ws/build/micro_ros_agent' returned '0': AMENT_PREFIX_PATH=/home/anthonykpinson/microros_ws/install/micro_ros_msgs:${AMENT_PREFIX_PATH} CMAKE_PREFIX_PATH=/home/anthonykpinson/microros_ws/install/micro_ros_msgs:/opt/ros/foxy:${CMAKE_PREFIX_PATH} LD_LIBRARY_PATH=/home/anthonykpinson/microros_ws/install/micro_ros_msgs/lib:${LD_LIBRARY_PATH} PYTHONPATH=/home/anthonykpinson/microros_ws/install/micro_ros_msgs/lib/python3.8/site-packages:${PYTHONPATH} /usr/bin/cmake /home/anthonykpinson/microros_ws/src/uros/micro-ROS-Agent/micro_ros_agent -DCMAKE_INSTALL_PREFIX=/home/anthonykpinson/microros_ws/install/micro_ros_agent
[1.854s] DEBUG:colcon.colcon_core.event_handler.log_command:Invoking command in '/home/anthonykpinson/microros_ws/build/micro_ros_agent': AMENT_PREFIX_PATH=/home/anthonykpinson/microros_ws/install/micro_ros_msgs:${AMENT_PREFIX_PATH} CMAKE_PREFIX_PATH=/home/anthonykpinson/microros_ws/install/micro_ros_msgs:/opt/ros/foxy:${CMAKE_PREFIX_PATH} LD_LIBRARY_PATH=/home/anthonykpinson/microros_ws/install/micro_ros_msgs/lib:${LD_LIBRARY_PATH} PYTHONPATH=/home/anthonykpinson/microros_ws/install/micro_ros_msgs/lib/python3.8/site-packages:${PYTHONPATH} /usr/bin/cmake --build /home/anthonykpinson/microros_ws/build/micro_ros_agent -- -j20 -l20
[1.930s] DEBUG:colcon.colcon_core.event_handler.log_command:Invoked command in '/home/anthonykpinson/microros_ws/build/micro_ros_agent' returned '0': AMENT_PREFIX_PATH=/home/anthonykpinson/microros_ws/install/micro_ros_msgs:${AMENT_PREFIX_PATH} CMAKE_PREFIX_PATH=/home/anthonykpinson/microros_ws/install/micro_ros_msgs:/opt/ros/foxy:${CMAKE_PREFIX_PATH} LD_LIBRARY_PATH=/home/anthonykpinson/microros_ws/install/micro_ros_msgs/lib:${LD_LIBRARY_PATH} PYTHONPATH=/home/anthonykpinson/microros_ws/install/micro_ros_msgs/lib/python3.8/site-packages:${PYTHONPATH} /usr/bin/cmake --build /home/anthonykpinson/microros_ws/build/micro_ros_agent -- -j20 -l20
[1.970s] DEBUG:colcon.colcon_core.event_handler.log_command:Invoking command in '/home/anthonykpinson/microros_ws/build/micro_ros_agent': AMENT_PREFIX_PATH=/home/anthonykpinson/microros_ws/install/micro_ros_msgs:${AMENT_PREFIX_PATH} CMAKE_PREFIX_PATH=/home/anthonykpinson/microros_ws/install/micro_ros_msgs:/opt/ros/foxy:${CMAKE_PREFIX_PATH} LD_LIBRARY_PATH=/home/anthonykpinson/microros_ws/install/micro_ros_msgs/lib:${LD_LIBRARY_PATH} PYTHONPATH=/home/anthonykpinson/microros_ws/install/micro_ros_msgs/lib/python3.8/site-packages:${PYTHONPATH} /usr/bin/cmake --install /home/anthonykpinson/microros_ws/build/micro_ros_agent
[1.982s] Level 1:colcon.colcon_core.environment:create_environment_scripts_only(micro_ros_agent)
[1.983s] Level 1:colcon.colcon_core.environment:checking '/home/anthonykpinson/microros_ws/install/micro_ros_agent' for CMake module files
[1.983s] DEBUG:colcon.colcon_core.event_handler.log_command:Invoked command in '/home/anthonykpinson/microros_ws/build/micro_ros_agent' returned '0': AMENT_PREFIX_PATH=/home/anthonykpinson/microros_ws/install/micro_ros_msgs:${AMENT_PREFIX_PATH} CMAKE_PREFIX_PATH=/home/anthonykpinson/microros_ws/install/micro_ros_msgs:/opt/ros/foxy:${CMAKE_PREFIX_PATH} LD_LIBRARY_PATH=/home/anthonykpinson/microros_ws/install/micro_ros_msgs/lib:${LD_LIBRARY_PATH} PYTHONPATH=/home/anthonykpinson/microros_ws/install/micro_ros_msgs/lib/python3.8/site-packages:${PYTHONPATH} /usr/bin/cmake --install /home/anthonykpinson/microros_ws/build/micro_ros_agent
[1.983s] Level 1:colcon.colcon_core.environment:checking '/home/anthonykpinson/microros_ws/install/micro_ros_agent' for CMake config files
[1.983s] Level 1:colcon.colcon_core.shell:create_environment_hook('micro_ros_agent', 'cmake_prefix_path')
[1.984s] INFO:colcon.colcon_core.shell:Creating environment hook '/home/anthonykpinson/microros_ws/install/micro_ros_agent/share/micro_ros_agent/hook/cmake_prefix_path.ps1'
[1.984s] INFO:colcon.colcon_core.shell:Creating environment descriptor '/home/anthonykpinson/microros_ws/install/micro_ros_agent/share/micro_ros_agent/hook/cmake_prefix_path.dsv'
[1.985s] INFO:colcon.colcon_core.shell:Creating environment hook '/home/anthonykpinson/microros_ws/install/micro_ros_agent/share/micro_ros_agent/hook/cmake_prefix_path.sh'
[1.985s] Level 1:colcon.colcon_core.environment:checking '/home/anthonykpinson/microros_ws/install/micro_ros_agent/lib'
[1.985s] Level 1:colcon.colcon_core.shell:create_environment_hook('micro_ros_agent', 'ld_library_path_lib')
[1.986s] INFO:colcon.colcon_core.shell:Creating environment hook '/home/anthonykpinson/microros_ws/install/micro_ros_agent/share/micro_ros_agent/hook/ld_library_path_lib.ps1'
[1.986s] INFO:colcon.colcon_core.shell:Creating environment descriptor '/home/anthonykpinson/microros_ws/install/micro_ros_agent/share/micro_ros_agent/hook/ld_library_path_lib.dsv'
[1.986s] INFO:colcon.colcon_core.shell:Creating environment hook '/home/anthonykpinson/microros_ws/install/micro_ros_agent/share/micro_ros_agent/hook/ld_library_path_lib.sh'
[1.987s] Level 1:colcon.colcon_core.environment:checking '/home/anthonykpinson/microros_ws/install/micro_ros_agent/bin'
[1.987s] Level 1:colcon.colcon_core.environment:checking '/home/anthonykpinson/microros_ws/install/micro_ros_agent/lib/pkgconfig/micro_ros_agent.pc'
[1.987s] Level 1:colcon.colcon_core.environment:checking '/home/anthonykpinson/microros_ws/install/micro_ros_agent/lib/python3.8/site-packages'
[1.987s] Level 1:colcon.colcon_core.environment:checking '/home/anthonykpinson/microros_ws/install/micro_ros_agent/bin'
[1.987s] INFO:colcon.colcon_core.shell:Creating package script '/home/anthonykpinson/microros_ws/install/micro_ros_agent/share/micro_ros_agent/package.ps1'
[1.988s] INFO:colcon.colcon_core.shell:Creating package descriptor '/home/anthonykpinson/microros_ws/install/micro_ros_agent/share/micro_ros_agent/package.dsv'
[1.988s] INFO:colcon.colcon_core.shell:Creating package script '/home/anthonykpinson/microros_ws/install/micro_ros_agent/share/micro_ros_agent/package.sh'
[1.989s] INFO:colcon.colcon_core.shell:Creating package script '/home/anthonykpinson/microros_ws/install/micro_ros_agent/share/micro_ros_agent/package.bash'
[1.989s] INFO:colcon.colcon_core.shell:Creating package script '/home/anthonykpinson/microros_ws/install/micro_ros_agent/share/micro_ros_agent/package.zsh'
[1.989s] Level 1:colcon.colcon_core.environment:create_file_with_runtime_dependencies(/home/anthonykpinson/microros_ws/install/micro_ros_agent/share/colcon-core/packages/micro_ros_agent)
[2.025s] Level 1:colcon.colcon_core.environment:create_environment_scripts_only(micro_ros_agent)
[2.025s] Level 1:colcon.colcon_core.environment:checking '/home/anthonykpinson/microros_ws/install/micro_ros_agent' for CMake module files
[2.026s] Level 1:colcon.colcon_core.environment:checking '/home/anthonykpinson/microros_ws/install/micro_ros_agent' for CMake config files
[2.026s] Level 1:colcon.colcon_core.shell:create_environment_hook('micro_ros_agent', 'cmake_prefix_path')
[2.026s] INFO:colcon.colcon_core.shell:Creating environment hook '/home/anthonykpinson/microros_ws/install/micro_ros_agent/share/micro_ros_agent/hook/cmake_prefix_path.ps1'
[2.027s] INFO:colcon.colcon_core.shell:Creating environment descriptor '/home/anthonykpinson/microros_ws/install/micro_ros_agent/share/micro_ros_agent/hook/cmake_prefix_path.dsv'
[2.027s] INFO:colcon.colcon_core.shell:Creating environment hook '/home/anthonykpinson/microros_ws/install/micro_ros_agent/share/micro_ros_agent/hook/cmake_prefix_path.sh'
[2.028s] Level 1:colcon.colcon_core.environment:checking '/home/anthonykpinson/microros_ws/install/micro_ros_agent/lib'
[2.028s] Level 1:colcon.colcon_core.shell:create_environment_hook('micro_ros_agent', 'ld_library_path_lib')
[2.028s] INFO:colcon.colcon_core.shell:Creating environment hook '/home/anthonykpinson/microros_ws/install/micro_ros_agent/share/micro_ros_agent/hook/ld_library_path_lib.ps1'
[2.028s] INFO:colcon.colcon_core.shell:Creating environment descriptor '/home/anthonykpinson/microros_ws/install/micro_ros_agent/share/micro_ros_agent/hook/ld_library_path_lib.dsv'
[2.028s] INFO:colcon.colcon_core.shell:Creating environment hook '/home/anthonykpinson/microros_ws/install/micro_ros_agent/share/micro_ros_agent/hook/ld_library_path_lib.sh'
[2.029s] Level 1:colcon.colcon_core.environment:checking '/home/anthonykpinson/microros_ws/install/micro_ros_agent/bin'
[2.029s] Level 1:colcon.colcon_core.environment:checking '/home/anthonykpinson/microros_ws/install/micro_ros_agent/lib/pkgconfig/micro_ros_agent.pc'
[2.029s] Level 1:colcon.colcon_core.environment:checking '/home/anthonykpinson/microros_ws/install/micro_ros_agent/lib/python3.8/site-packages'
[2.029s] Level 1:colcon.colcon_core.environment:checking '/home/anthonykpinson/microros_ws/install/micro_ros_agent/bin'
[2.030s] INFO:colcon.colcon_core.shell:Creating package script '/home/anthonykpinson/microros_ws/install/micro_ros_agent/share/micro_ros_agent/package.ps1'
[2.030s] INFO:colcon.colcon_core.shell:Creating package descriptor '/home/anthonykpinson/microros_ws/install/micro_ros_agent/share/micro_ros_agent/package.dsv'
[2.031s] INFO:colcon.colcon_core.shell:Creating package script '/home/anthonykpinson/microros_ws/install/micro_ros_agent/share/micro_ros_agent/package.sh'
[2.031s] INFO:colcon.colcon_core.shell:Creating package script '/home/anthonykpinson/microros_ws/install/micro_ros_agent/share/micro_ros_agent/package.bash'
[2.031s] INFO:colcon.colcon_core.shell:Creating package script '/home/anthonykpinson/microros_ws/install/micro_ros_agent/share/micro_ros_agent/package.zsh'
[2.032s] Level 1:colcon.colcon_core.environment:create_file_with_runtime_dependencies(/home/anthonykpinson/microros_ws/install/micro_ros_agent/share/colcon-core/packages/micro_ros_agent)
[2.032s] DEBUG:colcon.colcon_parallel_executor.executor.parallel:closing loop
[2.032s] DEBUG:colcon.colcon_parallel_executor.executor.parallel:loop closed
[2.033s] DEBUG:colcon.colcon_parallel_executor.executor.parallel:run_until_complete finished with '0'
[2.033s] DEBUG:colcon.colcon_core.event_reactor:joining thread
[2.040s] INFO:colcon.colcon_core.plugin_system:Skipping extension 'colcon_notification.desktop_notification.terminal_notifier': Not used on non-Darwin systems
[2.040s] INFO:colcon.colcon_core.plugin_system:Skipping extension 'colcon_notification.desktop_notification.win32': Not used on non-Windows systems
[2.040s] INFO:colcon.colcon_notification.desktop_notification:Sending desktop notification using 'notify2'
[2.063s] DEBUG:colcon.colcon_core.event_reactor:joined thread
[2.064s] INFO:colcon.colcon_core.shell:Creating prefix script '/home/anthonykpinson/microros_ws/install/local_setup.ps1'
[2.065s] INFO:colcon.colcon_core.shell:Creating prefix util module '/home/anthonykpinson/microros_ws/install/_local_setup_util_ps1.py'
[2.066s] INFO:colcon.colcon_core.shell:Creating prefix chain script '/home/anthonykpinson/microros_ws/install/setup.ps1'
[2.067s] INFO:colcon.colcon_core.shell:Creating prefix script '/home/anthonykpinson/microros_ws/install/local_setup.sh'
[2.068s] INFO:colcon.colcon_core.shell:Creating prefix util module '/home/anthonykpinson/microros_ws/install/_local_setup_util_sh.py'
[2.069s] INFO:colcon.colcon_core.shell:Creating prefix chain script '/home/anthonykpinson/microros_ws/install/setup.sh'
[2.070s] INFO:colcon.colcon_core.shell:Creating prefix script '/home/anthonykpinson/microros_ws/install/local_setup.bash'
[2.071s] INFO:colcon.colcon_core.shell:Creating prefix chain script '/home/anthonykpinson/microros_ws/install/setup.bash'
[2.072s] INFO:colcon.colcon_core.shell:Creating prefix script '/home/anthonykpinson/microros_ws/install/local_setup.zsh'
[2.073s] INFO:colcon.colcon_core.shell:Creating prefix chain script '/home/anthonykpinson/microros_ws/install/setup.zsh'
