[0.020s] Invoking command in '/home/anthonykpinson/microros_ws/build/micro_ros_msgs': CMAKE_PREFIX_PATH=/opt/ros/foxy:${CMAKE_PREFIX_PATH} /usr/bin/cmake /home/anthonykpinson/microros_ws/src/uros/micro_ros_msgs -DCMAKE_INSTALL_PREFIX=/home/anthonykpinson/microros_ws/install/micro_ros_msgs
[0.036s] -- Found ament_cmake: 0.9.12 (/opt/ros/foxy/share/ament_cmake/cmake)
[0.054s] -- Found PythonInterp: /usr/bin/python3 (found suitable version "3.8.10", minimum required is "3") 
[0.054s] -- Using PYTHON_EXECUTABLE: /usr/bin/python3
[0.197s] -- Found rosidl_default_generators: 1.0.1 (/opt/ros/foxy/share/rosidl_default_generators/cmake)
[0.200s] -- Using all available rosidl_typesupport_c: rosidl_typesupport_fastrtps_c;rosidl_typesupport_introspection_c
[0.202s] -- Found rosidl_adapter: 1.3.1 (/opt/ros/foxy/share/rosidl_adapter/cmake)
[0.303s] -- Using all available rosidl_typesupport_cpp: rosidl_typesupport_fastrtps_cpp;rosidl_typesupport_introspection_cpp
[0.319s] -- Found ament_lint_auto: 0.9.8 (/opt/ros/foxy/share/ament_lint_auto/cmake)
[0.382s] -- Found PythonInterp: /usr/bin/python3 (found version "3.8.10") 
[0.433s] -- Found ament_cmake_ros: 0.9.2 (/opt/ros/foxy/share/ament_cmake_ros/cmake)
[0.501s] -- Using all available rosidl_typesupport_c: rosidl_typesupport_fastrtps_c;rosidl_typesupport_introspection_c
[0.507s] -- Using all available rosidl_typesupport_cpp: rosidl_typesupport_fastrtps_cpp;rosidl_typesupport_introspection_cpp
[0.524s] -- Found PythonInterp: /usr/bin/python3 (found suitable version "3.8.10", minimum required is "3.5") 
[0.524s] -- Found python_cmake_module: 0.8.1 (/opt/ros/foxy/share/python_cmake_module/cmake)
[0.541s] -- Using PYTHON_EXECUTABLE: /usr/bin/python3
[0.541s] -- Using PYTHON_INCLUDE_DIRS: /usr/include/python3.8
[0.542s] -- Using PYTHON_LIBRARIES: /usr/lib/x86_64-linux-gnu/libpython3.8.so
[0.556s] -- Added test 'copyright' to check source files copyright and LICENSE
[0.572s] -- Added test 'lint_cmake' to check CMake code style
[0.578s] -- Added test 'xmllint' to check XML markup files
[0.583s] -- Configuring done
[0.609s] -- Generating done
[0.611s] -- Build files have been written to: /home/anthonykpinson/microros_ws/build/micro_ros_msgs
[0.615s] Invoked command in '/home/anthonykpinson/microros_ws/build/micro_ros_msgs' returned '0': CMAKE_PREFIX_PATH=/opt/ros/foxy:${CMAKE_PREFIX_PATH} /usr/bin/cmake /home/anthonykpinson/microros_ws/src/uros/micro_ros_msgs -DCMAKE_INSTALL_PREFIX=/home/anthonykpinson/microros_ws/install/micro_ros_msgs
[0.617s] Invoking command in '/home/anthonykpinson/microros_ws/build/micro_ros_msgs': CMAKE_PREFIX_PATH=/opt/ros/foxy:${CMAKE_PREFIX_PATH} /usr/bin/cmake --build /home/anthonykpinson/microros_ws/build/micro_ros_msgs -- -j20 -l20
[0.660s] [  2%] Built target micro_ros_msgs__cpp
[0.661s] [ 12%] Built target micro_ros_msgs__rosidl_generator_c
[0.675s] [ 23%] Built target micro_ros_msgs__rosidl_typesupport_introspection_cpp
[0.675s] [ 34%] Built target micro_ros_msgs__rosidl_typesupport_cpp
[0.675s] [ 44%] Built target micro_ros_msgs__rosidl_typesupport_c
[0.676s] [ 55%] Built target micro_ros_msgs__rosidl_typesupport_introspection_c
[0.677s] [ 65%] Built target micro_ros_msgs__rosidl_typesupport_fastrtps_cpp
[0.694s] [ 76%] Built target micro_ros_msgs__rosidl_typesupport_fastrtps_c
[0.710s] [ 76%] Built target micro_ros_msgs
[0.729s] [ 78%] Built target micro_ros_msgs__py
[0.761s] [ 87%] Built target micro_ros_msgs__python
[0.787s] [ 91%] Built target micro_ros_msgs__rosidl_typesupport_c__pyext
[0.787s] [ 95%] Built target micro_ros_msgs__rosidl_typesupport_introspection_c__pyext
[0.788s] [100%] Built target micro_ros_msgs__rosidl_typesupport_fastrtps_c__pyext
[0.796s] Invoked command in '/home/anthonykpinson/microros_ws/build/micro_ros_msgs' returned '0': CMAKE_PREFIX_PATH=/opt/ros/foxy:${CMAKE_PREFIX_PATH} /usr/bin/cmake --build /home/anthonykpinson/microros_ws/build/micro_ros_msgs -- -j20 -l20
[0.890s] Invoking command in '/home/anthonykpinson/microros_ws/build/micro_ros_msgs': CMAKE_PREFIX_PATH=/opt/ros/foxy:${CMAKE_PREFIX_PATH} /usr/bin/cmake --install /home/anthonykpinson/microros_ws/build/micro_ros_msgs
[0.900s] -- Install configuration: ""
[0.900s] -- Up-to-date: /home/anthonykpinson/microros_ws/install/micro_ros_msgs/share/ament_index/resource_index/rosidl_interfaces/micro_ros_msgs
[0.901s] -- Up-to-date: /home/anthonykpinson/microros_ws/install/micro_ros_msgs/include/micro_ros_msgs
[0.901s] -- Up-to-date: /home/anthonykpinson/microros_ws/install/micro_ros_msgs/include/micro_ros_msgs/msg
[0.901s] -- Up-to-date: /home/anthonykpinson/microros_ws/install/micro_ros_msgs/include/micro_ros_msgs/msg/node.h
[0.901s] -- Up-to-date: /home/anthonykpinson/microros_ws/install/micro_ros_msgs/include/micro_ros_msgs/msg/rosidl_generator_c__visibility_control.h
[0.901s] -- Up-to-date: /home/anthonykpinson/microros_ws/install/micro_ros_msgs/include/micro_ros_msgs/msg/entity.h
[0.901s] -- Up-to-date: /home/anthonykpinson/microros_ws/install/micro_ros_msgs/include/micro_ros_msgs/msg/detail
[0.901s] -- Up-to-date: /home/anthonykpinson/microros_ws/install/micro_ros_msgs/include/micro_ros_msgs/msg/detail/graph__functions.c
[0.902s] -- Up-to-date: /home/anthonykpinson/microros_ws/install/micro_ros_msgs/include/micro_ros_msgs/msg/detail/node__functions.h
[0.902s] -- Up-to-date: /home/anthonykpinson/microros_ws/install/micro_ros_msgs/include/micro_ros_msgs/msg/detail/entity__struct.h
[0.902s] -- Up-to-date: /home/anthonykpinson/microros_ws/install/micro_ros_msgs/include/micro_ros_msgs/msg/detail/entity__functions.c
[0.902s] -- Up-to-date: /home/anthonykpinson/microros_ws/install/micro_ros_msgs/include/micro_ros_msgs/msg/detail/node__functions.c
[0.902s] -- Up-to-date: /home/anthonykpinson/microros_ws/install/micro_ros_msgs/include/micro_ros_msgs/msg/detail/node__struct.h
[0.902s] -- Up-to-date: /home/anthonykpinson/microros_ws/install/micro_ros_msgs/include/micro_ros_msgs/msg/detail/entity__functions.h
[0.902s] -- Up-to-date: /home/anthonykpinson/microros_ws/install/micro_ros_msgs/include/micro_ros_msgs/msg/detail/node__type_support.h
[0.902s] -- Up-to-date: /home/anthonykpinson/microros_ws/install/micro_ros_msgs/include/micro_ros_msgs/msg/detail/graph__struct.h
[0.902s] -- Up-to-date: /home/anthonykpinson/microros_ws/install/micro_ros_msgs/include/micro_ros_msgs/msg/detail/entity__type_support.h
[0.902s] -- Up-to-date: /home/anthonykpinson/microros_ws/install/micro_ros_msgs/include/micro_ros_msgs/msg/detail/graph__functions.h
[0.902s] -- Up-to-date: /home/anthonykpinson/microros_ws/install/micro_ros_msgs/include/micro_ros_msgs/msg/detail/graph__type_support.h
[0.902s] -- Up-to-date: /home/anthonykpinson/microros_ws/install/micro_ros_msgs/include/micro_ros_msgs/msg/graph.h
[0.902s] -- Up-to-date: /home/anthonykpinson/microros_ws/install/micro_ros_msgs/share/micro_ros_msgs/environment/library_path.sh
[0.902s] -- Installing: /home/anthonykpinson/microros_ws/install/micro_ros_msgs/share/micro_ros_msgs/environment/library_path.dsv
[0.903s] -- Up-to-date: /home/anthonykpinson/microros_ws/install/micro_ros_msgs/lib/libmicro_ros_msgs__rosidl_generator_c.so
[0.903s] -- Up-to-date: /home/anthonykpinson/microros_ws/install/micro_ros_msgs/include/micro_ros_msgs
[0.903s] -- Up-to-date: /home/anthonykpinson/microros_ws/install/micro_ros_msgs/include/micro_ros_msgs/msg
[0.903s] -- Up-to-date: /home/anthonykpinson/microros_ws/install/micro_ros_msgs/include/micro_ros_msgs/msg/rosidl_typesupport_fastrtps_c__visibility_control.h
[0.903s] -- Up-to-date: /home/anthonykpinson/microros_ws/install/micro_ros_msgs/include/micro_ros_msgs/msg/detail
[0.903s] -- Up-to-date: /home/anthonykpinson/microros_ws/install/micro_ros_msgs/include/micro_ros_msgs/msg/detail/node__rosidl_typesupport_fastrtps_c.h
[0.903s] -- Up-to-date: /home/anthonykpinson/microros_ws/install/micro_ros_msgs/include/micro_ros_msgs/msg/detail/entity__rosidl_typesupport_fastrtps_c.h
[0.903s] -- Up-to-date: /home/anthonykpinson/microros_ws/install/micro_ros_msgs/include/micro_ros_msgs/msg/detail/graph__rosidl_typesupport_fastrtps_c.h
[0.903s] -- Up-to-date: /home/anthonykpinson/microros_ws/install/micro_ros_msgs/lib/libmicro_ros_msgs__rosidl_typesupport_fastrtps_c.so
[0.903s] -- Up-to-date: /home/anthonykpinson/microros_ws/install/micro_ros_msgs/include/micro_ros_msgs
[0.903s] -- Up-to-date: /home/anthonykpinson/microros_ws/install/micro_ros_msgs/include/micro_ros_msgs/msg
[0.903s] -- Up-to-date: /home/anthonykpinson/microros_ws/install/micro_ros_msgs/include/micro_ros_msgs/msg/detail
[0.903s] -- Up-to-date: /home/anthonykpinson/microros_ws/install/micro_ros_msgs/include/micro_ros_msgs/msg/detail/entity__rosidl_typesupport_fastrtps_cpp.hpp
[0.904s] -- Up-to-date: /home/anthonykpinson/microros_ws/install/micro_ros_msgs/include/micro_ros_msgs/msg/detail/dds_fastrtps
[0.904s] -- Up-to-date: /home/anthonykpinson/microros_ws/install/micro_ros_msgs/include/micro_ros_msgs/msg/detail/graph__rosidl_typesupport_fastrtps_cpp.hpp
[0.904s] -- Up-to-date: /home/anthonykpinson/microros_ws/install/micro_ros_msgs/include/micro_ros_msgs/msg/detail/node__rosidl_typesupport_fastrtps_cpp.hpp
[0.904s] -- Up-to-date: /home/anthonykpinson/microros_ws/install/micro_ros_msgs/include/micro_ros_msgs/msg/rosidl_typesupport_fastrtps_cpp__visibility_control.h
[0.904s] -- Up-to-date: /home/anthonykpinson/microros_ws/install/micro_ros_msgs/lib/libmicro_ros_msgs__rosidl_typesupport_fastrtps_cpp.so
[0.904s] -- Up-to-date: /home/anthonykpinson/microros_ws/install/micro_ros_msgs/include/micro_ros_msgs
[0.904s] -- Up-to-date: /home/anthonykpinson/microros_ws/install/micro_ros_msgs/include/micro_ros_msgs/msg
[0.904s] -- Up-to-date: /home/anthonykpinson/microros_ws/install/micro_ros_msgs/include/micro_ros_msgs/msg/detail
[0.904s] -- Up-to-date: /home/anthonykpinson/microros_ws/install/micro_ros_msgs/include/micro_ros_msgs/msg/detail/graph__type_support.c
[0.904s] -- Up-to-date: /home/anthonykpinson/microros_ws/install/micro_ros_msgs/include/micro_ros_msgs/msg/detail/entity__rosidl_typesupport_introspection_c.h
[0.904s] -- Up-to-date: /home/anthonykpinson/microros_ws/install/micro_ros_msgs/include/micro_ros_msgs/msg/detail/entity__type_support.c
[0.904s] -- Up-to-date: /home/anthonykpinson/microros_ws/install/micro_ros_msgs/include/micro_ros_msgs/msg/detail/graph__rosidl_typesupport_introspection_c.h
[0.905s] -- Up-to-date: /home/anthonykpinson/microros_ws/install/micro_ros_msgs/include/micro_ros_msgs/msg/detail/node__type_support.c
[0.905s] -- Up-to-date: /home/anthonykpinson/microros_ws/install/micro_ros_msgs/include/micro_ros_msgs/msg/detail/node__rosidl_typesupport_introspection_c.h
[0.905s] -- Up-to-date: /home/anthonykpinson/microros_ws/install/micro_ros_msgs/include/micro_ros_msgs/msg/rosidl_typesupport_introspection_c__visibility_control.h
[0.905s] -- Up-to-date: /home/anthonykpinson/microros_ws/install/micro_ros_msgs/lib/libmicro_ros_msgs__rosidl_typesupport_introspection_c.so
[0.905s] -- Up-to-date: /home/anthonykpinson/microros_ws/install/micro_ros_msgs/lib/libmicro_ros_msgs__rosidl_typesupport_c.so
[0.905s] -- Up-to-date: /home/anthonykpinson/microros_ws/install/micro_ros_msgs/include/micro_ros_msgs
[0.905s] -- Up-to-date: /home/anthonykpinson/microros_ws/install/micro_ros_msgs/include/micro_ros_msgs/msg
[0.905s] -- Up-to-date: /home/anthonykpinson/microros_ws/install/micro_ros_msgs/include/micro_ros_msgs/msg/entity.hpp
[0.906s] -- Up-to-date: /home/anthonykpinson/microros_ws/install/micro_ros_msgs/include/micro_ros_msgs/msg/rosidl_generator_cpp__visibility_control.hpp
[0.906s] -- Up-to-date: /home/anthonykpinson/microros_ws/install/micro_ros_msgs/include/micro_ros_msgs/msg/node.hpp
[0.906s] -- Up-to-date: /home/anthonykpinson/microros_ws/install/micro_ros_msgs/include/micro_ros_msgs/msg/detail
[0.906s] -- Up-to-date: /home/anthonykpinson/microros_ws/install/micro_ros_msgs/include/micro_ros_msgs/msg/detail/entity__traits.hpp
[0.906s] -- Up-to-date: /home/anthonykpinson/microros_ws/install/micro_ros_msgs/include/micro_ros_msgs/msg/detail/graph__type_support.hpp
[0.906s] -- Up-to-date: /home/anthonykpinson/microros_ws/install/micro_ros_msgs/include/micro_ros_msgs/msg/detail/graph__builder.hpp
[0.906s] -- Up-to-date: /home/anthonykpinson/microros_ws/install/micro_ros_msgs/include/micro_ros_msgs/msg/detail/node__type_support.hpp
[0.906s] -- Up-to-date: /home/anthonykpinson/microros_ws/install/micro_ros_msgs/include/micro_ros_msgs/msg/detail/entity__builder.hpp
[0.906s] -- Up-to-date: /home/anthonykpinson/microros_ws/install/micro_ros_msgs/include/micro_ros_msgs/msg/detail/node__struct.hpp
[0.906s] -- Up-to-date: /home/anthonykpinson/microros_ws/install/micro_ros_msgs/include/micro_ros_msgs/msg/detail/node__traits.hpp
[0.906s] -- Up-to-date: /home/anthonykpinson/microros_ws/install/micro_ros_msgs/include/micro_ros_msgs/msg/detail/graph__struct.hpp
[0.906s] -- Up-to-date: /home/anthonykpinson/microros_ws/install/micro_ros_msgs/include/micro_ros_msgs/msg/detail/graph__traits.hpp
[0.906s] -- Up-to-date: /home/anthonykpinson/microros_ws/install/micro_ros_msgs/include/micro_ros_msgs/msg/detail/entity__struct.hpp
[0.907s] -- Up-to-date: /home/anthonykpinson/microros_ws/install/micro_ros_msgs/include/micro_ros_msgs/msg/detail/entity__type_support.hpp
[0.907s] -- Up-to-date: /home/anthonykpinson/microros_ws/install/micro_ros_msgs/include/micro_ros_msgs/msg/detail/node__builder.hpp
[0.907s] -- Up-to-date: /home/anthonykpinson/microros_ws/install/micro_ros_msgs/include/micro_ros_msgs/msg/graph.hpp
[0.907s] -- Up-to-date: /home/anthonykpinson/microros_ws/install/micro_ros_msgs/include/micro_ros_msgs
[0.907s] -- Up-to-date: /home/anthonykpinson/microros_ws/install/micro_ros_msgs/include/micro_ros_msgs/msg
[0.907s] -- Up-to-date: /home/anthonykpinson/microros_ws/install/micro_ros_msgs/include/micro_ros_msgs/msg/detail
[0.907s] -- Up-to-date: /home/anthonykpinson/microros_ws/install/micro_ros_msgs/include/micro_ros_msgs/msg/detail/graph__type_support.cpp
[0.907s] -- Up-to-date: /home/anthonykpinson/microros_ws/install/micro_ros_msgs/include/micro_ros_msgs/msg/detail/entity__type_support.cpp
[0.907s] -- Up-to-date: /home/anthonykpinson/microros_ws/install/micro_ros_msgs/include/micro_ros_msgs/msg/detail/node__type_support.cpp
[0.907s] -- Up-to-date: /home/anthonykpinson/microros_ws/install/micro_ros_msgs/include/micro_ros_msgs/msg/detail/entity__rosidl_typesupport_introspection_cpp.hpp
[0.907s] -- Up-to-date: /home/anthonykpinson/microros_ws/install/micro_ros_msgs/include/micro_ros_msgs/msg/detail/node__rosidl_typesupport_introspection_cpp.hpp
[0.907s] -- Up-to-date: /home/anthonykpinson/microros_ws/install/micro_ros_msgs/include/micro_ros_msgs/msg/detail/graph__rosidl_typesupport_introspection_cpp.hpp
[0.907s] -- Up-to-date: /home/anthonykpinson/microros_ws/install/micro_ros_msgs/lib/libmicro_ros_msgs__rosidl_typesupport_introspection_cpp.so
[0.907s] -- Up-to-date: /home/anthonykpinson/microros_ws/install/micro_ros_msgs/lib/libmicro_ros_msgs__rosidl_typesupport_cpp.so
[0.908s] -- Up-to-date: /home/anthonykpinson/microros_ws/install/micro_ros_msgs/share/micro_ros_msgs/environment/pythonpath.sh
[0.908s] -- Installing: /home/anthonykpinson/microros_ws/install/micro_ros_msgs/share/micro_ros_msgs/environment/pythonpath.dsv
[0.908s] -- Installing: /home/anthonykpinson/microros_ws/install/micro_ros_msgs/lib/python3.8/site-packages/micro_ros_msgs/__init__.py
[0.938s] Compiling '/home/anthonykpinson/microros_ws/install/micro_ros_msgs/lib/python3.8/site-packages/micro_ros_msgs/__init__.py'...
[0.941s] -- Up-to-date: /home/anthonykpinson/microros_ws/install/micro_ros_msgs/lib/python3.8/site-packages/micro_ros_msgs/msg
[0.941s] -- Up-to-date: /home/anthonykpinson/microros_ws/install/micro_ros_msgs/lib/python3.8/site-packages/micro_ros_msgs/msg/_graph_s.c
[0.941s] -- Up-to-date: /home/anthonykpinson/microros_ws/install/micro_ros_msgs/lib/python3.8/site-packages/micro_ros_msgs/msg/_entity.py
[0.941s] -- Up-to-date: /home/anthonykpinson/microros_ws/install/micro_ros_msgs/lib/python3.8/site-packages/micro_ros_msgs/msg/_node.py
[0.941s] -- Up-to-date: /home/anthonykpinson/microros_ws/install/micro_ros_msgs/lib/python3.8/site-packages/micro_ros_msgs/msg/_node_s.c
[0.941s] -- Up-to-date: /home/anthonykpinson/microros_ws/install/micro_ros_msgs/lib/python3.8/site-packages/micro_ros_msgs/msg/_graph.py
[0.941s] -- Up-to-date: /home/anthonykpinson/microros_ws/install/micro_ros_msgs/lib/python3.8/site-packages/micro_ros_msgs/msg/__init__.py
[0.941s] -- Up-to-date: /home/anthonykpinson/microros_ws/install/micro_ros_msgs/lib/python3.8/site-packages/micro_ros_msgs/msg/_entity_s.c
[0.941s] -- Up-to-date: /home/anthonykpinson/microros_ws/install/micro_ros_msgs/lib/python3.8/site-packages/micro_ros_msgs/micro_ros_msgs_s__rosidl_typesupport_fastrtps_c.cpython-38-x86_64-linux-gnu.so
[0.942s] -- Up-to-date: /home/anthonykpinson/microros_ws/install/micro_ros_msgs/lib/python3.8/site-packages/micro_ros_msgs/micro_ros_msgs_s__rosidl_typesupport_introspection_c.cpython-38-x86_64-linux-gnu.so
[0.942s] -- Up-to-date: /home/anthonykpinson/microros_ws/install/micro_ros_msgs/lib/python3.8/site-packages/micro_ros_msgs/micro_ros_msgs_s__rosidl_typesupport_c.cpython-38-x86_64-linux-gnu.so
[0.943s] -- Up-to-date: /home/anthonykpinson/microros_ws/install/micro_ros_msgs/lib/libmicro_ros_msgs__python.so
[0.943s] -- Up-to-date: /home/anthonykpinson/microros_ws/install/micro_ros_msgs/share/micro_ros_msgs/msg/Graph.idl
[0.943s] -- Up-to-date: /home/anthonykpinson/microros_ws/install/micro_ros_msgs/share/micro_ros_msgs/msg/Node.idl
[0.943s] -- Up-to-date: /home/anthonykpinson/microros_ws/install/micro_ros_msgs/share/micro_ros_msgs/msg/Entity.idl
[0.943s] -- Up-to-date: /home/anthonykpinson/microros_ws/install/micro_ros_msgs/share/micro_ros_msgs/msg/Graph.msg
[0.943s] -- Up-to-date: /home/anthonykpinson/microros_ws/install/micro_ros_msgs/share/micro_ros_msgs/msg/Node.msg
[0.943s] -- Up-to-date: /home/anthonykpinson/microros_ws/install/micro_ros_msgs/share/micro_ros_msgs/msg/Entity.msg
[0.943s] -- Up-to-date: /home/anthonykpinson/microros_ws/install/micro_ros_msgs/share/ament_index/resource_index/package_run_dependencies/micro_ros_msgs
[0.943s] -- Installing: /home/anthonykpinson/microros_ws/install/micro_ros_msgs/share/ament_index/resource_index/parent_prefix_path/micro_ros_msgs
[0.943s] -- Up-to-date: /home/anthonykpinson/microros_ws/install/micro_ros_msgs/share/micro_ros_msgs/environment/ament_prefix_path.sh
[0.943s] -- Installing: /home/anthonykpinson/microros_ws/install/micro_ros_msgs/share/micro_ros_msgs/environment/ament_prefix_path.dsv
[0.943s] -- Up-to-date: /home/anthonykpinson/microros_ws/install/micro_ros_msgs/share/micro_ros_msgs/environment/path.sh
[0.943s] -- Installing: /home/anthonykpinson/microros_ws/install/micro_ros_msgs/share/micro_ros_msgs/environment/path.dsv
[0.944s] -- Up-to-date: /home/anthonykpinson/microros_ws/install/micro_ros_msgs/share/micro_ros_msgs/local_setup.bash
[0.944s] -- Up-to-date: /home/anthonykpinson/microros_ws/install/micro_ros_msgs/share/micro_ros_msgs/local_setup.sh
[0.944s] -- Up-to-date: /home/anthonykpinson/microros_ws/install/micro_ros_msgs/share/micro_ros_msgs/local_setup.zsh
[0.944s] -- Installing: /home/anthonykpinson/microros_ws/install/micro_ros_msgs/share/micro_ros_msgs/local_setup.dsv
[0.944s] -- Installing: /home/anthonykpinson/microros_ws/install/micro_ros_msgs/share/micro_ros_msgs/package.dsv
[0.944s] -- Up-to-date: /home/anthonykpinson/microros_ws/install/micro_ros_msgs/share/ament_index/resource_index/packages/micro_ros_msgs
[0.944s] -- Up-to-date: /home/anthonykpinson/microros_ws/install/micro_ros_msgs/share/micro_ros_msgs/cmake/micro_ros_msgs__rosidl_generator_cExport.cmake
[0.944s] -- Installing: /home/anthonykpinson/microros_ws/install/micro_ros_msgs/share/micro_ros_msgs/cmake/micro_ros_msgs__rosidl_generator_cExport-noconfig.cmake
[0.944s] -- Up-to-date: /home/anthonykpinson/microros_ws/install/micro_ros_msgs/share/micro_ros_msgs/cmake/micro_ros_msgs__rosidl_typesupport_introspection_cExport.cmake
[0.944s] -- Installing: /home/anthonykpinson/microros_ws/install/micro_ros_msgs/share/micro_ros_msgs/cmake/micro_ros_msgs__rosidl_typesupport_introspection_cExport-noconfig.cmake
[0.944s] -- Up-to-date: /home/anthonykpinson/microros_ws/install/micro_ros_msgs/share/micro_ros_msgs/cmake/micro_ros_msgs__rosidl_typesupport_cExport.cmake
[0.944s] -- Installing: /home/anthonykpinson/microros_ws/install/micro_ros_msgs/share/micro_ros_msgs/cmake/micro_ros_msgs__rosidl_typesupport_cExport-noconfig.cmake
[0.944s] -- Up-to-date: /home/anthonykpinson/microros_ws/install/micro_ros_msgs/share/micro_ros_msgs/cmake/micro_ros_msgs__rosidl_generator_cppExport.cmake
[0.945s] -- Up-to-date: /home/anthonykpinson/microros_ws/install/micro_ros_msgs/share/micro_ros_msgs/cmake/micro_ros_msgs__rosidl_typesupport_introspection_cppExport.cmake
[0.945s] -- Installing: /home/anthonykpinson/microros_ws/install/micro_ros_msgs/share/micro_ros_msgs/cmake/micro_ros_msgs__rosidl_typesupport_introspection_cppExport-noconfig.cmake
[0.945s] -- Up-to-date: /home/anthonykpinson/microros_ws/install/micro_ros_msgs/share/micro_ros_msgs/cmake/micro_ros_msgs__rosidl_typesupport_cppExport.cmake
[0.945s] -- Installing: /home/anthonykpinson/microros_ws/install/micro_ros_msgs/share/micro_ros_msgs/cmake/micro_ros_msgs__rosidl_typesupport_cppExport-noconfig.cmake
[0.945s] -- Up-to-date: /home/anthonykpinson/microros_ws/install/micro_ros_msgs/share/micro_ros_msgs/cmake/rosidl_cmake-extras.cmake
[0.945s] -- Up-to-date: /home/anthonykpinson/microros_ws/install/micro_ros_msgs/share/micro_ros_msgs/cmake/ament_cmake_export_dependencies-extras.cmake
[0.945s] -- Up-to-date: /home/anthonykpinson/microros_ws/install/micro_ros_msgs/share/micro_ros_msgs/cmake/ament_cmake_export_libraries-extras.cmake
[0.945s] -- Up-to-date: /home/anthonykpinson/microros_ws/install/micro_ros_msgs/share/micro_ros_msgs/cmake/ament_cmake_export_targets-extras.cmake
[0.945s] -- Up-to-date: /home/anthonykpinson/microros_ws/install/micro_ros_msgs/share/micro_ros_msgs/cmake/ament_cmake_export_include_directories-extras.cmake
[0.945s] -- Up-to-date: /home/anthonykpinson/microros_ws/install/micro_ros_msgs/share/micro_ros_msgs/cmake/rosidl_cmake_export_typesupport_libraries-extras.cmake
[0.945s] -- Up-to-date: /home/anthonykpinson/microros_ws/install/micro_ros_msgs/share/micro_ros_msgs/cmake/rosidl_cmake_export_typesupport_targets-extras.cmake
[0.945s] -- Up-to-date: /home/anthonykpinson/microros_ws/install/micro_ros_msgs/share/micro_ros_msgs/cmake/micro_ros_msgsConfig.cmake
[0.945s] -- Up-to-date: /home/anthonykpinson/microros_ws/install/micro_ros_msgs/share/micro_ros_msgs/cmake/micro_ros_msgsConfig-version.cmake
[0.945s] -- Up-to-date: /home/anthonykpinson/microros_ws/install/micro_ros_msgs/share/micro_ros_msgs/package.xml
[0.947s] Invoked command in '/home/anthonykpinson/microros_ws/build/micro_ros_msgs' returned '0': CMAKE_PREFIX_PATH=/opt/ros/foxy:${CMAKE_PREFIX_PATH} /usr/bin/cmake --install /home/anthonykpinson/microros_ws/build/micro_ros_msgs
